ARM GAS  C:\Users\Admin\AppData\Local\Temp\ccCFYQam.s 			page 1


   1              		.syntax unified
   2              		.cpu cortex-m0
   3              		.fpu softvfp
   4              		.eabi_attribute 20, 1
   5              		.eabi_attribute 21, 1
   6              		.eabi_attribute 23, 3
   7              		.eabi_attribute 24, 1
   8              		.eabi_attribute 25, 1
   9              		.eabi_attribute 26, 1
  10              		.eabi_attribute 30, 1
  11              		.eabi_attribute 34, 0
  12              		.eabi_attribute 18, 4
  13              		.thumb
  14              		.syntax unified
  15              		.file	"cyfitter_cfg.c"
  16              		.text
  17              	.Ltext0:
  18              		.cfi_sections	.debug_frame
  19              		.section	.text.cfg_write_bytes32,"ax",%progbits
  20              		.align	2
  21              		.code	16
  22              		.thumb_func
  23              		.type	cfg_write_bytes32, %function
  24              	cfg_write_bytes32:
  25              	.LFB4:
  26              		.file 1 "Generated_Source\\PSoC4\\cyfitter_cfg.c"
   1:Generated_Source\PSoC4/cyfitter_cfg.c **** 
   2:Generated_Source\PSoC4/cyfitter_cfg.c **** /*******************************************************************************
   3:Generated_Source\PSoC4/cyfitter_cfg.c **** * File Name: cyfitter_cfg.c
   4:Generated_Source\PSoC4/cyfitter_cfg.c **** * 
   5:Generated_Source\PSoC4/cyfitter_cfg.c **** * PSoC Creator  4.4
   6:Generated_Source\PSoC4/cyfitter_cfg.c **** *
   7:Generated_Source\PSoC4/cyfitter_cfg.c **** * Description:
   8:Generated_Source\PSoC4/cyfitter_cfg.c **** * This file contains device initialization code.
   9:Generated_Source\PSoC4/cyfitter_cfg.c **** * Except for the user defined sections in CyClockStartupError(), this file should not be modified.
  10:Generated_Source\PSoC4/cyfitter_cfg.c **** * This file is automatically generated by PSoC Creator.
  11:Generated_Source\PSoC4/cyfitter_cfg.c **** *
  12:Generated_Source\PSoC4/cyfitter_cfg.c **** ********************************************************************************
  13:Generated_Source\PSoC4/cyfitter_cfg.c **** * Copyright (c) 2007-2020 Cypress Semiconductor.  All rights reserved.
  14:Generated_Source\PSoC4/cyfitter_cfg.c **** * You may use this file only in accordance with the license, terms, conditions, 
  15:Generated_Source\PSoC4/cyfitter_cfg.c **** * disclaimers, and limitations in the end user license agreement accompanying 
  16:Generated_Source\PSoC4/cyfitter_cfg.c **** * the software package with which this file was provided.
  17:Generated_Source\PSoC4/cyfitter_cfg.c **** ********************************************************************************/
  18:Generated_Source\PSoC4/cyfitter_cfg.c **** 
  19:Generated_Source\PSoC4/cyfitter_cfg.c **** #include <string.h>
  20:Generated_Source\PSoC4/cyfitter_cfg.c **** #include "cytypes.h"
  21:Generated_Source\PSoC4/cyfitter_cfg.c **** #include "cydevice_trm.h"
  22:Generated_Source\PSoC4/cyfitter_cfg.c **** #include "cyfitter.h"
  23:Generated_Source\PSoC4/cyfitter_cfg.c **** #include "CyLib.h"
  24:Generated_Source\PSoC4/cyfitter_cfg.c **** #include "CyLFClk.h"
  25:Generated_Source\PSoC4/cyfitter_cfg.c **** #include "cyfitter_cfg.h"
  26:Generated_Source\PSoC4/cyfitter_cfg.c **** #include "cyapicallbacks.h"
  27:Generated_Source\PSoC4/cyfitter_cfg.c **** 
  28:Generated_Source\PSoC4/cyfitter_cfg.c **** 
  29:Generated_Source\PSoC4/cyfitter_cfg.c **** #if defined(__GNUC__) || defined(__ARMCC_VERSION)
  30:Generated_Source\PSoC4/cyfitter_cfg.c ****     #define CYPACKED 
  31:Generated_Source\PSoC4/cyfitter_cfg.c ****     #define CYPACKED_ATTR __attribute__ ((packed))
ARM GAS  C:\Users\Admin\AppData\Local\Temp\ccCFYQam.s 			page 2


  32:Generated_Source\PSoC4/cyfitter_cfg.c ****     #define CYALIGNED __attribute__ ((aligned))
  33:Generated_Source\PSoC4/cyfitter_cfg.c ****     #define CY_CFG_UNUSED __attribute__ ((unused))
  34:Generated_Source\PSoC4/cyfitter_cfg.c ****     #ifndef CY_CFG_SECTION
  35:Generated_Source\PSoC4/cyfitter_cfg.c ****         #define CY_CFG_SECTION __attribute__ ((section(".psocinit")))
  36:Generated_Source\PSoC4/cyfitter_cfg.c ****     #endif
  37:Generated_Source\PSoC4/cyfitter_cfg.c ****     
  38:Generated_Source\PSoC4/cyfitter_cfg.c ****     #if defined(__ARMCC_VERSION)
  39:Generated_Source\PSoC4/cyfitter_cfg.c ****         #define CY_CFG_MEMORY_BARRIER() __memory_changed()
  40:Generated_Source\PSoC4/cyfitter_cfg.c ****     #else
  41:Generated_Source\PSoC4/cyfitter_cfg.c ****         #define CY_CFG_MEMORY_BARRIER() __sync_synchronize()
  42:Generated_Source\PSoC4/cyfitter_cfg.c ****     #endif
  43:Generated_Source\PSoC4/cyfitter_cfg.c ****     
  44:Generated_Source\PSoC4/cyfitter_cfg.c **** #elif defined(__ICCARM__)
  45:Generated_Source\PSoC4/cyfitter_cfg.c ****     #include <intrinsics.h>
  46:Generated_Source\PSoC4/cyfitter_cfg.c **** 
  47:Generated_Source\PSoC4/cyfitter_cfg.c ****     #define CYPACKED __packed
  48:Generated_Source\PSoC4/cyfitter_cfg.c ****     #define CYPACKED_ATTR 
  49:Generated_Source\PSoC4/cyfitter_cfg.c ****     #define CYALIGNED _Pragma("data_alignment=4")
  50:Generated_Source\PSoC4/cyfitter_cfg.c ****     #define CY_CFG_UNUSED _Pragma("diag_suppress=Pe177")
  51:Generated_Source\PSoC4/cyfitter_cfg.c ****     #define CY_CFG_SECTION _Pragma("location=\".psocinit\"")
  52:Generated_Source\PSoC4/cyfitter_cfg.c ****     
  53:Generated_Source\PSoC4/cyfitter_cfg.c ****     #define CY_CFG_MEMORY_BARRIER() __DMB()
  54:Generated_Source\PSoC4/cyfitter_cfg.c ****     
  55:Generated_Source\PSoC4/cyfitter_cfg.c **** #else
  56:Generated_Source\PSoC4/cyfitter_cfg.c ****     #error Unsupported toolchain
  57:Generated_Source\PSoC4/cyfitter_cfg.c **** #endif
  58:Generated_Source\PSoC4/cyfitter_cfg.c **** 
  59:Generated_Source\PSoC4/cyfitter_cfg.c **** #ifndef CYCODE
  60:Generated_Source\PSoC4/cyfitter_cfg.c ****     #define CYCODE
  61:Generated_Source\PSoC4/cyfitter_cfg.c **** #endif
  62:Generated_Source\PSoC4/cyfitter_cfg.c **** #ifndef CYDATA
  63:Generated_Source\PSoC4/cyfitter_cfg.c ****     #define CYDATA
  64:Generated_Source\PSoC4/cyfitter_cfg.c **** #endif
  65:Generated_Source\PSoC4/cyfitter_cfg.c **** #ifndef CYFAR
  66:Generated_Source\PSoC4/cyfitter_cfg.c ****     #define CYFAR
  67:Generated_Source\PSoC4/cyfitter_cfg.c **** #endif
  68:Generated_Source\PSoC4/cyfitter_cfg.c **** #ifndef CYXDATA
  69:Generated_Source\PSoC4/cyfitter_cfg.c ****     #define CYXDATA
  70:Generated_Source\PSoC4/cyfitter_cfg.c **** #endif
  71:Generated_Source\PSoC4/cyfitter_cfg.c **** 
  72:Generated_Source\PSoC4/cyfitter_cfg.c **** 
  73:Generated_Source\PSoC4/cyfitter_cfg.c **** CY_CFG_UNUSED
  74:Generated_Source\PSoC4/cyfitter_cfg.c **** static void CYMEMZERO(void *s, size_t n);
  75:Generated_Source\PSoC4/cyfitter_cfg.c **** CY_CFG_UNUSED
  76:Generated_Source\PSoC4/cyfitter_cfg.c **** static void CYMEMZERO(void *s, size_t n)
  77:Generated_Source\PSoC4/cyfitter_cfg.c **** {
  78:Generated_Source\PSoC4/cyfitter_cfg.c **** 	(void)memset(s, 0, n);
  79:Generated_Source\PSoC4/cyfitter_cfg.c **** }
  80:Generated_Source\PSoC4/cyfitter_cfg.c **** CY_CFG_UNUSED
  81:Generated_Source\PSoC4/cyfitter_cfg.c **** static void CYCONFIGCPY(void *dest, const void *src, size_t n);
  82:Generated_Source\PSoC4/cyfitter_cfg.c **** CY_CFG_UNUSED
  83:Generated_Source\PSoC4/cyfitter_cfg.c **** static void CYCONFIGCPY(void *dest, const void *src, size_t n)
  84:Generated_Source\PSoC4/cyfitter_cfg.c **** {
  85:Generated_Source\PSoC4/cyfitter_cfg.c **** 	(void)memcpy(dest, src, n);
  86:Generated_Source\PSoC4/cyfitter_cfg.c **** }
  87:Generated_Source\PSoC4/cyfitter_cfg.c **** CY_CFG_UNUSED
  88:Generated_Source\PSoC4/cyfitter_cfg.c **** static void CYCONFIGCPYCODE(void *dest, const void *src, size_t n);
ARM GAS  C:\Users\Admin\AppData\Local\Temp\ccCFYQam.s 			page 3


  89:Generated_Source\PSoC4/cyfitter_cfg.c **** CY_CFG_UNUSED
  90:Generated_Source\PSoC4/cyfitter_cfg.c **** static void CYCONFIGCPYCODE(void *dest, const void *src, size_t n)
  91:Generated_Source\PSoC4/cyfitter_cfg.c **** {
  92:Generated_Source\PSoC4/cyfitter_cfg.c **** 	(void)memcpy(dest, src, n);
  93:Generated_Source\PSoC4/cyfitter_cfg.c **** }
  94:Generated_Source\PSoC4/cyfitter_cfg.c **** 
  95:Generated_Source\PSoC4/cyfitter_cfg.c **** 
  96:Generated_Source\PSoC4/cyfitter_cfg.c **** 
  97:Generated_Source\PSoC4/cyfitter_cfg.c **** 
  98:Generated_Source\PSoC4/cyfitter_cfg.c **** /* Clock startup error codes                                                   */
  99:Generated_Source\PSoC4/cyfitter_cfg.c **** #define CYCLOCKSTART_NO_ERROR    0u
 100:Generated_Source\PSoC4/cyfitter_cfg.c **** #define CYCLOCKSTART_XTAL_ERROR  1u
 101:Generated_Source\PSoC4/cyfitter_cfg.c **** #define CYCLOCKSTART_32KHZ_ERROR 2u
 102:Generated_Source\PSoC4/cyfitter_cfg.c **** #define CYCLOCKSTART_PLL_ERROR   3u
 103:Generated_Source\PSoC4/cyfitter_cfg.c **** #define CYCLOCKSTART_FLL_ERROR   4u
 104:Generated_Source\PSoC4/cyfitter_cfg.c **** #define CYCLOCKSTART_WCO_ERROR   5u
 105:Generated_Source\PSoC4/cyfitter_cfg.c **** 
 106:Generated_Source\PSoC4/cyfitter_cfg.c **** 
 107:Generated_Source\PSoC4/cyfitter_cfg.c **** #ifdef CY_NEED_CYCLOCKSTARTUPERROR
 108:Generated_Source\PSoC4/cyfitter_cfg.c **** /*******************************************************************************
 109:Generated_Source\PSoC4/cyfitter_cfg.c **** * Function Name: CyClockStartupError
 110:Generated_Source\PSoC4/cyfitter_cfg.c **** ********************************************************************************
 111:Generated_Source\PSoC4/cyfitter_cfg.c **** * Summary:
 112:Generated_Source\PSoC4/cyfitter_cfg.c **** *  If an error is encountered during clock configuration (crystal startup error,
 113:Generated_Source\PSoC4/cyfitter_cfg.c **** *  PLL lock error, etc.), the system will end up here.  Unless reimplemented by
 114:Generated_Source\PSoC4/cyfitter_cfg.c **** *  the customer, this function will stop in an infinite loop.
 115:Generated_Source\PSoC4/cyfitter_cfg.c **** *
 116:Generated_Source\PSoC4/cyfitter_cfg.c **** * Parameters:
 117:Generated_Source\PSoC4/cyfitter_cfg.c **** *   void
 118:Generated_Source\PSoC4/cyfitter_cfg.c **** *
 119:Generated_Source\PSoC4/cyfitter_cfg.c **** * Return:
 120:Generated_Source\PSoC4/cyfitter_cfg.c **** *   void
 121:Generated_Source\PSoC4/cyfitter_cfg.c **** *
 122:Generated_Source\PSoC4/cyfitter_cfg.c **** *******************************************************************************/
 123:Generated_Source\PSoC4/cyfitter_cfg.c **** CY_CFG_UNUSED
 124:Generated_Source\PSoC4/cyfitter_cfg.c **** static void CyClockStartupError(uint8 errorCode);
 125:Generated_Source\PSoC4/cyfitter_cfg.c **** CY_CFG_UNUSED
 126:Generated_Source\PSoC4/cyfitter_cfg.c **** static void CyClockStartupError(uint8 errorCode)
 127:Generated_Source\PSoC4/cyfitter_cfg.c **** {
 128:Generated_Source\PSoC4/cyfitter_cfg.c ****     /* To remove the compiler warning if errorCode not used.                */
 129:Generated_Source\PSoC4/cyfitter_cfg.c ****     errorCode = errorCode;
 130:Generated_Source\PSoC4/cyfitter_cfg.c **** 
 131:Generated_Source\PSoC4/cyfitter_cfg.c ****     /* If we have a clock startup error (bad MHz crystal, PLL lock, etc.),  */
 132:Generated_Source\PSoC4/cyfitter_cfg.c ****     /* we will end up here to allow the customer to implement something to  */
 133:Generated_Source\PSoC4/cyfitter_cfg.c ****     /* deal with the clock condition.                                       */
 134:Generated_Source\PSoC4/cyfitter_cfg.c **** 
 135:Generated_Source\PSoC4/cyfitter_cfg.c **** #ifdef CY_CFG_CLOCK_STARTUP_ERROR_CALLBACK
 136:Generated_Source\PSoC4/cyfitter_cfg.c ****     CY_CFG_Clock_Startup_ErrorCallback();
 137:Generated_Source\PSoC4/cyfitter_cfg.c **** #else
 138:Generated_Source\PSoC4/cyfitter_cfg.c ****     /*  If not using CY_CFG_CLOCK_STARTUP_ERROR_CALLBACK, place your clock startup code here. */
 139:Generated_Source\PSoC4/cyfitter_cfg.c ****     /* `#START CyClockStartupError` */
 140:Generated_Source\PSoC4/cyfitter_cfg.c **** 
 141:Generated_Source\PSoC4/cyfitter_cfg.c **** 
 142:Generated_Source\PSoC4/cyfitter_cfg.c **** 
 143:Generated_Source\PSoC4/cyfitter_cfg.c ****     /* `#END` */
 144:Generated_Source\PSoC4/cyfitter_cfg.c **** 
 145:Generated_Source\PSoC4/cyfitter_cfg.c ****     while(1) {}
ARM GAS  C:\Users\Admin\AppData\Local\Temp\ccCFYQam.s 			page 4


 146:Generated_Source\PSoC4/cyfitter_cfg.c **** #endif /* CY_CFG_CLOCK_STARTUP_ERROR_CALLBACK */
 147:Generated_Source\PSoC4/cyfitter_cfg.c **** }
 148:Generated_Source\PSoC4/cyfitter_cfg.c **** #endif
 149:Generated_Source\PSoC4/cyfitter_cfg.c **** 
 150:Generated_Source\PSoC4/cyfitter_cfg.c **** #define CY_CFG_BASE_ADDR_COUNT 5u
 151:Generated_Source\PSoC4/cyfitter_cfg.c **** CYPACKED typedef struct
 152:Generated_Source\PSoC4/cyfitter_cfg.c **** {
 153:Generated_Source\PSoC4/cyfitter_cfg.c **** 	uint8 offset;
 154:Generated_Source\PSoC4/cyfitter_cfg.c **** 	uint8 value;
 155:Generated_Source\PSoC4/cyfitter_cfg.c **** } CYPACKED_ATTR cy_cfg_addrvalue_t;
 156:Generated_Source\PSoC4/cyfitter_cfg.c **** 
 157:Generated_Source\PSoC4/cyfitter_cfg.c **** 
 158:Generated_Source\PSoC4/cyfitter_cfg.c **** 
 159:Generated_Source\PSoC4/cyfitter_cfg.c **** /*******************************************************************************
 160:Generated_Source\PSoC4/cyfitter_cfg.c **** * Function Name: cfg_write_bytes32
 161:Generated_Source\PSoC4/cyfitter_cfg.c **** ********************************************************************************
 162:Generated_Source\PSoC4/cyfitter_cfg.c **** * Summary:
 163:Generated_Source\PSoC4/cyfitter_cfg.c **** *  This function is used for setting up the chip configuration areas that
 164:Generated_Source\PSoC4/cyfitter_cfg.c **** *  contain relatively sparse data.
 165:Generated_Source\PSoC4/cyfitter_cfg.c **** *
 166:Generated_Source\PSoC4/cyfitter_cfg.c **** * Parameters:
 167:Generated_Source\PSoC4/cyfitter_cfg.c **** *   void
 168:Generated_Source\PSoC4/cyfitter_cfg.c **** *
 169:Generated_Source\PSoC4/cyfitter_cfg.c **** * Return:
 170:Generated_Source\PSoC4/cyfitter_cfg.c **** *   void
 171:Generated_Source\PSoC4/cyfitter_cfg.c **** *
 172:Generated_Source\PSoC4/cyfitter_cfg.c **** *******************************************************************************/
 173:Generated_Source\PSoC4/cyfitter_cfg.c **** static void cfg_write_bytes32(const uint32 addr_table[], const cy_cfg_addrvalue_t data_table[]);
 174:Generated_Source\PSoC4/cyfitter_cfg.c **** static void cfg_write_bytes32(const uint32 addr_table[], const cy_cfg_addrvalue_t data_table[])
 175:Generated_Source\PSoC4/cyfitter_cfg.c **** {
  27              		.loc 1 175 0
  28              		.cfi_startproc
  29              		@ args = 0, pretend = 0, frame = 0
  30              		@ frame_needed = 0, uses_anonymous_args = 0
  31              	.LVL0:
  32 0000 F0B5     		push	{r4, r5, r6, r7, lr}
  33              		.cfi_def_cfa_offset 20
  34              		.cfi_offset 4, -20
  35              		.cfi_offset 5, -16
  36              		.cfi_offset 6, -12
  37              		.cfi_offset 7, -8
  38              		.cfi_offset 14, -4
  39              	.LVL1:
 176:Generated_Source\PSoC4/cyfitter_cfg.c **** 	/* For 32-bit little-endian architectures */
 177:Generated_Source\PSoC4/cyfitter_cfg.c **** 	uint32 i, j = 0u;
  40              		.loc 1 177 0
  41 0002 0025     		movs	r5, #0
 178:Generated_Source\PSoC4/cyfitter_cfg.c **** 	for (i = 0u; i < CY_CFG_BASE_ADDR_COUNT; i++)
  42              		.loc 1 178 0
  43 0004 0027     		movs	r7, #0
  44 0006 11E0     		b	.L2
  45              	.LVL2:
  46              	.L5:
  47              	.LBB2:
 179:Generated_Source\PSoC4/cyfitter_cfg.c **** 	{
 180:Generated_Source\PSoC4/cyfitter_cfg.c **** 		uint32 baseAddr = addr_table[i];
  48              		.loc 1 180 0
ARM GAS  C:\Users\Admin\AppData\Local\Temp\ccCFYQam.s 			page 5


  49 0008 BB00     		lsls	r3, r7, #2
  50 000a C658     		ldr	r6, [r0, r3]
  51              	.LVL3:
 181:Generated_Source\PSoC4/cyfitter_cfg.c **** 		uint8 count = (uint8)baseAddr;
  52              		.loc 1 181 0
  53 000c F3B2     		uxtb	r3, r6
  54              	.LVL4:
 182:Generated_Source\PSoC4/cyfitter_cfg.c **** 		baseAddr &= 0xFFFFFF00u;
  55              		.loc 1 182 0
  56 000e FF22     		movs	r2, #255
  57 0010 9643     		bics	r6, r2
  58              	.LVL5:
 183:Generated_Source\PSoC4/cyfitter_cfg.c **** 		while (count != 0u)
  59              		.loc 1 183 0
  60 0012 08E0     		b	.L3
  61              	.L4:
 184:Generated_Source\PSoC4/cyfitter_cfg.c **** 		{
 185:Generated_Source\PSoC4/cyfitter_cfg.c **** 			CY_SET_REG8((void *)(baseAddr + data_table[j].offset), data_table[j].value);
  62              		.loc 1 185 0
  63 0014 6A00     		lsls	r2, r5, #1
  64 0016 8A18     		adds	r2, r1, r2
  65 0018 1478     		ldrb	r4, [r2]
  66 001a A419     		adds	r4, r4, r6
  67 001c 5278     		ldrb	r2, [r2, #1]
  68 001e 2270     		strb	r2, [r4]
 186:Generated_Source\PSoC4/cyfitter_cfg.c **** 			j++;
  69              		.loc 1 186 0
  70 0020 0135     		adds	r5, r5, #1
  71              	.LVL6:
 187:Generated_Source\PSoC4/cyfitter_cfg.c **** 			count--;
  72              		.loc 1 187 0
  73 0022 013B     		subs	r3, r3, #1
  74              	.LVL7:
  75 0024 DBB2     		uxtb	r3, r3
  76              	.LVL8:
  77              	.L3:
 183:Generated_Source\PSoC4/cyfitter_cfg.c **** 		{
  78              		.loc 1 183 0
  79 0026 002B     		cmp	r3, #0
  80 0028 F4D1     		bne	.L4
  81              	.LBE2:
 178:Generated_Source\PSoC4/cyfitter_cfg.c **** 	{
  82              		.loc 1 178 0 discriminator 2
  83 002a 0137     		adds	r7, r7, #1
  84              	.LVL9:
  85              	.L2:
 178:Generated_Source\PSoC4/cyfitter_cfg.c **** 	{
  86              		.loc 1 178 0 is_stmt 0 discriminator 1
  87 002c 042F     		cmp	r7, #4
  88 002e EBD9     		bls	.L5
 188:Generated_Source\PSoC4/cyfitter_cfg.c **** 		}
 189:Generated_Source\PSoC4/cyfitter_cfg.c **** 	}
 190:Generated_Source\PSoC4/cyfitter_cfg.c **** }
  89              		.loc 1 190 0 is_stmt 1
  90              		@ sp needed
  91              	.LVL10:
  92              	.LVL11:
ARM GAS  C:\Users\Admin\AppData\Local\Temp\ccCFYQam.s 			page 6


  93 0030 F0BD     		pop	{r4, r5, r6, r7, pc}
  94              		.cfi_endproc
  95              	.LFE4:
  96              		.size	cfg_write_bytes32, .-cfg_write_bytes32
  97 0032 C046     		.section	.text.AnalogSetDefault,"ax",%progbits
  98              		.align	2
  99              		.code	16
 100              		.thumb_func
 101              		.type	AnalogSetDefault, %function
 102              	AnalogSetDefault:
 103              	.LFB6:
 191:Generated_Source\PSoC4/cyfitter_cfg.c **** 
 192:Generated_Source\PSoC4/cyfitter_cfg.c **** 
 193:Generated_Source\PSoC4/cyfitter_cfg.c **** /*******************************************************************************
 194:Generated_Source\PSoC4/cyfitter_cfg.c **** * Function Name: ClockSetup
 195:Generated_Source\PSoC4/cyfitter_cfg.c **** ********************************************************************************
 196:Generated_Source\PSoC4/cyfitter_cfg.c **** *
 197:Generated_Source\PSoC4/cyfitter_cfg.c **** * Summary:
 198:Generated_Source\PSoC4/cyfitter_cfg.c **** *   Performs the initialization of all of the clocks in the device based on the
 199:Generated_Source\PSoC4/cyfitter_cfg.c **** *   settings in the Clock tab of the DWR.  This includes enabling the requested
 200:Generated_Source\PSoC4/cyfitter_cfg.c **** *   clocks and setting the necessary dividers to produce the desired frequency. 
 201:Generated_Source\PSoC4/cyfitter_cfg.c **** *
 202:Generated_Source\PSoC4/cyfitter_cfg.c **** * Parameters:
 203:Generated_Source\PSoC4/cyfitter_cfg.c **** *   void
 204:Generated_Source\PSoC4/cyfitter_cfg.c **** *
 205:Generated_Source\PSoC4/cyfitter_cfg.c **** * Return:
 206:Generated_Source\PSoC4/cyfitter_cfg.c **** *   void
 207:Generated_Source\PSoC4/cyfitter_cfg.c **** *
 208:Generated_Source\PSoC4/cyfitter_cfg.c **** *******************************************************************************/
 209:Generated_Source\PSoC4/cyfitter_cfg.c **** static void ClockSetup(void);
 210:Generated_Source\PSoC4/cyfitter_cfg.c **** CY_CFG_SECTION
 211:Generated_Source\PSoC4/cyfitter_cfg.c **** static void ClockSetup(void)
 212:Generated_Source\PSoC4/cyfitter_cfg.c **** {
 213:Generated_Source\PSoC4/cyfitter_cfg.c **** 
 214:Generated_Source\PSoC4/cyfitter_cfg.c **** 	/* Set Flash Cycles based on max possible frequency in case a glitch occurs during ClockSetup(). *
 215:Generated_Source\PSoC4/cyfitter_cfg.c **** 	CY_SET_REG32((void CYXDATA *)(CYREG_CPUSS_FLASH_CTL), (0x0012u));
 216:Generated_Source\PSoC4/cyfitter_cfg.c **** 	/* Setup and trim IMO based on desired frequency. */
 217:Generated_Source\PSoC4/cyfitter_cfg.c **** 	CySysClkWriteImoFreq(48u);
 218:Generated_Source\PSoC4/cyfitter_cfg.c **** 	/* CYDEV_CLK_ILO_CONFIG Starting address: CYDEV_CLK_ILO_CONFIG */
 219:Generated_Source\PSoC4/cyfitter_cfg.c **** 	CY_SET_REG32((void *)(CYREG_CLK_ILO_CONFIG), 0x80000006u);
 220:Generated_Source\PSoC4/cyfitter_cfg.c **** 
 221:Generated_Source\PSoC4/cyfitter_cfg.c **** 
 222:Generated_Source\PSoC4/cyfitter_cfg.c **** 	/* Setup phase aligned clocks */
 223:Generated_Source\PSoC4/cyfitter_cfg.c **** 	CY_SET_REG32((void *)CYREG_PERI_DIV_16_CTL0, 0x00BB7F00u);
 224:Generated_Source\PSoC4/cyfitter_cfg.c **** 	CY_SET_REG32((void *)CYREG_PERI_DIV_CMD, 0x8000FF40u);
 225:Generated_Source\PSoC4/cyfitter_cfg.c **** 
 226:Generated_Source\PSoC4/cyfitter_cfg.c **** 	/* CYDEV_CLK_IMO_CONFIG Starting address: CYDEV_CLK_IMO_CONFIG */
 227:Generated_Source\PSoC4/cyfitter_cfg.c **** 	CY_SET_REG32((void *)(CYREG_CLK_IMO_CONFIG), 0x80000000u);
 228:Generated_Source\PSoC4/cyfitter_cfg.c **** 
 229:Generated_Source\PSoC4/cyfitter_cfg.c **** 	/* CYDEV_CLK_SELECT Starting address: CYDEV_CLK_SELECT */
 230:Generated_Source\PSoC4/cyfitter_cfg.c **** 	CY_SET_REG32((void *)(CYREG_CLK_SELECT), 0x00040000u);
 231:Generated_Source\PSoC4/cyfitter_cfg.c **** 
 232:Generated_Source\PSoC4/cyfitter_cfg.c **** 	/* CYDEV_PERI_PCLK_CTL11 Starting address: CYDEV_PERI_PCLK_CTL11 */
 233:Generated_Source\PSoC4/cyfitter_cfg.c **** 	CY_SET_REG32((void *)(CYREG_PERI_PCLK_CTL11), 0x00000040u);
 234:Generated_Source\PSoC4/cyfitter_cfg.c **** 
 235:Generated_Source\PSoC4/cyfitter_cfg.c **** 	(void)CyIntSetVector(7u, &CySysWdtIsr);
 236:Generated_Source\PSoC4/cyfitter_cfg.c **** 	CyIntEnable(7u);
ARM GAS  C:\Users\Admin\AppData\Local\Temp\ccCFYQam.s 			page 7


 237:Generated_Source\PSoC4/cyfitter_cfg.c **** 	CY_SET_REG32((void *)(CYREG_WDT_CONFIG), 0x00000000u);
 238:Generated_Source\PSoC4/cyfitter_cfg.c **** }
 239:Generated_Source\PSoC4/cyfitter_cfg.c **** 
 240:Generated_Source\PSoC4/cyfitter_cfg.c **** 
 241:Generated_Source\PSoC4/cyfitter_cfg.c **** /* Analog API Functions */
 242:Generated_Source\PSoC4/cyfitter_cfg.c **** 
 243:Generated_Source\PSoC4/cyfitter_cfg.c **** 
 244:Generated_Source\PSoC4/cyfitter_cfg.c **** /*******************************************************************************
 245:Generated_Source\PSoC4/cyfitter_cfg.c **** * Function Name: AnalogSetDefault
 246:Generated_Source\PSoC4/cyfitter_cfg.c **** ********************************************************************************
 247:Generated_Source\PSoC4/cyfitter_cfg.c **** *
 248:Generated_Source\PSoC4/cyfitter_cfg.c **** * Summary:
 249:Generated_Source\PSoC4/cyfitter_cfg.c **** *  Sets up the analog portions of the chip to default values based on chip
 250:Generated_Source\PSoC4/cyfitter_cfg.c **** *  configuration options from the project.
 251:Generated_Source\PSoC4/cyfitter_cfg.c **** *
 252:Generated_Source\PSoC4/cyfitter_cfg.c **** * Parameters:
 253:Generated_Source\PSoC4/cyfitter_cfg.c **** *  void
 254:Generated_Source\PSoC4/cyfitter_cfg.c **** *
 255:Generated_Source\PSoC4/cyfitter_cfg.c **** * Return:
 256:Generated_Source\PSoC4/cyfitter_cfg.c **** *  void
 257:Generated_Source\PSoC4/cyfitter_cfg.c **** *
 258:Generated_Source\PSoC4/cyfitter_cfg.c **** *******************************************************************************/
 259:Generated_Source\PSoC4/cyfitter_cfg.c **** static void AnalogSetDefault(void);
 260:Generated_Source\PSoC4/cyfitter_cfg.c **** static void AnalogSetDefault(void)
 261:Generated_Source\PSoC4/cyfitter_cfg.c **** {
 104              		.loc 1 261 0
 105              		.cfi_startproc
 106              		@ args = 0, pretend = 0, frame = 0
 107              		@ frame_needed = 0, uses_anonymous_args = 0
 108              		@ link register save eliminated.
 262:Generated_Source\PSoC4/cyfitter_cfg.c **** 	CY_SET_XTND_REG32((void CYFAR *)CYREG_CTBM0_DFT_CTRL, 0x00000003u);
 109              		.loc 1 262 0
 110 0000 0323     		movs	r3, #3
 111 0002 044A     		ldr	r2, .L7
 112 0004 1360     		str	r3, [r2]
 263:Generated_Source\PSoC4/cyfitter_cfg.c **** 	CY_SET_XTND_REG32((void CYFAR *)CYREG_CTBM1_DFT_CTRL, 0x00000003u);
 113              		.loc 1 263 0
 114 0006 044A     		ldr	r2, .L7+4
 115 0008 1360     		str	r3, [r2]
 264:Generated_Source\PSoC4/cyfitter_cfg.c **** 	CY_SET_XTND_REG32((void CYFAR *)CYREG_PASS_DSAB_DSAB_CTRL, 0x00000000u);
 116              		.loc 1 264 0
 117 000a 0022     		movs	r2, #0
 118 000c 034B     		ldr	r3, .L7+8
 119 000e 1A60     		str	r2, [r3]
 265:Generated_Source\PSoC4/cyfitter_cfg.c **** }
 120              		.loc 1 265 0
 121              		@ sp needed
 122 0010 7047     		bx	lr
 123              	.L8:
 124 0012 C046     		.align	2
 125              	.L7:
 126 0014 30003040 		.word	1076887600
 127 0018 30003140 		.word	1076953136
 128 001c 000E3F40 		.word	1077874176
 129              		.cfi_endproc
 130              	.LFE6:
 131              		.size	AnalogSetDefault, .-AnalogSetDefault
ARM GAS  C:\Users\Admin\AppData\Local\Temp\ccCFYQam.s 			page 8


 132              		.section	.text.CYMEMZERO,"ax",%progbits
 133              		.align	2
 134              		.code	16
 135              		.thumb_func
 136              		.type	CYMEMZERO, %function
 137              	CYMEMZERO:
 138              	.LFB1:
  77:Generated_Source\PSoC4/cyfitter_cfg.c **** 	(void)memset(s, 0, n);
 139              		.loc 1 77 0
 140              		.cfi_startproc
 141              		@ args = 0, pretend = 0, frame = 0
 142              		@ frame_needed = 0, uses_anonymous_args = 0
 143              	.LVL12:
 144 0000 10B5     		push	{r4, lr}
 145              		.cfi_def_cfa_offset 8
 146              		.cfi_offset 4, -8
 147              		.cfi_offset 14, -4
 148 0002 0A00     		movs	r2, r1
  78:Generated_Source\PSoC4/cyfitter_cfg.c **** }
 149              		.loc 1 78 0
 150 0004 0021     		movs	r1, #0
 151              	.LVL13:
 152 0006 FFF7FEFF 		bl	memset
 153              	.LVL14:
  79:Generated_Source\PSoC4/cyfitter_cfg.c **** CY_CFG_UNUSED
 154              		.loc 1 79 0
 155              		@ sp needed
 156 000a 10BD     		pop	{r4, pc}
 157              		.cfi_endproc
 158              	.LFE1:
 159              		.size	CYMEMZERO, .-CYMEMZERO
 160              		.section	.psocinit,"ax",%progbits
 161              		.align	2
 162              		.code	16
 163              		.thumb_func
 164              		.type	ClockSetup, %function
 165              	ClockSetup:
 166              	.LFB5:
 212:Generated_Source\PSoC4/cyfitter_cfg.c **** 
 167              		.loc 1 212 0
 168              		.cfi_startproc
 169              		@ args = 0, pretend = 0, frame = 0
 170              		@ frame_needed = 0, uses_anonymous_args = 0
 171 0000 10B5     		push	{r4, lr}
 172              		.cfi_def_cfa_offset 8
 173              		.cfi_offset 4, -8
 174              		.cfi_offset 14, -4
 215:Generated_Source\PSoC4/cyfitter_cfg.c **** 	/* Setup and trim IMO based on desired frequency. */
 175              		.loc 1 215 0
 176 0002 1222     		movs	r2, #18
 177 0004 114B     		ldr	r3, .L11
 178 0006 1A60     		str	r2, [r3]
 217:Generated_Source\PSoC4/cyfitter_cfg.c **** 	/* CYDEV_CLK_ILO_CONFIG Starting address: CYDEV_CLK_ILO_CONFIG */
 179              		.loc 1 217 0
 180 0008 3020     		movs	r0, #48
 181 000a FFF7FEFF 		bl	CySysClkWriteImoFreq
 182              	.LVL15:
ARM GAS  C:\Users\Admin\AppData\Local\Temp\ccCFYQam.s 			page 9


 219:Generated_Source\PSoC4/cyfitter_cfg.c **** 
 183              		.loc 1 219 0
 184 000e 104A     		ldr	r2, .L11+4
 185 0010 104B     		ldr	r3, .L11+8
 186 0012 1A60     		str	r2, [r3]
 223:Generated_Source\PSoC4/cyfitter_cfg.c **** 	CY_SET_REG32((void *)CYREG_PERI_DIV_CMD, 0x8000FF40u);
 187              		.loc 1 223 0
 188 0014 104A     		ldr	r2, .L11+12
 189 0016 114B     		ldr	r3, .L11+16
 190 0018 1A60     		str	r2, [r3]
 224:Generated_Source\PSoC4/cyfitter_cfg.c **** 
 191              		.loc 1 224 0
 192 001a 114A     		ldr	r2, .L11+20
 193 001c 114B     		ldr	r3, .L11+24
 194 001e 1A60     		str	r2, [r3]
 227:Generated_Source\PSoC4/cyfitter_cfg.c **** 
 195              		.loc 1 227 0
 196 0020 8022     		movs	r2, #128
 197 0022 1206     		lsls	r2, r2, #24
 198 0024 104B     		ldr	r3, .L11+28
 199 0026 1A60     		str	r2, [r3]
 230:Generated_Source\PSoC4/cyfitter_cfg.c **** 
 200              		.loc 1 230 0
 201 0028 8022     		movs	r2, #128
 202 002a D202     		lsls	r2, r2, #11
 203 002c 0F4B     		ldr	r3, .L11+32
 204 002e 1A60     		str	r2, [r3]
 233:Generated_Source\PSoC4/cyfitter_cfg.c **** 
 205              		.loc 1 233 0
 206 0030 4022     		movs	r2, #64
 207 0032 0F4B     		ldr	r3, .L11+36
 208 0034 1A60     		str	r2, [r3]
 235:Generated_Source\PSoC4/cyfitter_cfg.c **** 	CyIntEnable(7u);
 209              		.loc 1 235 0
 210 0036 0F49     		ldr	r1, .L11+40
 211 0038 0720     		movs	r0, #7
 212 003a FFF7FEFF 		bl	CyIntSetVector
 213              	.LVL16:
 236:Generated_Source\PSoC4/cyfitter_cfg.c **** 	CY_SET_REG32((void *)(CYREG_WDT_CONFIG), 0x00000000u);
 214              		.loc 1 236 0
 215 003e 0720     		movs	r0, #7
 216 0040 FFF7FEFF 		bl	CyIntEnable
 217              	.LVL17:
 237:Generated_Source\PSoC4/cyfitter_cfg.c **** }
 218              		.loc 1 237 0
 219 0044 0022     		movs	r2, #0
 220 0046 0C4B     		ldr	r3, .L11+44
 221 0048 1A60     		str	r2, [r3]
 238:Generated_Source\PSoC4/cyfitter_cfg.c **** 
 222              		.loc 1 238 0
 223              		@ sp needed
 224 004a 10BD     		pop	{r4, pc}
 225              	.L12:
 226              		.align	2
 227              	.L11:
 228 004c 30001040 		.word	1074790448
 229 0050 06000080 		.word	-2147483642
ARM GAS  C:\Users\Admin\AppData\Local\Temp\ccCFYQam.s 			page 10


 230 0054 04010B40 		.word	1074462980
 231 0058 007FBB00 		.word	12287744
 232 005c 00030140 		.word	1073808128
 233 0060 40FF0080 		.word	-2147418304
 234 0064 00000140 		.word	1073807360
 235 0068 08010B40 		.word	1074462984
 236 006c 00010B40 		.word	1074462976
 237 0070 2C010140 		.word	1073807660
 238 0074 00000000 		.word	CySysWdtIsr
 239 0078 0C020B40 		.word	1074463244
 240              		.cfi_endproc
 241              	.LFE5:
 242              		.size	ClockSetup, .-ClockSetup
 243              		.align	2
 244              		.global	cyfitter_cfg
 245              		.code	16
 246              		.thumb_func
 247              		.type	cyfitter_cfg, %function
 248              	cyfitter_cfg:
 249              	.LFB7:
 266:Generated_Source\PSoC4/cyfitter_cfg.c **** 
 267:Generated_Source\PSoC4/cyfitter_cfg.c **** 
 268:Generated_Source\PSoC4/cyfitter_cfg.c **** 
 269:Generated_Source\PSoC4/cyfitter_cfg.c **** 
 270:Generated_Source\PSoC4/cyfitter_cfg.c **** /*******************************************************************************
 271:Generated_Source\PSoC4/cyfitter_cfg.c **** * Function Name: cyfitter_cfg
 272:Generated_Source\PSoC4/cyfitter_cfg.c **** ********************************************************************************
 273:Generated_Source\PSoC4/cyfitter_cfg.c **** * Summary:
 274:Generated_Source\PSoC4/cyfitter_cfg.c **** *  This function is called by the start-up code for the selected device. It
 275:Generated_Source\PSoC4/cyfitter_cfg.c **** *  performs all of the necessary device configuration based on the design
 276:Generated_Source\PSoC4/cyfitter_cfg.c **** *  settings.  This includes settings from the Design Wide Resources (DWR) such
 277:Generated_Source\PSoC4/cyfitter_cfg.c **** *  as Clocks and Pins as well as any component configuration that is necessary.
 278:Generated_Source\PSoC4/cyfitter_cfg.c **** *
 279:Generated_Source\PSoC4/cyfitter_cfg.c **** * Parameters:
 280:Generated_Source\PSoC4/cyfitter_cfg.c **** *   void
 281:Generated_Source\PSoC4/cyfitter_cfg.c **** *
 282:Generated_Source\PSoC4/cyfitter_cfg.c **** * Return:
 283:Generated_Source\PSoC4/cyfitter_cfg.c **** *   void
 284:Generated_Source\PSoC4/cyfitter_cfg.c **** *
 285:Generated_Source\PSoC4/cyfitter_cfg.c **** *******************************************************************************/
 286:Generated_Source\PSoC4/cyfitter_cfg.c **** CY_CFG_SECTION
 287:Generated_Source\PSoC4/cyfitter_cfg.c **** void cyfitter_cfg(void)
 288:Generated_Source\PSoC4/cyfitter_cfg.c **** {
 250              		.loc 1 288 0
 251              		.cfi_startproc
 252              		@ args = 0, pretend = 0, frame = 0
 253              		@ frame_needed = 0, uses_anonymous_args = 0
 254 007c 10B5     		push	{r4, lr}
 255              		.cfi_def_cfa_offset 8
 256              		.cfi_offset 4, -8
 257              		.cfi_offset 14, -4
 289:Generated_Source\PSoC4/cyfitter_cfg.c **** 	/* Disable interrupts by default. Let user enable if/when they want. */
 290:Generated_Source\PSoC4/cyfitter_cfg.c **** 	CyGlobalIntDisable;
 258              		.loc 1 290 0
 259              		.syntax divided
 260              	@ 290 "Generated_Source\PSoC4\cyfitter_cfg.c" 1
 261 007e 72B6     		CPSID   i
ARM GAS  C:\Users\Admin\AppData\Local\Temp\ccCFYQam.s 			page 11


 262              	@ 0 "" 2
 263              	.LVL18:
 264              		.thumb
 265              		.syntax unified
 266              	.LBB3:
 291:Generated_Source\PSoC4/cyfitter_cfg.c **** 
 292:Generated_Source\PSoC4/cyfitter_cfg.c **** 	{
 293:Generated_Source\PSoC4/cyfitter_cfg.c **** 		static const uint32 CYCODE cy_cfg_addr_table[] = {
 294:Generated_Source\PSoC4/cyfitter_cfg.c **** 			0x400F3002u, /* Base address: 0x400F3000 Count: 2 */
 295:Generated_Source\PSoC4/cyfitter_cfg.c **** 			0x400F3105u, /* Base address: 0x400F3100 Count: 5 */
 296:Generated_Source\PSoC4/cyfitter_cfg.c **** 			0x400F3303u, /* Base address: 0x400F3300 Count: 3 */
 297:Generated_Source\PSoC4/cyfitter_cfg.c **** 			0x400F4206u, /* Base address: 0x400F4200 Count: 6 */
 298:Generated_Source\PSoC4/cyfitter_cfg.c **** 			0x400F4303u, /* Base address: 0x400F4300 Count: 3 */
 299:Generated_Source\PSoC4/cyfitter_cfg.c **** 		};
 300:Generated_Source\PSoC4/cyfitter_cfg.c **** 
 301:Generated_Source\PSoC4/cyfitter_cfg.c **** 		static const cy_cfg_addrvalue_t CYCODE cy_cfg_data_table[] = {
 302:Generated_Source\PSoC4/cyfitter_cfg.c **** 			{0x5Bu, 0x04u},
 303:Generated_Source\PSoC4/cyfitter_cfg.c **** 			{0x5Fu, 0x01u},
 304:Generated_Source\PSoC4/cyfitter_cfg.c **** 			{0x69u, 0x10u},
 305:Generated_Source\PSoC4/cyfitter_cfg.c **** 			{0x6Au, 0x08u},
 306:Generated_Source\PSoC4/cyfitter_cfg.c **** 			{0x6Bu, 0x01u},
 307:Generated_Source\PSoC4/cyfitter_cfg.c **** 			{0x86u, 0x04u},
 308:Generated_Source\PSoC4/cyfitter_cfg.c **** 			{0xE4u, 0x08u},
 309:Generated_Source\PSoC4/cyfitter_cfg.c **** 			{0xAFu, 0x01u},
 310:Generated_Source\PSoC4/cyfitter_cfg.c **** 			{0xB1u, 0x10u},
 311:Generated_Source\PSoC4/cyfitter_cfg.c **** 			{0xE8u, 0x02u},
 312:Generated_Source\PSoC4/cyfitter_cfg.c **** 			{0x58u, 0x01u},
 313:Generated_Source\PSoC4/cyfitter_cfg.c **** 			{0x60u, 0x20u},
 314:Generated_Source\PSoC4/cyfitter_cfg.c **** 			{0x65u, 0x40u},
 315:Generated_Source\PSoC4/cyfitter_cfg.c **** 			{0x85u, 0x40u},
 316:Generated_Source\PSoC4/cyfitter_cfg.c **** 			{0xD6u, 0x03u},
 317:Generated_Source\PSoC4/cyfitter_cfg.c **** 			{0xD8u, 0x02u},
 318:Generated_Source\PSoC4/cyfitter_cfg.c **** 			{0xACu, 0x01u},
 319:Generated_Source\PSoC4/cyfitter_cfg.c **** 			{0xB0u, 0x20u},
 320:Generated_Source\PSoC4/cyfitter_cfg.c **** 			{0xE8u, 0x01u},
 321:Generated_Source\PSoC4/cyfitter_cfg.c **** 		};
 322:Generated_Source\PSoC4/cyfitter_cfg.c **** 
 323:Generated_Source\PSoC4/cyfitter_cfg.c **** 
 324:Generated_Source\PSoC4/cyfitter_cfg.c **** 
 325:Generated_Source\PSoC4/cyfitter_cfg.c **** 		CYPACKED typedef struct {
 326:Generated_Source\PSoC4/cyfitter_cfg.c **** 			void CYFAR *address;
 327:Generated_Source\PSoC4/cyfitter_cfg.c **** 			uint16 size;
 328:Generated_Source\PSoC4/cyfitter_cfg.c **** 		} CYPACKED_ATTR cfg_memset_t;
 329:Generated_Source\PSoC4/cyfitter_cfg.c **** 
 330:Generated_Source\PSoC4/cyfitter_cfg.c **** 		static const cfg_memset_t CYCODE cfg_memset_list[] = {
 331:Generated_Source\PSoC4/cyfitter_cfg.c **** 			/* address, size */
 332:Generated_Source\PSoC4/cyfitter_cfg.c **** 			{(void CYFAR *)(CYDEV_UDB_P0_U0_BASE), 1024u},
 333:Generated_Source\PSoC4/cyfitter_cfg.c **** 			{(void CYFAR *)(CYDEV_UDB_DSI0_BASE), 1024u},
 334:Generated_Source\PSoC4/cyfitter_cfg.c **** 		};
 335:Generated_Source\PSoC4/cyfitter_cfg.c **** 
 336:Generated_Source\PSoC4/cyfitter_cfg.c **** 		uint8 CYDATA i;
 337:Generated_Source\PSoC4/cyfitter_cfg.c **** 
 338:Generated_Source\PSoC4/cyfitter_cfg.c **** 		/* Zero out critical memory blocks before beginning configuration */
 339:Generated_Source\PSoC4/cyfitter_cfg.c **** 		for (i = 0u; i < (sizeof(cfg_memset_list)/sizeof(cfg_memset_list[0])); i++)
 267              		.loc 1 339 0
 268 0080 0024     		movs	r4, #0
 269 0082 0FE0     		b	.L14
ARM GAS  C:\Users\Admin\AppData\Local\Temp\ccCFYQam.s 			page 12


 270              	.LVL19:
 271              	.L15:
 272              	.LBB4:
 340:Generated_Source\PSoC4/cyfitter_cfg.c **** 		{
 341:Generated_Source\PSoC4/cyfitter_cfg.c **** 			const cfg_memset_t CYCODE * CYDATA ms = &cfg_memset_list[i];
 342:Generated_Source\PSoC4/cyfitter_cfg.c **** 			CYMEMZERO(ms->address, (size_t)(uint32)(ms->size));
 273              		.loc 1 342 0 discriminator 3
 274 0084 2948     		ldr	r0, .L16
 275 0086 6200     		lsls	r2, r4, #1
 276 0088 1319     		adds	r3, r2, r4
 277 008a 5900     		lsls	r1, r3, #1
 278 008c 0B00     		movs	r3, r1
 279 008e 4118     		adds	r1, r0, r1
 280 0090 8988     		ldrh	r1, [r1, #4]
 281 0092 1A5A     		ldrh	r2, [r3, r0]
 282 0094 C318     		adds	r3, r0, r3
 283 0096 5888     		ldrh	r0, [r3, #2]
 284 0098 0004     		lsls	r0, r0, #16
 285 009a 1043     		orrs	r0, r2
 286 009c FFF7FEFF 		bl	CYMEMZERO
 287              	.LVL20:
 288              	.LBE4:
 339:Generated_Source\PSoC4/cyfitter_cfg.c **** 		{
 289              		.loc 1 339 0 discriminator 3
 290 00a0 0134     		adds	r4, r4, #1
 291              	.LVL21:
 292 00a2 E4B2     		uxtb	r4, r4
 293              	.LVL22:
 294              	.L14:
 339:Generated_Source\PSoC4/cyfitter_cfg.c **** 		{
 295              		.loc 1 339 0 is_stmt 0 discriminator 1
 296 00a4 012C     		cmp	r4, #1
 297 00a6 EDD9     		bls	.L15
 343:Generated_Source\PSoC4/cyfitter_cfg.c **** 		}
 344:Generated_Source\PSoC4/cyfitter_cfg.c **** 
 345:Generated_Source\PSoC4/cyfitter_cfg.c **** 		cfg_write_bytes32(cy_cfg_addr_table, cy_cfg_data_table);
 298              		.loc 1 345 0 is_stmt 1
 299 00a8 2048     		ldr	r0, .L16
 300 00aa 0100     		movs	r1, r0
 301 00ac 0C31     		adds	r1, r1, #12
 302 00ae 3430     		adds	r0, r0, #52
 303 00b0 FFF7FEFF 		bl	cfg_write_bytes32
 304              	.LVL23:
 346:Generated_Source\PSoC4/cyfitter_cfg.c **** 
 347:Generated_Source\PSoC4/cyfitter_cfg.c **** 		/* HSIOM Starting address: CYDEV_HSIOM_BASE */
 348:Generated_Source\PSoC4/cyfitter_cfg.c **** 		CY_SET_REG32((void *)(CYREG_HSIOM_PORT_SEL2), 0x03330000u);
 305              		.loc 1 348 0
 306 00b4 1E4A     		ldr	r2, .L16+4
 307 00b6 1F4B     		ldr	r3, .L16+8
 308 00b8 1A60     		str	r2, [r3]
 349:Generated_Source\PSoC4/cyfitter_cfg.c **** 		CY_SET_REG32((void *)(CYREG_HSIOM_PORT_SEL3), 0x0000EE00u);
 309              		.loc 1 349 0
 310 00ba EE22     		movs	r2, #238
 311 00bc 1202     		lsls	r2, r2, #8
 312 00be 1E4B     		ldr	r3, .L16+12
 313 00c0 1A60     		str	r2, [r3]
 350:Generated_Source\PSoC4/cyfitter_cfg.c **** 
ARM GAS  C:\Users\Admin\AppData\Local\Temp\ccCFYQam.s 			page 13


 351:Generated_Source\PSoC4/cyfitter_cfg.c **** 		/* UDB_PA_0 Starting address: CYDEV_UDB_PA0_BASE */
 352:Generated_Source\PSoC4/cyfitter_cfg.c **** 		CY_SET_REG32((void *)(CYDEV_UDB_PA0_BASE), 0x00990000u);
 314              		.loc 1 352 0
 315 00c2 9923     		movs	r3, #153
 316 00c4 1B04     		lsls	r3, r3, #16
 317 00c6 1D4A     		ldr	r2, .L16+16
 318 00c8 1360     		str	r3, [r2]
 353:Generated_Source\PSoC4/cyfitter_cfg.c **** 
 354:Generated_Source\PSoC4/cyfitter_cfg.c **** 		/* UDB_PA_2 Starting address: CYDEV_UDB_PA2_BASE */
 355:Generated_Source\PSoC4/cyfitter_cfg.c **** 		CY_SET_REG32((void *)(CYDEV_UDB_PA2_BASE), 0x00990000u);
 319              		.loc 1 355 0
 320 00ca 1D4A     		ldr	r2, .L16+20
 321 00cc 1360     		str	r3, [r2]
 356:Generated_Source\PSoC4/cyfitter_cfg.c **** 		CY_SET_REG32((void *)(CYREG_UDB_PA2_CFG8), 0xD8000000u);
 322              		.loc 1 356 0
 323 00ce D821     		movs	r1, #216
 324 00d0 0906     		lsls	r1, r1, #24
 325 00d2 1C4A     		ldr	r2, .L16+24
 326 00d4 1160     		str	r1, [r2]
 357:Generated_Source\PSoC4/cyfitter_cfg.c **** 
 358:Generated_Source\PSoC4/cyfitter_cfg.c **** 		/* UDB_PA_3 Starting address: CYDEV_UDB_PA3_BASE */
 359:Generated_Source\PSoC4/cyfitter_cfg.c **** 		CY_SET_REG32((void *)(CYDEV_UDB_PA3_BASE), 0x00990000u);
 327              		.loc 1 359 0
 328 00d6 1C4A     		ldr	r2, .L16+28
 329 00d8 1360     		str	r3, [r2]
 360:Generated_Source\PSoC4/cyfitter_cfg.c **** 
 361:Generated_Source\PSoC4/cyfitter_cfg.c **** 		/* Enable UDB array and digital routing */
 362:Generated_Source\PSoC4/cyfitter_cfg.c **** 		CY_SET_XTND_REG8((void *)CYREG_UDB_UDBIF_WAIT_CFG, (uint8)((CY_GET_XTND_REG8((void *)CYREG_UDB_UD
 330              		.loc 1 362 0
 331 00da 1C49     		ldr	r1, .L16+32
 332 00dc 0B78     		ldrb	r3, [r1]
 333 00de 3C22     		movs	r2, #60
 334 00e0 9343     		bics	r3, r2
 335 00e2 1422     		movs	r2, #20
 336 00e4 1343     		orrs	r3, r2
 337 00e6 DBB2     		uxtb	r3, r3
 338 00e8 0B70     		strb	r3, [r1]
 363:Generated_Source\PSoC4/cyfitter_cfg.c **** 		CY_SET_XTND_REG8((void *)CYREG_UDB_UDBIF_BANK_CTL, (uint8)(CY_GET_XTND_REG8((void *)CYREG_UDB_UDB
 339              		.loc 1 363 0
 340 00ea 194A     		ldr	r2, .L16+36
 341 00ec 1178     		ldrb	r1, [r2]
 342 00ee 1623     		movs	r3, #22
 343 00f0 0B43     		orrs	r3, r1
 344 00f2 DBB2     		uxtb	r3, r3
 345 00f4 1370     		strb	r3, [r2]
 346              	.LBE3:
 364:Generated_Source\PSoC4/cyfitter_cfg.c **** 	}
 365:Generated_Source\PSoC4/cyfitter_cfg.c **** 
 366:Generated_Source\PSoC4/cyfitter_cfg.c **** 	/* Perform second pass device configuration. These items must be configured in specific order afte
 367:Generated_Source\PSoC4/cyfitter_cfg.c **** 	/* IOPINS0_0 Starting address: CYDEV_GPIO_PRT0_BASE */
 368:Generated_Source\PSoC4/cyfitter_cfg.c **** 	CY_SET_REG32((void *)(CYDEV_GPIO_PRT0_BASE), 0x00000080u);
 347              		.loc 1 368 0
 348 00f6 8022     		movs	r2, #128
 349 00f8 164B     		ldr	r3, .L16+40
 350 00fa 1A60     		str	r2, [r3]
 369:Generated_Source\PSoC4/cyfitter_cfg.c **** 	CY_SET_REG32((void *)(CYREG_GPIO_PRT0_PC), 0x00400000u);
 351              		.loc 1 369 0
ARM GAS  C:\Users\Admin\AppData\Local\Temp\ccCFYQam.s 			page 14


 352 00fc 8022     		movs	r2, #128
 353 00fe D203     		lsls	r2, r2, #15
 354 0100 154B     		ldr	r3, .L16+44
 355 0102 1A60     		str	r2, [r3]
 370:Generated_Source\PSoC4/cyfitter_cfg.c **** 	CY_SET_REG32((void *)(CYREG_GPIO_PRT0_INTR_CFG), 0x00008000u);
 356              		.loc 1 370 0
 357 0104 8022     		movs	r2, #128
 358 0106 1202     		lsls	r2, r2, #8
 359 0108 144B     		ldr	r3, .L16+48
 360 010a 1A60     		str	r2, [r3]
 371:Generated_Source\PSoC4/cyfitter_cfg.c **** 
 372:Generated_Source\PSoC4/cyfitter_cfg.c **** 	/* IOPINS0_2 Starting address: CYDEV_GPIO_PRT2_BASE */
 373:Generated_Source\PSoC4/cyfitter_cfg.c **** 	CY_SET_REG32((void *)(CYDEV_GPIO_PRT2_BASE), 0x00000070u);
 361              		.loc 1 373 0
 362 010c 7022     		movs	r2, #112
 363 010e 144B     		ldr	r3, .L16+52
 364 0110 1A60     		str	r2, [r3]
 374:Generated_Source\PSoC4/cyfitter_cfg.c **** 	CY_SET_REG32((void *)(CYREG_GPIO_PRT2_PC), 0x001B6000u);
 365              		.loc 1 374 0
 366 0112 DB22     		movs	r2, #219
 367 0114 5203     		lsls	r2, r2, #13
 368 0116 134B     		ldr	r3, .L16+56
 369 0118 1A60     		str	r2, [r3]
 375:Generated_Source\PSoC4/cyfitter_cfg.c **** 
 376:Generated_Source\PSoC4/cyfitter_cfg.c **** 	/* IOPINS0_3 Starting address: CYDEV_GPIO_PRT3_BASE */
 377:Generated_Source\PSoC4/cyfitter_cfg.c **** 	CY_SET_REG32((void *)(CYREG_GPIO_PRT3_PC), 0x00000D80u);
 370              		.loc 1 377 0
 371 011a D822     		movs	r2, #216
 372 011c 1201     		lsls	r2, r2, #4
 373 011e 124B     		ldr	r3, .L16+60
 374 0120 1A60     		str	r2, [r3]
 378:Generated_Source\PSoC4/cyfitter_cfg.c **** 
 379:Generated_Source\PSoC4/cyfitter_cfg.c **** 
 380:Generated_Source\PSoC4/cyfitter_cfg.c **** 	/* Setup clocks based on selections from Clock DWR */
 381:Generated_Source\PSoC4/cyfitter_cfg.c **** 	ClockSetup();
 375              		.loc 1 381 0
 376 0122 FFF76DFF 		bl	ClockSetup
 377              	.LVL24:
 382:Generated_Source\PSoC4/cyfitter_cfg.c **** 
 383:Generated_Source\PSoC4/cyfitter_cfg.c **** 	/* Perform basic analog initialization to defaults */
 384:Generated_Source\PSoC4/cyfitter_cfg.c **** 	AnalogSetDefault();
 378              		.loc 1 384 0
 379 0126 FFF7FEFF 		bl	AnalogSetDefault
 380              	.LVL25:
 385:Generated_Source\PSoC4/cyfitter_cfg.c **** 
 386:Generated_Source\PSoC4/cyfitter_cfg.c **** }
 381              		.loc 1 386 0
 382              		@ sp needed
 383              	.LVL26:
 384 012a 10BD     		pop	{r4, pc}
 385              	.L17:
 386              		.align	2
 387              	.L16:
 388 012c 00000000 		.word	.LANCHOR0
 389 0130 00003303 		.word	53673984
 390 0134 00020240 		.word	1073873408
 391 0138 00030240 		.word	1073873664
ARM GAS  C:\Users\Admin\AppData\Local\Temp\ccCFYQam.s 			page 15


 392 013c 00500F40 		.word	1074745344
 393 0140 20500F40 		.word	1074745376
 394 0144 28500F40 		.word	1074745384
 395 0148 30500F40 		.word	1074745392
 396 014c 01700F40 		.word	1074753537
 397 0150 00700F40 		.word	1074753536
 398 0154 00000440 		.word	1074003968
 399 0158 08000440 		.word	1074003976
 400 015c 0C000440 		.word	1074003980
 401 0160 00020440 		.word	1074004480
 402 0164 08020440 		.word	1074004488
 403 0168 08030440 		.word	1074004744
 404              		.cfi_endproc
 405              	.LFE7:
 406              		.size	cyfitter_cfg, .-cyfitter_cfg
 407              		.section	.rodata
 408              		.align	2
 409              		.set	.LANCHOR0,. + 0
 410              		.type	cfg_memset_list.4911, %object
 411              		.size	cfg_memset_list.4911, 12
 412              	cfg_memset_list.4911:
 413 0000 00300F40 		.word	1074737152
 414 0004 0004     		.short	1024
 415 0006 00400F40 		.4byte	1074741248
 416 000a 0004     		.short	1024
 417              		.type	cy_cfg_data_table.4906, %object
 418              		.size	cy_cfg_data_table.4906, 38
 419              	cy_cfg_data_table.4906:
 420 000c 5B       		.byte	91
 421 000d 04       		.byte	4
 422 000e 5F       		.byte	95
 423 000f 01       		.byte	1
 424 0010 69       		.byte	105
 425 0011 10       		.byte	16
 426 0012 6A       		.byte	106
 427 0013 08       		.byte	8
 428 0014 6B       		.byte	107
 429 0015 01       		.byte	1
 430 0016 86       		.byte	-122
 431 0017 04       		.byte	4
 432 0018 E4       		.byte	-28
 433 0019 08       		.byte	8
 434 001a AF       		.byte	-81
 435 001b 01       		.byte	1
 436 001c B1       		.byte	-79
 437 001d 10       		.byte	16
 438 001e E8       		.byte	-24
 439 001f 02       		.byte	2
 440 0020 58       		.byte	88
 441 0021 01       		.byte	1
 442 0022 60       		.byte	96
 443 0023 20       		.byte	32
 444 0024 65       		.byte	101
 445 0025 40       		.byte	64
 446 0026 85       		.byte	-123
 447 0027 40       		.byte	64
 448 0028 D6       		.byte	-42
ARM GAS  C:\Users\Admin\AppData\Local\Temp\ccCFYQam.s 			page 16


 449 0029 03       		.byte	3
 450 002a D8       		.byte	-40
 451 002b 02       		.byte	2
 452 002c AC       		.byte	-84
 453 002d 01       		.byte	1
 454 002e B0       		.byte	-80
 455 002f 20       		.byte	32
 456 0030 E8       		.byte	-24
 457 0031 01       		.byte	1
 458 0032 0000     		.space	2
 459              		.type	cy_cfg_addr_table.4905, %object
 460              		.size	cy_cfg_addr_table.4905, 20
 461              	cy_cfg_addr_table.4905:
 462 0034 02300F40 		.word	1074737154
 463 0038 05310F40 		.word	1074737413
 464 003c 03330F40 		.word	1074737923
 465 0040 06420F40 		.word	1074741766
 466 0044 03430F40 		.word	1074742019
 467              		.text
 468              	.Letext0:
 469              		.file 2 "c:\\program files (x86)\\cypress\\psoc creator\\4.4\\psoc creator\\import\\gnu\\arm\\5.4.
 470              		.file 3 "Generated_Source\\PSoC4\\cytypes.h"
 471              		.file 4 "Generated_Source\\PSoC4\\CyLib.h"
 472              		.section	.debug_info,"",%progbits
 473              	.Ldebug_info0:
 474 0000 B8030000 		.4byte	0x3b8
 475 0004 0400     		.2byte	0x4
 476 0006 00000000 		.4byte	.Ldebug_abbrev0
 477 000a 04       		.byte	0x4
 478 000b 01       		.uleb128 0x1
 479 000c 94010000 		.4byte	.LASF39
 480 0010 0C       		.byte	0xc
 481 0011 C1020000 		.4byte	.LASF40
 482 0015 08010000 		.4byte	.LASF41
 483 0019 00000000 		.4byte	.Ldebug_ranges0+0
 484 001d 00000000 		.4byte	0
 485 0021 00000000 		.4byte	.Ldebug_line0
 486 0025 02       		.uleb128 0x2
 487 0026 04       		.byte	0x4
 488 0027 05       		.byte	0x5
 489 0028 696E7400 		.ascii	"int\000"
 490 002c 03       		.uleb128 0x3
 491 002d 06000000 		.4byte	.LASF12
 492 0031 02       		.byte	0x2
 493 0032 D8       		.byte	0xd8
 494 0033 37000000 		.4byte	0x37
 495 0037 04       		.uleb128 0x4
 496 0038 04       		.byte	0x4
 497 0039 07       		.byte	0x7
 498 003a 5B010000 		.4byte	.LASF0
 499 003e 04       		.uleb128 0x4
 500 003f 08       		.byte	0x8
 501 0040 05       		.byte	0x5
 502 0041 54020000 		.4byte	.LASF1
 503 0045 04       		.uleb128 0x4
 504 0046 08       		.byte	0x8
 505 0047 04       		.byte	0x4
ARM GAS  C:\Users\Admin\AppData\Local\Temp\ccCFYQam.s 			page 17


 506 0048 A9020000 		.4byte	.LASF2
 507 004c 04       		.uleb128 0x4
 508 004d 01       		.byte	0x1
 509 004e 06       		.byte	0x6
 510 004f B5020000 		.4byte	.LASF3
 511 0053 04       		.uleb128 0x4
 512 0054 01       		.byte	0x1
 513 0055 08       		.byte	0x8
 514 0056 AA000000 		.4byte	.LASF4
 515 005a 04       		.uleb128 0x4
 516 005b 02       		.byte	0x2
 517 005c 05       		.byte	0x5
 518 005d 81020000 		.4byte	.LASF5
 519 0061 04       		.uleb128 0x4
 520 0062 02       		.byte	0x2
 521 0063 07       		.byte	0x7
 522 0064 41020000 		.4byte	.LASF6
 523 0068 04       		.uleb128 0x4
 524 0069 04       		.byte	0x4
 525 006a 05       		.byte	0x5
 526 006b A0020000 		.4byte	.LASF7
 527 006f 04       		.uleb128 0x4
 528 0070 04       		.byte	0x4
 529 0071 07       		.byte	0x7
 530 0072 88000000 		.4byte	.LASF8
 531 0076 04       		.uleb128 0x4
 532 0077 08       		.byte	0x8
 533 0078 07       		.byte	0x7
 534 0079 7D010000 		.4byte	.LASF9
 535 007d 04       		.uleb128 0x4
 536 007e 04       		.byte	0x4
 537 007f 07       		.byte	0x7
 538 0080 38020000 		.4byte	.LASF10
 539 0084 05       		.uleb128 0x5
 540 0085 04       		.byte	0x4
 541 0086 04       		.uleb128 0x4
 542 0087 01       		.byte	0x1
 543 0088 08       		.byte	0x8
 544 0089 62020000 		.4byte	.LASF11
 545 008d 06       		.uleb128 0x6
 546 008e 9A000000 		.4byte	.LASF13
 547 0092 03       		.byte	0x3
 548 0093 F701     		.2byte	0x1f7
 549 0095 53000000 		.4byte	0x53
 550 0099 06       		.uleb128 0x6
 551 009a EF000000 		.4byte	.LASF14
 552 009e 03       		.byte	0x3
 553 009f F801     		.2byte	0x1f8
 554 00a1 61000000 		.4byte	0x61
 555 00a5 06       		.uleb128 0x6
 556 00a6 01010000 		.4byte	.LASF15
 557 00aa 03       		.byte	0x3
 558 00ab F901     		.2byte	0x1f9
 559 00ad 6F000000 		.4byte	0x6f
 560 00b1 04       		.uleb128 0x4
 561 00b2 04       		.byte	0x4
 562 00b3 04       		.byte	0x4
ARM GAS  C:\Users\Admin\AppData\Local\Temp\ccCFYQam.s 			page 18


 563 00b4 68000000 		.4byte	.LASF16
 564 00b8 04       		.uleb128 0x4
 565 00b9 08       		.byte	0x8
 566 00ba 04       		.byte	0x4
 567 00bb BF000000 		.4byte	.LASF17
 568 00bf 06       		.uleb128 0x6
 569 00c0 83000000 		.4byte	.LASF18
 570 00c4 03       		.byte	0x3
 571 00c5 A102     		.2byte	0x2a1
 572 00c7 CB000000 		.4byte	0xcb
 573 00cb 07       		.uleb128 0x7
 574 00cc 8D000000 		.4byte	0x8d
 575 00d0 06       		.uleb128 0x6
 576 00d1 00000000 		.4byte	.LASF19
 577 00d5 03       		.byte	0x3
 578 00d6 A302     		.2byte	0x2a3
 579 00d8 DC000000 		.4byte	0xdc
 580 00dc 07       		.uleb128 0x7
 581 00dd A5000000 		.4byte	0xa5
 582 00e1 08       		.uleb128 0x8
 583 00e2 02       		.byte	0x2
 584 00e3 01       		.byte	0x1
 585 00e4 97       		.byte	0x97
 586 00e5 02010000 		.4byte	0x102
 587 00e9 09       		.uleb128 0x9
 588 00ea 7A020000 		.4byte	.LASF20
 589 00ee 01       		.byte	0x1
 590 00ef 99       		.byte	0x99
 591 00f0 8D000000 		.4byte	0x8d
 592 00f4 00       		.byte	0
 593 00f5 09       		.uleb128 0x9
 594 00f6 2D000000 		.4byte	.LASF21
 595 00fa 01       		.byte	0x1
 596 00fb 9A       		.byte	0x9a
 597 00fc 8D000000 		.4byte	0x8d
 598 0100 01       		.byte	0x1
 599 0101 00       		.byte	0
 600 0102 03       		.uleb128 0x3
 601 0103 67020000 		.4byte	.LASF22
 602 0107 01       		.byte	0x1
 603 0108 9B       		.byte	0x9b
 604 0109 E1000000 		.4byte	0xe1
 605 010d 0A       		.uleb128 0xa
 606 010e C6000000 		.4byte	.LASF27
 607 0112 01       		.byte	0x1
 608 0113 AE       		.byte	0xae
 609 0114 00000000 		.4byte	.LFB4
 610 0118 32000000 		.4byte	.LFE4-.LFB4
 611 011c 01       		.uleb128 0x1
 612 011d 9C       		.byte	0x9c
 613 011e 7F010000 		.4byte	0x17f
 614 0122 0B       		.uleb128 0xb
 615 0123 E4000000 		.4byte	.LASF23
 616 0127 01       		.byte	0x1
 617 0128 AE       		.byte	0xae
 618 0129 7F010000 		.4byte	0x17f
 619 012d 01       		.uleb128 0x1
ARM GAS  C:\Users\Admin\AppData\Local\Temp\ccCFYQam.s 			page 19


 620 012e 50       		.byte	0x50
 621 012f 0B       		.uleb128 0xb
 622 0130 F6000000 		.4byte	.LASF24
 623 0134 01       		.byte	0x1
 624 0135 AE       		.byte	0xae
 625 0136 8A010000 		.4byte	0x18a
 626 013a 01       		.uleb128 0x1
 627 013b 51       		.byte	0x51
 628 013c 0C       		.uleb128 0xc
 629 013d 6900     		.ascii	"i\000"
 630 013f 01       		.byte	0x1
 631 0140 B1       		.byte	0xb1
 632 0141 A5000000 		.4byte	0xa5
 633 0145 00000000 		.4byte	.LLST0
 634 0149 0C       		.uleb128 0xc
 635 014a 6A00     		.ascii	"j\000"
 636 014c 01       		.byte	0x1
 637 014d B1       		.byte	0xb1
 638 014e A5000000 		.4byte	0xa5
 639 0152 1F000000 		.4byte	.LLST1
 640 0156 0D       		.uleb128 0xd
 641 0157 08000000 		.4byte	.LBB2
 642 015b 22000000 		.4byte	.LBE2-.LBB2
 643 015f 0E       		.uleb128 0xe
 644 0160 2F020000 		.4byte	.LASF25
 645 0164 01       		.byte	0x1
 646 0165 B4       		.byte	0xb4
 647 0166 A5000000 		.4byte	0xa5
 648 016a 3E000000 		.4byte	.LLST2
 649 016e 0E       		.uleb128 0xe
 650 016f 33000000 		.4byte	.LASF26
 651 0173 01       		.byte	0x1
 652 0174 B5       		.byte	0xb5
 653 0175 8D000000 		.4byte	0x8d
 654 0179 51000000 		.4byte	.LLST3
 655 017d 00       		.byte	0
 656 017e 00       		.byte	0
 657 017f 0F       		.uleb128 0xf
 658 0180 04       		.byte	0x4
 659 0181 85010000 		.4byte	0x185
 660 0185 10       		.uleb128 0x10
 661 0186 A5000000 		.4byte	0xa5
 662 018a 0F       		.uleb128 0xf
 663 018b 04       		.byte	0x4
 664 018c 90010000 		.4byte	0x190
 665 0190 10       		.uleb128 0x10
 666 0191 02010000 		.4byte	0x102
 667 0195 11       		.uleb128 0x11
 668 0196 0D000000 		.4byte	.LASF42
 669 019a 01       		.byte	0x1
 670 019b 0401     		.2byte	0x104
 671 019d 00000000 		.4byte	.LFB6
 672 01a1 20000000 		.4byte	.LFE6-.LFB6
 673 01a5 01       		.uleb128 0x1
 674 01a6 9C       		.byte	0x9c
 675 01a7 0A       		.uleb128 0xa
 676 01a8 A0000000 		.4byte	.LASF28
ARM GAS  C:\Users\Admin\AppData\Local\Temp\ccCFYQam.s 			page 20


 677 01ac 01       		.byte	0x1
 678 01ad 4C       		.byte	0x4c
 679 01ae 00000000 		.4byte	.LFB1
 680 01b2 0C000000 		.4byte	.LFE1-.LFB1
 681 01b6 01       		.uleb128 0x1
 682 01b7 9C       		.byte	0x9c
 683 01b8 F4010000 		.4byte	0x1f4
 684 01bc 12       		.uleb128 0x12
 685 01bd 7300     		.ascii	"s\000"
 686 01bf 01       		.byte	0x1
 687 01c0 4C       		.byte	0x4c
 688 01c1 84000000 		.4byte	0x84
 689 01c5 6F000000 		.4byte	.LLST4
 690 01c9 12       		.uleb128 0x12
 691 01ca 6E00     		.ascii	"n\000"
 692 01cc 01       		.byte	0x1
 693 01cd 4C       		.byte	0x4c
 694 01ce 2C000000 		.4byte	0x2c
 695 01d2 90000000 		.4byte	.LLST5
 696 01d6 13       		.uleb128 0x13
 697 01d7 0A000000 		.4byte	.LVL14
 698 01db 91030000 		.4byte	0x391
 699 01df 14       		.uleb128 0x14
 700 01e0 01       		.uleb128 0x1
 701 01e1 50       		.byte	0x50
 702 01e2 03       		.uleb128 0x3
 703 01e3 F3       		.byte	0xf3
 704 01e4 01       		.uleb128 0x1
 705 01e5 50       		.byte	0x50
 706 01e6 14       		.uleb128 0x14
 707 01e7 01       		.uleb128 0x1
 708 01e8 51       		.byte	0x51
 709 01e9 01       		.uleb128 0x1
 710 01ea 30       		.byte	0x30
 711 01eb 14       		.uleb128 0x14
 712 01ec 01       		.uleb128 0x1
 713 01ed 52       		.byte	0x52
 714 01ee 03       		.uleb128 0x3
 715 01ef F3       		.byte	0xf3
 716 01f0 01       		.uleb128 0x1
 717 01f1 51       		.byte	0x51
 718 01f2 00       		.byte	0
 719 01f3 00       		.byte	0
 720 01f4 0A       		.uleb128 0xa
 721 01f5 39000000 		.4byte	.LASF29
 722 01f9 01       		.byte	0x1
 723 01fa D3       		.byte	0xd3
 724 01fb 00000000 		.4byte	.LFB5
 725 01ff 7C000000 		.4byte	.LFE5-.LFB5
 726 0203 01       		.uleb128 0x1
 727 0204 9C       		.byte	0x9c
 728 0205 40020000 		.4byte	0x240
 729 0209 15       		.uleb128 0x15
 730 020a 0E000000 		.4byte	.LVL15
 731 020e 9A030000 		.4byte	0x39a
 732 0212 1D020000 		.4byte	0x21d
 733 0216 14       		.uleb128 0x14
ARM GAS  C:\Users\Admin\AppData\Local\Temp\ccCFYQam.s 			page 21


 734 0217 01       		.uleb128 0x1
 735 0218 50       		.byte	0x50
 736 0219 02       		.uleb128 0x2
 737 021a 08       		.byte	0x8
 738 021b 30       		.byte	0x30
 739 021c 00       		.byte	0
 740 021d 15       		.uleb128 0x15
 741 021e 3E000000 		.4byte	.LVL16
 742 0222 A5030000 		.4byte	0x3a5
 743 0226 30020000 		.4byte	0x230
 744 022a 14       		.uleb128 0x14
 745 022b 01       		.uleb128 0x1
 746 022c 50       		.byte	0x50
 747 022d 01       		.uleb128 0x1
 748 022e 37       		.byte	0x37
 749 022f 00       		.byte	0
 750 0230 13       		.uleb128 0x13
 751 0231 44000000 		.4byte	.LVL17
 752 0235 B0030000 		.4byte	0x3b0
 753 0239 14       		.uleb128 0x14
 754 023a 01       		.uleb128 0x1
 755 023b 50       		.byte	0x50
 756 023c 01       		.uleb128 0x1
 757 023d 37       		.byte	0x37
 758 023e 00       		.byte	0
 759 023f 00       		.byte	0
 760 0240 16       		.uleb128 0x16
 761 0241 68010000 		.4byte	.LASF43
 762 0245 01       		.byte	0x1
 763 0246 1F01     		.2byte	0x11f
 764 0248 7C000000 		.4byte	.LFB7
 765 024c F0000000 		.4byte	.LFE7-.LFB7
 766 0250 01       		.uleb128 0x1
 767 0251 9C       		.byte	0x9c
 768 0252 67030000 		.4byte	0x367
 769 0256 17       		.uleb128 0x17
 770 0257 80000000 		.4byte	.LBB3
 771 025b 76000000 		.4byte	.LBE3-.LBB3
 772 025f 54030000 		.4byte	0x354
 773 0263 18       		.uleb128 0x18
 774 0264 44000000 		.4byte	.LASF30
 775 0268 01       		.byte	0x1
 776 0269 2501     		.2byte	0x125
 777 026b 77030000 		.4byte	0x377
 778 026f 05       		.uleb128 0x5
 779 0270 03       		.byte	0x3
 780 0271 34000000 		.4byte	cy_cfg_addr_table.4905
 781 0275 18       		.uleb128 0x18
 782 0276 56000000 		.4byte	.LASF31
 783 027a 01       		.byte	0x1
 784 027b 2D01     		.2byte	0x12d
 785 027d 8C030000 		.4byte	0x38c
 786 0281 05       		.uleb128 0x5
 787 0282 03       		.byte	0x3
 788 0283 0C000000 		.4byte	cy_cfg_data_table.4906
 789 0287 19       		.uleb128 0x19
 790 0288 06       		.byte	0x6
ARM GAS  C:\Users\Admin\AppData\Local\Temp\ccCFYQam.s 			page 22


 791 0289 01       		.byte	0x1
 792 028a 4501     		.2byte	0x145
 793 028c AB020000 		.4byte	0x2ab
 794 0290 1A       		.uleb128 0x1a
 795 0291 75010000 		.4byte	.LASF32
 796 0295 01       		.byte	0x1
 797 0296 4601     		.2byte	0x146
 798 0298 84000000 		.4byte	0x84
 799 029c 00       		.byte	0
 800 029d 1A       		.uleb128 0x1a
 801 029e 7E000000 		.4byte	.LASF33
 802 02a2 01       		.byte	0x1
 803 02a3 4701     		.2byte	0x147
 804 02a5 99000000 		.4byte	0x99
 805 02a9 04       		.byte	0x4
 806 02aa 00       		.byte	0
 807 02ab 06       		.uleb128 0x6
 808 02ac 22020000 		.4byte	.LASF34
 809 02b0 01       		.byte	0x1
 810 02b1 4801     		.2byte	0x148
 811 02b3 87020000 		.4byte	0x287
 812 02b7 1B       		.uleb128 0x1b
 813 02b8 C7020000 		.4byte	0x2c7
 814 02bc C7020000 		.4byte	0x2c7
 815 02c0 1C       		.uleb128 0x1c
 816 02c1 7D000000 		.4byte	0x7d
 817 02c5 01       		.byte	0x1
 818 02c6 00       		.byte	0
 819 02c7 10       		.uleb128 0x10
 820 02c8 AB020000 		.4byte	0x2ab
 821 02cc 18       		.uleb128 0x18
 822 02cd 6E000000 		.4byte	.LASF35
 823 02d1 01       		.byte	0x1
 824 02d2 4A01     		.2byte	0x14a
 825 02d4 DE020000 		.4byte	0x2de
 826 02d8 05       		.uleb128 0x5
 827 02d9 03       		.byte	0x3
 828 02da 00000000 		.4byte	cfg_memset_list.4911
 829 02de 10       		.uleb128 0x10
 830 02df B7020000 		.4byte	0x2b7
 831 02e3 1D       		.uleb128 0x1d
 832 02e4 6900     		.ascii	"i\000"
 833 02e6 01       		.byte	0x1
 834 02e7 5001     		.2byte	0x150
 835 02e9 8D000000 		.4byte	0x8d
 836 02ed BC000000 		.4byte	.LLST6
 837 02f1 17       		.uleb128 0x17
 838 02f2 84000000 		.4byte	.LBB4
 839 02f6 1C000000 		.4byte	.LBE4-.LBB4
 840 02fa 37030000 		.4byte	0x337
 841 02fe 1D       		.uleb128 0x1d
 842 02ff 6D7300   		.ascii	"ms\000"
 843 0302 01       		.byte	0x1
 844 0303 5501     		.2byte	0x155
 845 0305 0D030000 		.4byte	0x30d
 846 0309 E6000000 		.4byte	.LLST7
 847 030d 0F       		.uleb128 0xf
ARM GAS  C:\Users\Admin\AppData\Local\Temp\ccCFYQam.s 			page 23


 848 030e 04       		.byte	0x4
 849 030f C7020000 		.4byte	0x2c7
 850 0313 13       		.uleb128 0x13
 851 0314 A0000000 		.4byte	.LVL20
 852 0318 A7010000 		.4byte	0x1a7
 853 031c 14       		.uleb128 0x14
 854 031d 01       		.uleb128 0x1
 855 031e 51       		.byte	0x51
 856 031f 15       		.uleb128 0x15
 857 0320 74       		.byte	0x74
 858 0321 00       		.sleb128 0
 859 0322 31       		.byte	0x31
 860 0323 24       		.byte	0x24
 861 0324 74       		.byte	0x74
 862 0325 00       		.sleb128 0
 863 0326 22       		.byte	0x22
 864 0327 31       		.byte	0x31
 865 0328 24       		.byte	0x24
 866 0329 03       		.byte	0x3
 867 032a 04000000 		.4byte	.LANCHOR0+4
 868 032e 22       		.byte	0x22
 869 032f 94       		.byte	0x94
 870 0330 02       		.byte	0x2
 871 0331 0A       		.byte	0xa
 872 0332 FFFF     		.2byte	0xffff
 873 0334 1A       		.byte	0x1a
 874 0335 00       		.byte	0
 875 0336 00       		.byte	0
 876 0337 13       		.uleb128 0x13
 877 0338 B4000000 		.4byte	.LVL23
 878 033c 0D010000 		.4byte	0x10d
 879 0340 14       		.uleb128 0x14
 880 0341 01       		.uleb128 0x1
 881 0342 50       		.byte	0x50
 882 0343 05       		.uleb128 0x5
 883 0344 03       		.byte	0x3
 884 0345 34000000 		.4byte	.LANCHOR0+52
 885 0349 14       		.uleb128 0x14
 886 034a 01       		.uleb128 0x1
 887 034b 51       		.byte	0x51
 888 034c 05       		.uleb128 0x5
 889 034d 03       		.byte	0x3
 890 034e 0C000000 		.4byte	.LANCHOR0+12
 891 0352 00       		.byte	0
 892 0353 00       		.byte	0
 893 0354 1E       		.uleb128 0x1e
 894 0355 26010000 		.4byte	.LVL24
 895 0359 F4010000 		.4byte	0x1f4
 896 035d 1E       		.uleb128 0x1e
 897 035e 2A010000 		.4byte	.LVL25
 898 0362 95010000 		.4byte	0x195
 899 0366 00       		.byte	0
 900 0367 1B       		.uleb128 0x1b
 901 0368 85010000 		.4byte	0x185
 902 036c 77030000 		.4byte	0x377
 903 0370 1C       		.uleb128 0x1c
 904 0371 7D000000 		.4byte	0x7d
ARM GAS  C:\Users\Admin\AppData\Local\Temp\ccCFYQam.s 			page 24


 905 0375 04       		.byte	0x4
 906 0376 00       		.byte	0
 907 0377 10       		.uleb128 0x10
 908 0378 67030000 		.4byte	0x367
 909 037c 1B       		.uleb128 0x1b
 910 037d 90010000 		.4byte	0x190
 911 0381 8C030000 		.4byte	0x38c
 912 0385 1C       		.uleb128 0x1c
 913 0386 7D000000 		.4byte	0x7d
 914 038a 12       		.byte	0x12
 915 038b 00       		.byte	0
 916 038c 10       		.uleb128 0x10
 917 038d 7C030000 		.4byte	0x37c
 918 0391 1F       		.uleb128 0x1f
 919 0392 B8000000 		.4byte	.LASF44
 920 0396 B8000000 		.4byte	.LASF44
 921 039a 20       		.uleb128 0x20
 922 039b 8B020000 		.4byte	.LASF36
 923 039f 8B020000 		.4byte	.LASF36
 924 03a3 04       		.byte	0x4
 925 03a4 6C       		.byte	0x6c
 926 03a5 20       		.uleb128 0x20
 927 03a6 1E000000 		.4byte	.LASF37
 928 03aa 1E000000 		.4byte	.LASF37
 929 03ae 04       		.byte	0x4
 930 03af D0       		.byte	0xd0
 931 03b0 20       		.uleb128 0x20
 932 03b1 D8000000 		.4byte	.LASF38
 933 03b5 D8000000 		.4byte	.LASF38
 934 03b9 04       		.byte	0x4
 935 03ba D6       		.byte	0xd6
 936 03bb 00       		.byte	0
 937              		.section	.debug_abbrev,"",%progbits
 938              	.Ldebug_abbrev0:
 939 0000 01       		.uleb128 0x1
 940 0001 11       		.uleb128 0x11
 941 0002 01       		.byte	0x1
 942 0003 25       		.uleb128 0x25
 943 0004 0E       		.uleb128 0xe
 944 0005 13       		.uleb128 0x13
 945 0006 0B       		.uleb128 0xb
 946 0007 03       		.uleb128 0x3
 947 0008 0E       		.uleb128 0xe
 948 0009 1B       		.uleb128 0x1b
 949 000a 0E       		.uleb128 0xe
 950 000b 55       		.uleb128 0x55
 951 000c 17       		.uleb128 0x17
 952 000d 11       		.uleb128 0x11
 953 000e 01       		.uleb128 0x1
 954 000f 10       		.uleb128 0x10
 955 0010 17       		.uleb128 0x17
 956 0011 00       		.byte	0
 957 0012 00       		.byte	0
 958 0013 02       		.uleb128 0x2
 959 0014 24       		.uleb128 0x24
 960 0015 00       		.byte	0
 961 0016 0B       		.uleb128 0xb
ARM GAS  C:\Users\Admin\AppData\Local\Temp\ccCFYQam.s 			page 25


 962 0017 0B       		.uleb128 0xb
 963 0018 3E       		.uleb128 0x3e
 964 0019 0B       		.uleb128 0xb
 965 001a 03       		.uleb128 0x3
 966 001b 08       		.uleb128 0x8
 967 001c 00       		.byte	0
 968 001d 00       		.byte	0
 969 001e 03       		.uleb128 0x3
 970 001f 16       		.uleb128 0x16
 971 0020 00       		.byte	0
 972 0021 03       		.uleb128 0x3
 973 0022 0E       		.uleb128 0xe
 974 0023 3A       		.uleb128 0x3a
 975 0024 0B       		.uleb128 0xb
 976 0025 3B       		.uleb128 0x3b
 977 0026 0B       		.uleb128 0xb
 978 0027 49       		.uleb128 0x49
 979 0028 13       		.uleb128 0x13
 980 0029 00       		.byte	0
 981 002a 00       		.byte	0
 982 002b 04       		.uleb128 0x4
 983 002c 24       		.uleb128 0x24
 984 002d 00       		.byte	0
 985 002e 0B       		.uleb128 0xb
 986 002f 0B       		.uleb128 0xb
 987 0030 3E       		.uleb128 0x3e
 988 0031 0B       		.uleb128 0xb
 989 0032 03       		.uleb128 0x3
 990 0033 0E       		.uleb128 0xe
 991 0034 00       		.byte	0
 992 0035 00       		.byte	0
 993 0036 05       		.uleb128 0x5
 994 0037 0F       		.uleb128 0xf
 995 0038 00       		.byte	0
 996 0039 0B       		.uleb128 0xb
 997 003a 0B       		.uleb128 0xb
 998 003b 00       		.byte	0
 999 003c 00       		.byte	0
 1000 003d 06       		.uleb128 0x6
 1001 003e 16       		.uleb128 0x16
 1002 003f 00       		.byte	0
 1003 0040 03       		.uleb128 0x3
 1004 0041 0E       		.uleb128 0xe
 1005 0042 3A       		.uleb128 0x3a
 1006 0043 0B       		.uleb128 0xb
 1007 0044 3B       		.uleb128 0x3b
 1008 0045 05       		.uleb128 0x5
 1009 0046 49       		.uleb128 0x49
 1010 0047 13       		.uleb128 0x13
 1011 0048 00       		.byte	0
 1012 0049 00       		.byte	0
 1013 004a 07       		.uleb128 0x7
 1014 004b 35       		.uleb128 0x35
 1015 004c 00       		.byte	0
 1016 004d 49       		.uleb128 0x49
 1017 004e 13       		.uleb128 0x13
 1018 004f 00       		.byte	0
ARM GAS  C:\Users\Admin\AppData\Local\Temp\ccCFYQam.s 			page 26


 1019 0050 00       		.byte	0
 1020 0051 08       		.uleb128 0x8
 1021 0052 13       		.uleb128 0x13
 1022 0053 01       		.byte	0x1
 1023 0054 0B       		.uleb128 0xb
 1024 0055 0B       		.uleb128 0xb
 1025 0056 3A       		.uleb128 0x3a
 1026 0057 0B       		.uleb128 0xb
 1027 0058 3B       		.uleb128 0x3b
 1028 0059 0B       		.uleb128 0xb
 1029 005a 01       		.uleb128 0x1
 1030 005b 13       		.uleb128 0x13
 1031 005c 00       		.byte	0
 1032 005d 00       		.byte	0
 1033 005e 09       		.uleb128 0x9
 1034 005f 0D       		.uleb128 0xd
 1035 0060 00       		.byte	0
 1036 0061 03       		.uleb128 0x3
 1037 0062 0E       		.uleb128 0xe
 1038 0063 3A       		.uleb128 0x3a
 1039 0064 0B       		.uleb128 0xb
 1040 0065 3B       		.uleb128 0x3b
 1041 0066 0B       		.uleb128 0xb
 1042 0067 49       		.uleb128 0x49
 1043 0068 13       		.uleb128 0x13
 1044 0069 38       		.uleb128 0x38
 1045 006a 0B       		.uleb128 0xb
 1046 006b 00       		.byte	0
 1047 006c 00       		.byte	0
 1048 006d 0A       		.uleb128 0xa
 1049 006e 2E       		.uleb128 0x2e
 1050 006f 01       		.byte	0x1
 1051 0070 03       		.uleb128 0x3
 1052 0071 0E       		.uleb128 0xe
 1053 0072 3A       		.uleb128 0x3a
 1054 0073 0B       		.uleb128 0xb
 1055 0074 3B       		.uleb128 0x3b
 1056 0075 0B       		.uleb128 0xb
 1057 0076 27       		.uleb128 0x27
 1058 0077 19       		.uleb128 0x19
 1059 0078 11       		.uleb128 0x11
 1060 0079 01       		.uleb128 0x1
 1061 007a 12       		.uleb128 0x12
 1062 007b 06       		.uleb128 0x6
 1063 007c 40       		.uleb128 0x40
 1064 007d 18       		.uleb128 0x18
 1065 007e 9742     		.uleb128 0x2117
 1066 0080 19       		.uleb128 0x19
 1067 0081 01       		.uleb128 0x1
 1068 0082 13       		.uleb128 0x13
 1069 0083 00       		.byte	0
 1070 0084 00       		.byte	0
 1071 0085 0B       		.uleb128 0xb
 1072 0086 05       		.uleb128 0x5
 1073 0087 00       		.byte	0
 1074 0088 03       		.uleb128 0x3
 1075 0089 0E       		.uleb128 0xe
ARM GAS  C:\Users\Admin\AppData\Local\Temp\ccCFYQam.s 			page 27


 1076 008a 3A       		.uleb128 0x3a
 1077 008b 0B       		.uleb128 0xb
 1078 008c 3B       		.uleb128 0x3b
 1079 008d 0B       		.uleb128 0xb
 1080 008e 49       		.uleb128 0x49
 1081 008f 13       		.uleb128 0x13
 1082 0090 02       		.uleb128 0x2
 1083 0091 18       		.uleb128 0x18
 1084 0092 00       		.byte	0
 1085 0093 00       		.byte	0
 1086 0094 0C       		.uleb128 0xc
 1087 0095 34       		.uleb128 0x34
 1088 0096 00       		.byte	0
 1089 0097 03       		.uleb128 0x3
 1090 0098 08       		.uleb128 0x8
 1091 0099 3A       		.uleb128 0x3a
 1092 009a 0B       		.uleb128 0xb
 1093 009b 3B       		.uleb128 0x3b
 1094 009c 0B       		.uleb128 0xb
 1095 009d 49       		.uleb128 0x49
 1096 009e 13       		.uleb128 0x13
 1097 009f 02       		.uleb128 0x2
 1098 00a0 17       		.uleb128 0x17
 1099 00a1 00       		.byte	0
 1100 00a2 00       		.byte	0
 1101 00a3 0D       		.uleb128 0xd
 1102 00a4 0B       		.uleb128 0xb
 1103 00a5 01       		.byte	0x1
 1104 00a6 11       		.uleb128 0x11
 1105 00a7 01       		.uleb128 0x1
 1106 00a8 12       		.uleb128 0x12
 1107 00a9 06       		.uleb128 0x6
 1108 00aa 00       		.byte	0
 1109 00ab 00       		.byte	0
 1110 00ac 0E       		.uleb128 0xe
 1111 00ad 34       		.uleb128 0x34
 1112 00ae 00       		.byte	0
 1113 00af 03       		.uleb128 0x3
 1114 00b0 0E       		.uleb128 0xe
 1115 00b1 3A       		.uleb128 0x3a
 1116 00b2 0B       		.uleb128 0xb
 1117 00b3 3B       		.uleb128 0x3b
 1118 00b4 0B       		.uleb128 0xb
 1119 00b5 49       		.uleb128 0x49
 1120 00b6 13       		.uleb128 0x13
 1121 00b7 02       		.uleb128 0x2
 1122 00b8 17       		.uleb128 0x17
 1123 00b9 00       		.byte	0
 1124 00ba 00       		.byte	0
 1125 00bb 0F       		.uleb128 0xf
 1126 00bc 0F       		.uleb128 0xf
 1127 00bd 00       		.byte	0
 1128 00be 0B       		.uleb128 0xb
 1129 00bf 0B       		.uleb128 0xb
 1130 00c0 49       		.uleb128 0x49
 1131 00c1 13       		.uleb128 0x13
 1132 00c2 00       		.byte	0
ARM GAS  C:\Users\Admin\AppData\Local\Temp\ccCFYQam.s 			page 28


 1133 00c3 00       		.byte	0
 1134 00c4 10       		.uleb128 0x10
 1135 00c5 26       		.uleb128 0x26
 1136 00c6 00       		.byte	0
 1137 00c7 49       		.uleb128 0x49
 1138 00c8 13       		.uleb128 0x13
 1139 00c9 00       		.byte	0
 1140 00ca 00       		.byte	0
 1141 00cb 11       		.uleb128 0x11
 1142 00cc 2E       		.uleb128 0x2e
 1143 00cd 00       		.byte	0
 1144 00ce 03       		.uleb128 0x3
 1145 00cf 0E       		.uleb128 0xe
 1146 00d0 3A       		.uleb128 0x3a
 1147 00d1 0B       		.uleb128 0xb
 1148 00d2 3B       		.uleb128 0x3b
 1149 00d3 05       		.uleb128 0x5
 1150 00d4 27       		.uleb128 0x27
 1151 00d5 19       		.uleb128 0x19
 1152 00d6 11       		.uleb128 0x11
 1153 00d7 01       		.uleb128 0x1
 1154 00d8 12       		.uleb128 0x12
 1155 00d9 06       		.uleb128 0x6
 1156 00da 40       		.uleb128 0x40
 1157 00db 18       		.uleb128 0x18
 1158 00dc 9742     		.uleb128 0x2117
 1159 00de 19       		.uleb128 0x19
 1160 00df 00       		.byte	0
 1161 00e0 00       		.byte	0
 1162 00e1 12       		.uleb128 0x12
 1163 00e2 05       		.uleb128 0x5
 1164 00e3 00       		.byte	0
 1165 00e4 03       		.uleb128 0x3
 1166 00e5 08       		.uleb128 0x8
 1167 00e6 3A       		.uleb128 0x3a
 1168 00e7 0B       		.uleb128 0xb
 1169 00e8 3B       		.uleb128 0x3b
 1170 00e9 0B       		.uleb128 0xb
 1171 00ea 49       		.uleb128 0x49
 1172 00eb 13       		.uleb128 0x13
 1173 00ec 02       		.uleb128 0x2
 1174 00ed 17       		.uleb128 0x17
 1175 00ee 00       		.byte	0
 1176 00ef 00       		.byte	0
 1177 00f0 13       		.uleb128 0x13
 1178 00f1 898201   		.uleb128 0x4109
 1179 00f4 01       		.byte	0x1
 1180 00f5 11       		.uleb128 0x11
 1181 00f6 01       		.uleb128 0x1
 1182 00f7 31       		.uleb128 0x31
 1183 00f8 13       		.uleb128 0x13
 1184 00f9 00       		.byte	0
 1185 00fa 00       		.byte	0
 1186 00fb 14       		.uleb128 0x14
 1187 00fc 8A8201   		.uleb128 0x410a
 1188 00ff 00       		.byte	0
 1189 0100 02       		.uleb128 0x2
ARM GAS  C:\Users\Admin\AppData\Local\Temp\ccCFYQam.s 			page 29


 1190 0101 18       		.uleb128 0x18
 1191 0102 9142     		.uleb128 0x2111
 1192 0104 18       		.uleb128 0x18
 1193 0105 00       		.byte	0
 1194 0106 00       		.byte	0
 1195 0107 15       		.uleb128 0x15
 1196 0108 898201   		.uleb128 0x4109
 1197 010b 01       		.byte	0x1
 1198 010c 11       		.uleb128 0x11
 1199 010d 01       		.uleb128 0x1
 1200 010e 31       		.uleb128 0x31
 1201 010f 13       		.uleb128 0x13
 1202 0110 01       		.uleb128 0x1
 1203 0111 13       		.uleb128 0x13
 1204 0112 00       		.byte	0
 1205 0113 00       		.byte	0
 1206 0114 16       		.uleb128 0x16
 1207 0115 2E       		.uleb128 0x2e
 1208 0116 01       		.byte	0x1
 1209 0117 3F       		.uleb128 0x3f
 1210 0118 19       		.uleb128 0x19
 1211 0119 03       		.uleb128 0x3
 1212 011a 0E       		.uleb128 0xe
 1213 011b 3A       		.uleb128 0x3a
 1214 011c 0B       		.uleb128 0xb
 1215 011d 3B       		.uleb128 0x3b
 1216 011e 05       		.uleb128 0x5
 1217 011f 27       		.uleb128 0x27
 1218 0120 19       		.uleb128 0x19
 1219 0121 11       		.uleb128 0x11
 1220 0122 01       		.uleb128 0x1
 1221 0123 12       		.uleb128 0x12
 1222 0124 06       		.uleb128 0x6
 1223 0125 40       		.uleb128 0x40
 1224 0126 18       		.uleb128 0x18
 1225 0127 9742     		.uleb128 0x2117
 1226 0129 19       		.uleb128 0x19
 1227 012a 01       		.uleb128 0x1
 1228 012b 13       		.uleb128 0x13
 1229 012c 00       		.byte	0
 1230 012d 00       		.byte	0
 1231 012e 17       		.uleb128 0x17
 1232 012f 0B       		.uleb128 0xb
 1233 0130 01       		.byte	0x1
 1234 0131 11       		.uleb128 0x11
 1235 0132 01       		.uleb128 0x1
 1236 0133 12       		.uleb128 0x12
 1237 0134 06       		.uleb128 0x6
 1238 0135 01       		.uleb128 0x1
 1239 0136 13       		.uleb128 0x13
 1240 0137 00       		.byte	0
 1241 0138 00       		.byte	0
 1242 0139 18       		.uleb128 0x18
 1243 013a 34       		.uleb128 0x34
 1244 013b 00       		.byte	0
 1245 013c 03       		.uleb128 0x3
 1246 013d 0E       		.uleb128 0xe
ARM GAS  C:\Users\Admin\AppData\Local\Temp\ccCFYQam.s 			page 30


 1247 013e 3A       		.uleb128 0x3a
 1248 013f 0B       		.uleb128 0xb
 1249 0140 3B       		.uleb128 0x3b
 1250 0141 05       		.uleb128 0x5
 1251 0142 49       		.uleb128 0x49
 1252 0143 13       		.uleb128 0x13
 1253 0144 02       		.uleb128 0x2
 1254 0145 18       		.uleb128 0x18
 1255 0146 00       		.byte	0
 1256 0147 00       		.byte	0
 1257 0148 19       		.uleb128 0x19
 1258 0149 13       		.uleb128 0x13
 1259 014a 01       		.byte	0x1
 1260 014b 0B       		.uleb128 0xb
 1261 014c 0B       		.uleb128 0xb
 1262 014d 3A       		.uleb128 0x3a
 1263 014e 0B       		.uleb128 0xb
 1264 014f 3B       		.uleb128 0x3b
 1265 0150 05       		.uleb128 0x5
 1266 0151 01       		.uleb128 0x1
 1267 0152 13       		.uleb128 0x13
 1268 0153 00       		.byte	0
 1269 0154 00       		.byte	0
 1270 0155 1A       		.uleb128 0x1a
 1271 0156 0D       		.uleb128 0xd
 1272 0157 00       		.byte	0
 1273 0158 03       		.uleb128 0x3
 1274 0159 0E       		.uleb128 0xe
 1275 015a 3A       		.uleb128 0x3a
 1276 015b 0B       		.uleb128 0xb
 1277 015c 3B       		.uleb128 0x3b
 1278 015d 05       		.uleb128 0x5
 1279 015e 49       		.uleb128 0x49
 1280 015f 13       		.uleb128 0x13
 1281 0160 38       		.uleb128 0x38
 1282 0161 0B       		.uleb128 0xb
 1283 0162 00       		.byte	0
 1284 0163 00       		.byte	0
 1285 0164 1B       		.uleb128 0x1b
 1286 0165 01       		.uleb128 0x1
 1287 0166 01       		.byte	0x1
 1288 0167 49       		.uleb128 0x49
 1289 0168 13       		.uleb128 0x13
 1290 0169 01       		.uleb128 0x1
 1291 016a 13       		.uleb128 0x13
 1292 016b 00       		.byte	0
 1293 016c 00       		.byte	0
 1294 016d 1C       		.uleb128 0x1c
 1295 016e 21       		.uleb128 0x21
 1296 016f 00       		.byte	0
 1297 0170 49       		.uleb128 0x49
 1298 0171 13       		.uleb128 0x13
 1299 0172 2F       		.uleb128 0x2f
 1300 0173 0B       		.uleb128 0xb
 1301 0174 00       		.byte	0
 1302 0175 00       		.byte	0
 1303 0176 1D       		.uleb128 0x1d
ARM GAS  C:\Users\Admin\AppData\Local\Temp\ccCFYQam.s 			page 31


 1304 0177 34       		.uleb128 0x34
 1305 0178 00       		.byte	0
 1306 0179 03       		.uleb128 0x3
 1307 017a 08       		.uleb128 0x8
 1308 017b 3A       		.uleb128 0x3a
 1309 017c 0B       		.uleb128 0xb
 1310 017d 3B       		.uleb128 0x3b
 1311 017e 05       		.uleb128 0x5
 1312 017f 49       		.uleb128 0x49
 1313 0180 13       		.uleb128 0x13
 1314 0181 02       		.uleb128 0x2
 1315 0182 17       		.uleb128 0x17
 1316 0183 00       		.byte	0
 1317 0184 00       		.byte	0
 1318 0185 1E       		.uleb128 0x1e
 1319 0186 898201   		.uleb128 0x4109
 1320 0189 00       		.byte	0
 1321 018a 11       		.uleb128 0x11
 1322 018b 01       		.uleb128 0x1
 1323 018c 31       		.uleb128 0x31
 1324 018d 13       		.uleb128 0x13
 1325 018e 00       		.byte	0
 1326 018f 00       		.byte	0
 1327 0190 1F       		.uleb128 0x1f
 1328 0191 2E       		.uleb128 0x2e
 1329 0192 00       		.byte	0
 1330 0193 3F       		.uleb128 0x3f
 1331 0194 19       		.uleb128 0x19
 1332 0195 3C       		.uleb128 0x3c
 1333 0196 19       		.uleb128 0x19
 1334 0197 6E       		.uleb128 0x6e
 1335 0198 0E       		.uleb128 0xe
 1336 0199 03       		.uleb128 0x3
 1337 019a 0E       		.uleb128 0xe
 1338 019b 00       		.byte	0
 1339 019c 00       		.byte	0
 1340 019d 20       		.uleb128 0x20
 1341 019e 2E       		.uleb128 0x2e
 1342 019f 00       		.byte	0
 1343 01a0 3F       		.uleb128 0x3f
 1344 01a1 19       		.uleb128 0x19
 1345 01a2 3C       		.uleb128 0x3c
 1346 01a3 19       		.uleb128 0x19
 1347 01a4 6E       		.uleb128 0x6e
 1348 01a5 0E       		.uleb128 0xe
 1349 01a6 03       		.uleb128 0x3
 1350 01a7 0E       		.uleb128 0xe
 1351 01a8 3A       		.uleb128 0x3a
 1352 01a9 0B       		.uleb128 0xb
 1353 01aa 3B       		.uleb128 0x3b
 1354 01ab 0B       		.uleb128 0xb
 1355 01ac 00       		.byte	0
 1356 01ad 00       		.byte	0
 1357 01ae 00       		.byte	0
 1358              		.section	.debug_loc,"",%progbits
 1359              	.Ldebug_loc0:
 1360              	.LLST0:
ARM GAS  C:\Users\Admin\AppData\Local\Temp\ccCFYQam.s 			page 32


 1361 0000 02000000 		.4byte	.LVL1
 1362 0004 08000000 		.4byte	.LVL2
 1363 0008 0200     		.2byte	0x2
 1364 000a 30       		.byte	0x30
 1365 000b 9F       		.byte	0x9f
 1366 000c 08000000 		.4byte	.LVL2
 1367 0010 30000000 		.4byte	.LVL11
 1368 0014 0100     		.2byte	0x1
 1369 0016 57       		.byte	0x57
 1370 0017 00000000 		.4byte	0
 1371 001b 00000000 		.4byte	0
 1372              	.LLST1:
 1373 001f 02000000 		.4byte	.LVL1
 1374 0023 08000000 		.4byte	.LVL2
 1375 0027 0200     		.2byte	0x2
 1376 0029 30       		.byte	0x30
 1377 002a 9F       		.byte	0x9f
 1378 002b 08000000 		.4byte	.LVL2
 1379 002f 30000000 		.4byte	.LVL10
 1380 0033 0100     		.2byte	0x1
 1381 0035 55       		.byte	0x55
 1382 0036 00000000 		.4byte	0
 1383 003a 00000000 		.4byte	0
 1384              	.LLST2:
 1385 003e 0C000000 		.4byte	.LVL3
 1386 0042 2C000000 		.4byte	.LVL9
 1387 0046 0100     		.2byte	0x1
 1388 0048 56       		.byte	0x56
 1389 0049 00000000 		.4byte	0
 1390 004d 00000000 		.4byte	0
 1391              	.LLST3:
 1392 0051 0E000000 		.4byte	.LVL4
 1393 0055 24000000 		.4byte	.LVL7
 1394 0059 0100     		.2byte	0x1
 1395 005b 53       		.byte	0x53
 1396 005c 26000000 		.4byte	.LVL8
 1397 0060 2C000000 		.4byte	.LVL9
 1398 0064 0100     		.2byte	0x1
 1399 0066 53       		.byte	0x53
 1400 0067 00000000 		.4byte	0
 1401 006b 00000000 		.4byte	0
 1402              	.LLST4:
 1403 006f 00000000 		.4byte	.LVL12
 1404 0073 09000000 		.4byte	.LVL14-1
 1405 0077 0100     		.2byte	0x1
 1406 0079 50       		.byte	0x50
 1407 007a 09000000 		.4byte	.LVL14-1
 1408 007e 0C000000 		.4byte	.LFE1
 1409 0082 0400     		.2byte	0x4
 1410 0084 F3       		.byte	0xf3
 1411 0085 01       		.uleb128 0x1
 1412 0086 50       		.byte	0x50
 1413 0087 9F       		.byte	0x9f
 1414 0088 00000000 		.4byte	0
 1415 008c 00000000 		.4byte	0
 1416              	.LLST5:
 1417 0090 00000000 		.4byte	.LVL12
ARM GAS  C:\Users\Admin\AppData\Local\Temp\ccCFYQam.s 			page 33


 1418 0094 06000000 		.4byte	.LVL13
 1419 0098 0100     		.2byte	0x1
 1420 009a 51       		.byte	0x51
 1421 009b 06000000 		.4byte	.LVL13
 1422 009f 09000000 		.4byte	.LVL14-1
 1423 00a3 0100     		.2byte	0x1
 1424 00a5 52       		.byte	0x52
 1425 00a6 09000000 		.4byte	.LVL14-1
 1426 00aa 0C000000 		.4byte	.LFE1
 1427 00ae 0400     		.2byte	0x4
 1428 00b0 F3       		.byte	0xf3
 1429 00b1 01       		.uleb128 0x1
 1430 00b2 51       		.byte	0x51
 1431 00b3 9F       		.byte	0x9f
 1432 00b4 00000000 		.4byte	0
 1433 00b8 00000000 		.4byte	0
 1434              	.LLST6:
 1435 00bc 80000000 		.4byte	.LVL18
 1436 00c0 84000000 		.4byte	.LVL19
 1437 00c4 0200     		.2byte	0x2
 1438 00c6 30       		.byte	0x30
 1439 00c7 9F       		.byte	0x9f
 1440 00c8 84000000 		.4byte	.LVL19
 1441 00cc A2000000 		.4byte	.LVL21
 1442 00d0 0100     		.2byte	0x1
 1443 00d2 54       		.byte	0x54
 1444 00d3 A4000000 		.4byte	.LVL22
 1445 00d7 2A010000 		.4byte	.LVL26
 1446 00db 0100     		.2byte	0x1
 1447 00dd 54       		.byte	0x54
 1448 00de 00000000 		.4byte	0
 1449 00e2 00000000 		.4byte	0
 1450              	.LLST7:
 1451 00e6 84000000 		.4byte	.LVL19
 1452 00ea A2000000 		.4byte	.LVL21
 1453 00ee 0B00     		.2byte	0xb
 1454 00f0 74       		.byte	0x74
 1455 00f1 00       		.sleb128 0
 1456 00f2 36       		.byte	0x36
 1457 00f3 1E       		.byte	0x1e
 1458 00f4 03       		.byte	0x3
 1459 00f5 00000000 		.4byte	cfg_memset_list.4911
 1460 00f9 22       		.byte	0x22
 1461 00fa 9F       		.byte	0x9f
 1462 00fb A2000000 		.4byte	.LVL21
 1463 00ff A4000000 		.4byte	.LVL22
 1464 0103 0B00     		.2byte	0xb
 1465 0105 74       		.byte	0x74
 1466 0106 7F       		.sleb128 -1
 1467 0107 36       		.byte	0x36
 1468 0108 1E       		.byte	0x1e
 1469 0109 03       		.byte	0x3
 1470 010a 00000000 		.4byte	cfg_memset_list.4911
 1471 010e 22       		.byte	0x22
 1472 010f 9F       		.byte	0x9f
 1473 0110 00000000 		.4byte	0
 1474 0114 00000000 		.4byte	0
ARM GAS  C:\Users\Admin\AppData\Local\Temp\ccCFYQam.s 			page 34


 1475              		.section	.debug_aranges,"",%progbits
 1476 0000 3C000000 		.4byte	0x3c
 1477 0004 0200     		.2byte	0x2
 1478 0006 00000000 		.4byte	.Ldebug_info0
 1479 000a 04       		.byte	0x4
 1480 000b 00       		.byte	0
 1481 000c 0000     		.2byte	0
 1482 000e 0000     		.2byte	0
 1483 0010 00000000 		.4byte	.LFB4
 1484 0014 32000000 		.4byte	.LFE4-.LFB4
 1485 0018 00000000 		.4byte	.LFB6
 1486 001c 20000000 		.4byte	.LFE6-.LFB6
 1487 0020 00000000 		.4byte	.LFB1
 1488 0024 0C000000 		.4byte	.LFE1-.LFB1
 1489 0028 00000000 		.4byte	.LFB5
 1490 002c 7C000000 		.4byte	.LFE5-.LFB5
 1491 0030 7C000000 		.4byte	.LFB7
 1492 0034 F0000000 		.4byte	.LFE7-.LFB7
 1493 0038 00000000 		.4byte	0
 1494 003c 00000000 		.4byte	0
 1495              		.section	.debug_ranges,"",%progbits
 1496              	.Ldebug_ranges0:
 1497 0000 00000000 		.4byte	.LFB4
 1498 0004 32000000 		.4byte	.LFE4
 1499 0008 00000000 		.4byte	.LFB6
 1500 000c 20000000 		.4byte	.LFE6
 1501 0010 00000000 		.4byte	.LFB1
 1502 0014 0C000000 		.4byte	.LFE1
 1503 0018 00000000 		.4byte	.LFB5
 1504 001c 7C000000 		.4byte	.LFE5
 1505 0020 7C000000 		.4byte	.LFB7
 1506 0024 6C010000 		.4byte	.LFE7
 1507 0028 00000000 		.4byte	0
 1508 002c 00000000 		.4byte	0
 1509              		.section	.debug_line,"",%progbits
 1510              	.Ldebug_line0:
 1511 0000 72010000 		.section	.debug_str,"MS",%progbits,1
 1511      0200D600 
 1511      00000201 
 1511      FB0E0D00 
 1511      01010101 
 1512              	.LASF19:
 1513 0000 72656733 		.ascii	"reg32\000"
 1513      3200
 1514              	.LASF12:
 1515 0006 73697A65 		.ascii	"size_t\000"
 1515      5F7400
 1516              	.LASF42:
 1517 000d 416E616C 		.ascii	"AnalogSetDefault\000"
 1517      6F675365 
 1517      74446566 
 1517      61756C74 
 1517      00
 1518              	.LASF37:
 1519 001e 4379496E 		.ascii	"CyIntSetVector\000"
 1519      74536574 
 1519      56656374 
ARM GAS  C:\Users\Admin\AppData\Local\Temp\ccCFYQam.s 			page 35


 1519      6F7200
 1520              	.LASF21:
 1521 002d 76616C75 		.ascii	"value\000"
 1521      6500
 1522              	.LASF26:
 1523 0033 636F756E 		.ascii	"count\000"
 1523      7400
 1524              	.LASF29:
 1525 0039 436C6F63 		.ascii	"ClockSetup\000"
 1525      6B536574 
 1525      757000
 1526              	.LASF30:
 1527 0044 63795F63 		.ascii	"cy_cfg_addr_table\000"
 1527      66675F61 
 1527      6464725F 
 1527      7461626C 
 1527      6500
 1528              	.LASF31:
 1529 0056 63795F63 		.ascii	"cy_cfg_data_table\000"
 1529      66675F64 
 1529      6174615F 
 1529      7461626C 
 1529      6500
 1530              	.LASF16:
 1531 0068 666C6F61 		.ascii	"float\000"
 1531      7400
 1532              	.LASF35:
 1533 006e 6366675F 		.ascii	"cfg_memset_list\000"
 1533      6D656D73 
 1533      65745F6C 
 1533      69737400 
 1534              	.LASF33:
 1535 007e 73697A65 		.ascii	"size\000"
 1535      00
 1536              	.LASF18:
 1537 0083 72656738 		.ascii	"reg8\000"
 1537      00
 1538              	.LASF8:
 1539 0088 6C6F6E67 		.ascii	"long unsigned int\000"
 1539      20756E73 
 1539      69676E65 
 1539      6420696E 
 1539      7400
 1540              	.LASF13:
 1541 009a 75696E74 		.ascii	"uint8\000"
 1541      3800
 1542              	.LASF28:
 1543 00a0 43594D45 		.ascii	"CYMEMZERO\000"
 1543      4D5A4552 
 1543      4F00
 1544              	.LASF4:
 1545 00aa 756E7369 		.ascii	"unsigned char\000"
 1545      676E6564 
 1545      20636861 
 1545      7200
 1546              	.LASF44:
 1547 00b8 6D656D73 		.ascii	"memset\000"
ARM GAS  C:\Users\Admin\AppData\Local\Temp\ccCFYQam.s 			page 36


 1547      657400
 1548              	.LASF17:
 1549 00bf 646F7562 		.ascii	"double\000"
 1549      6C6500
 1550              	.LASF27:
 1551 00c6 6366675F 		.ascii	"cfg_write_bytes32\000"
 1551      77726974 
 1551      655F6279 
 1551      74657333 
 1551      3200
 1552              	.LASF38:
 1553 00d8 4379496E 		.ascii	"CyIntEnable\000"
 1553      74456E61 
 1553      626C6500 
 1554              	.LASF23:
 1555 00e4 61646472 		.ascii	"addr_table\000"
 1555      5F746162 
 1555      6C6500
 1556              	.LASF14:
 1557 00ef 75696E74 		.ascii	"uint16\000"
 1557      313600
 1558              	.LASF24:
 1559 00f6 64617461 		.ascii	"data_table\000"
 1559      5F746162 
 1559      6C6500
 1560              	.LASF15:
 1561 0101 75696E74 		.ascii	"uint32\000"
 1561      333200
 1562              	.LASF41:
 1563 0108 443A5C65 		.ascii	"D:\\e d u c a t i o n\\m i c r o c o n t r o l l e "
 1563      20642075 
 1563      20632061 
 1563      20742069 
 1563      206F206E 
 1564 0139 72207320 		.ascii	"r s   2\\WorkspaceLabs\\lab-2.cydsn\000"
 1564      2020325C 
 1564      576F726B 
 1564      73706163 
 1564      654C6162 
 1565              	.LASF0:
 1566 015b 756E7369 		.ascii	"unsigned int\000"
 1566      676E6564 
 1566      20696E74 
 1566      00
 1567              	.LASF43:
 1568 0168 63796669 		.ascii	"cyfitter_cfg\000"
 1568      74746572 
 1568      5F636667 
 1568      00
 1569              	.LASF32:
 1570 0175 61646472 		.ascii	"address\000"
 1570      65737300 
 1571              	.LASF9:
 1572 017d 6C6F6E67 		.ascii	"long long unsigned int\000"
 1572      206C6F6E 
 1572      6720756E 
 1572      7369676E 
ARM GAS  C:\Users\Admin\AppData\Local\Temp\ccCFYQam.s 			page 37


 1572      65642069 
 1573              	.LASF39:
 1574 0194 474E5520 		.ascii	"GNU C11 5.4.1 20160609 (release) [ARM/embedded-5-br"
 1574      43313120 
 1574      352E342E 
 1574      31203230 
 1574      31363036 
 1575 01c7 616E6368 		.ascii	"anch revision 237715] -mcpu=cortex-m0 -mthumb -g -O"
 1575      20726576 
 1575      6973696F 
 1575      6E203233 
 1575      37373135 
 1576 01fa 67202D66 		.ascii	"g -ffunction-sections -ffat-lto-objects\000"
 1576      66756E63 
 1576      74696F6E 
 1576      2D736563 
 1576      74696F6E 
 1577              	.LASF34:
 1578 0222 6366675F 		.ascii	"cfg_memset_t\000"
 1578      6D656D73 
 1578      65745F74 
 1578      00
 1579              	.LASF25:
 1580 022f 62617365 		.ascii	"baseAddr\000"
 1580      41646472 
 1580      00
 1581              	.LASF10:
 1582 0238 73697A65 		.ascii	"sizetype\000"
 1582      74797065 
 1582      00
 1583              	.LASF6:
 1584 0241 73686F72 		.ascii	"short unsigned int\000"
 1584      7420756E 
 1584      7369676E 
 1584      65642069 
 1584      6E7400
 1585              	.LASF1:
 1586 0254 6C6F6E67 		.ascii	"long long int\000"
 1586      206C6F6E 
 1586      6720696E 
 1586      7400
 1587              	.LASF11:
 1588 0262 63686172 		.ascii	"char\000"
 1588      00
 1589              	.LASF22:
 1590 0267 63795F63 		.ascii	"cy_cfg_addrvalue_t\000"
 1590      66675F61 
 1590      64647276 
 1590      616C7565 
 1590      5F7400
 1591              	.LASF20:
 1592 027a 6F666673 		.ascii	"offset\000"
 1592      657400
 1593              	.LASF5:
 1594 0281 73686F72 		.ascii	"short int\000"
 1594      7420696E 
 1594      7400
ARM GAS  C:\Users\Admin\AppData\Local\Temp\ccCFYQam.s 			page 38


 1595              	.LASF36:
 1596 028b 43795379 		.ascii	"CySysClkWriteImoFreq\000"
 1596      73436C6B 
 1596      57726974 
 1596      65496D6F 
 1596      46726571 
 1597              	.LASF7:
 1598 02a0 6C6F6E67 		.ascii	"long int\000"
 1598      20696E74 
 1598      00
 1599              	.LASF2:
 1600 02a9 6C6F6E67 		.ascii	"long double\000"
 1600      20646F75 
 1600      626C6500 
 1601              	.LASF3:
 1602 02b5 7369676E 		.ascii	"signed char\000"
 1602      65642063 
 1602      68617200 
 1603              	.LASF40:
 1604 02c1 47656E65 		.ascii	"Generated_Source\\PSoC4\\cyfitter_cfg.c\000"
 1604      72617465 
 1604      645F536F 
 1604      75726365 
 1604      5C50536F 
 1605              		.ident	"GCC: (GNU Tools for ARM Embedded Processors) 5.4.1 20160609 (release) [ARM/embedded-5-bran
