ARM GAS  C:\Users\Admin\AppData\Local\Temp\ccS3cLOb.s 			page 1


   1              		.syntax unified
   2              		.cpu cortex-m0
   3              		.fpu softvfp
   4              		.eabi_attribute 20, 1
   5              		.eabi_attribute 21, 1
   6              		.eabi_attribute 23, 3
   7              		.eabi_attribute 24, 1
   8              		.eabi_attribute 25, 1
   9              		.eabi_attribute 26, 1
  10              		.eabi_attribute 30, 1
  11              		.eabi_attribute 34, 0
  12              		.eabi_attribute 18, 4
  13              		.thumb
  14              		.syntax unified
  15              		.file	"main.c"
  16              		.text
  17              	.Ltext0:
  18              		.cfi_sections	.debug_frame
  19              		.section	.text.timer_isr_interrupt,"ax",%progbits
  20              		.align	2
  21              		.global	timer_isr_interrupt
  22              		.code	16
  23              		.thumb_func
  24              		.type	timer_isr_interrupt, %function
  25              	timer_isr_interrupt:
  26              	.LFB34:
  27              		.file 1 "main.c"
   1:main.c        **** /* ========================================
   2:main.c        ****  *
   3:main.c        ****  * Copyright YOUR COMPANY, THE YEAR
   4:main.c        ****  * All Rights Reserved
   5:main.c        ****  * UNPUBLISHED, LICENSED SOFTWARE.
   6:main.c        ****  *
   7:main.c        ****  * CONFIDENTIAL AND PROPRIETARY INFORMATION
   8:main.c        ****  * WHICH IS THE PROPERTY OF your company.
   9:main.c        ****  *
  10:main.c        ****  * ========================================
  11:main.c        **** */
  12:main.c        **** #include "project.h"
  13:main.c        **** 
  14:main.c        **** #define RED 0b001
  15:main.c        **** #define YELLOW 0b010
  16:main.c        **** #define GREEN 0b100
  17:main.c        **** #define NO_COLOR 0b000
  18:main.c        **** 
  19:main.c        **** #define INTERVAL 20
  20:main.c        **** 
  21:main.c        **** uint8 counter = 0;
  22:main.c        **** CYBIT algorithm = 0;
  23:main.c        **** 
  24:main.c        **** inline void runAlgorithm1();
  25:main.c        **** inline void runAlgorithm2();
  26:main.c        **** 
  27:main.c        **** CY_ISR(timer_isr_interrupt)
  28:main.c        **** {
  28              		.loc 1 28 0
  29              		.cfi_startproc
ARM GAS  C:\Users\Admin\AppData\Local\Temp\ccS3cLOb.s 			page 2


  30              		@ args = 0, pretend = 0, frame = 0
  31              		@ frame_needed = 0, uses_anonymous_args = 0
  32 0000 10B5     		push	{r4, lr}
  33              		.cfi_def_cfa_offset 8
  34              		.cfi_offset 4, -8
  35              		.cfi_offset 14, -4
  29:main.c        ****     if (counter >= INTERVAL) 
  36              		.loc 1 29 0
  37 0002 3F4B     		ldr	r3, .L21
  38 0004 1B78     		ldrb	r3, [r3]
  39 0006 132B     		cmp	r3, #19
  40 0008 02D9     		bls	.L2
  30:main.c        ****     {
  31:main.c        ****         counter = 0;
  41              		.loc 1 31 0
  42 000a 0022     		movs	r2, #0
  43 000c 3C4B     		ldr	r3, .L21
  44 000e 1A70     		strb	r2, [r3]
  45              	.L2:
  32:main.c        ****     } 
  33:main.c        ****     
  34:main.c        ****     if (algorithm)
  46              		.loc 1 34 0
  47 0010 3B4B     		ldr	r3, .L21
  48 0012 5B78     		ldrb	r3, [r3, #1]
  49 0014 002B     		cmp	r3, #0
  50 0016 35D0     		beq	.L3
  51              	.LBB6:
  52              	.LBB7:
  35:main.c        ****     {
  36:main.c        ****         runAlgorithm2();
  37:main.c        ****     }
  38:main.c        ****     else
  39:main.c        ****     {
  40:main.c        ****         runAlgorithm1();
  41:main.c        ****     }
  42:main.c        ****     
  43:main.c        ****     counter++;
  44:main.c        ****     Timer_Counter_ClearInterrupt(Timer_Counter_INTR_MASK_TC);
  45:main.c        **** }
  46:main.c        **** 
  47:main.c        **** CY_ISR(button_isr_interrupt)
  48:main.c        **** {
  49:main.c        ****     algorithm = algorithm ? 0 : 1;
  50:main.c        ****     
  51:main.c        ****     Button_ClearInterrupt();
  52:main.c        **** }
  53:main.c        **** 
  54:main.c        **** int main(void)
  55:main.c        **** {
  56:main.c        ****     CyGlobalIntEnable; /* Enable global interrupts. */
  57:main.c        ****     
  58:main.c        ****     Timer_Counter_Start();
  59:main.c        ****     timer_isr_StartEx(timer_isr_interrupt);
  60:main.c        ****     button_isr_StartEx(button_isr_interrupt);
  61:main.c        **** 
  62:main.c        ****     for(;;)
ARM GAS  C:\Users\Admin\AppData\Local\Temp\ccS3cLOb.s 			page 3


  63:main.c        ****     {
  64:main.c        ****         /* Main code is in timer_isr_interrupt */
  65:main.c        ****     }
  66:main.c        **** }
  67:main.c        **** 
  68:main.c        **** inline void runAlgorithm1()
  69:main.c        **** {
  70:main.c        ****     if (counter < 8)
  71:main.c        ****     {
  72:main.c        ****         Control_Reg_Write(RED);
  73:main.c        ****     }
  74:main.c        ****     else if (counter < 10)
  75:main.c        ****     {
  76:main.c        ****         Control_Reg_Write(YELLOW);
  77:main.c        ****     }
  78:main.c        ****     else if (counter < 14)
  79:main.c        ****     {
  80:main.c        ****         Control_Reg_Write(GREEN);
  81:main.c        ****     }
  82:main.c        ****     else if (counter < 15)
  83:main.c        ****     {
  84:main.c        ****         Control_Reg_Write(NO_COLOR);
  85:main.c        ****     }
  86:main.c        ****     else if (counter < 16)
  87:main.c        ****     {
  88:main.c        ****         Control_Reg_Write(GREEN);
  89:main.c        ****     }
  90:main.c        ****     else if (counter < 17)
  91:main.c        ****     {
  92:main.c        ****         Control_Reg_Write(NO_COLOR);
  93:main.c        ****     }
  94:main.c        ****     else if (counter < 18)
  95:main.c        ****     {
  96:main.c        ****         Control_Reg_Write(GREEN);
  97:main.c        ****     }
  98:main.c        ****     else if (counter < 20)
  99:main.c        ****     {
 100:main.c        ****         Control_Reg_Write(YELLOW);
 101:main.c        ****     }
 102:main.c        ****     else
 103:main.c        ****     {
 104:main.c        ****         Control_Reg_Write(NO_COLOR);
 105:main.c        ****     }
 106:main.c        **** }
 107:main.c        **** 
 108:main.c        **** inline void runAlgorithm2()
 109:main.c        **** {
 110:main.c        ****     if (counter < 4)
  53              		.loc 1 110 0
  54 0018 394B     		ldr	r3, .L21
  55 001a 1B78     		ldrb	r3, [r3]
  56 001c 032B     		cmp	r3, #3
  57 001e 03D8     		bhi	.L4
 111:main.c        ****     {
 112:main.c        ****         Control_Reg_Write(GREEN);
  58              		.loc 1 112 0
  59 0020 0420     		movs	r0, #4
ARM GAS  C:\Users\Admin\AppData\Local\Temp\ccS3cLOb.s 			page 4


  60 0022 FFF7FEFF 		bl	Control_Reg_Write
  61              	.LVL0:
  62 0026 62E0     		b	.L5
  63              	.L4:
 113:main.c        ****     }
 114:main.c        ****     else if (counter < 5)
  64              		.loc 1 114 0
  65 0028 042B     		cmp	r3, #4
  66 002a 03D8     		bhi	.L6
 115:main.c        ****     {
 116:main.c        ****         Control_Reg_Write(NO_COLOR);
  67              		.loc 1 116 0
  68 002c 0020     		movs	r0, #0
  69 002e FFF7FEFF 		bl	Control_Reg_Write
  70              	.LVL1:
  71 0032 5CE0     		b	.L5
  72              	.L6:
 117:main.c        ****     }
 118:main.c        ****     else if (counter < 6)
  73              		.loc 1 118 0
  74 0034 052B     		cmp	r3, #5
  75 0036 03D8     		bhi	.L7
 119:main.c        ****     {
 120:main.c        ****         Control_Reg_Write(GREEN);
  76              		.loc 1 120 0
  77 0038 0420     		movs	r0, #4
  78 003a FFF7FEFF 		bl	Control_Reg_Write
  79              	.LVL2:
  80 003e 56E0     		b	.L5
  81              	.L7:
 121:main.c        ****     }
 122:main.c        ****     else if (counter < 7)
  82              		.loc 1 122 0
  83 0040 062B     		cmp	r3, #6
  84 0042 03D8     		bhi	.L8
 123:main.c        ****     {
 124:main.c        ****         Control_Reg_Write(NO_COLOR);
  85              		.loc 1 124 0
  86 0044 0020     		movs	r0, #0
  87 0046 FFF7FEFF 		bl	Control_Reg_Write
  88              	.LVL3:
  89 004a 50E0     		b	.L5
  90              	.L8:
 125:main.c        ****     }
 126:main.c        ****     else if (counter < 8)
  91              		.loc 1 126 0
  92 004c 072B     		cmp	r3, #7
  93 004e 03D8     		bhi	.L9
 127:main.c        ****     {
 128:main.c        ****         Control_Reg_Write(GREEN);
  94              		.loc 1 128 0
  95 0050 0420     		movs	r0, #4
  96 0052 FFF7FEFF 		bl	Control_Reg_Write
  97              	.LVL4:
  98 0056 4AE0     		b	.L5
  99              	.L9:
 129:main.c        ****     }
ARM GAS  C:\Users\Admin\AppData\Local\Temp\ccS3cLOb.s 			page 5


 130:main.c        ****     else if (counter < 10)
 100              		.loc 1 130 0
 101 0058 092B     		cmp	r3, #9
 102 005a 03D8     		bhi	.L10
 131:main.c        ****     {
 132:main.c        ****         Control_Reg_Write(YELLOW);
 103              		.loc 1 132 0
 104 005c 0220     		movs	r0, #2
 105 005e FFF7FEFF 		bl	Control_Reg_Write
 106              	.LVL5:
 107 0062 44E0     		b	.L5
 108              	.L10:
 133:main.c        ****     }
 134:main.c        ****     else if (counter < 18)
 109              		.loc 1 134 0
 110 0064 112B     		cmp	r3, #17
 111 0066 03D8     		bhi	.L11
 135:main.c        ****     {
 136:main.c        ****         Control_Reg_Write(RED);
 112              		.loc 1 136 0
 113 0068 0120     		movs	r0, #1
 114 006a FFF7FEFF 		bl	Control_Reg_Write
 115              	.LVL6:
 116 006e 3EE0     		b	.L5
 117              	.L11:
 137:main.c        ****     }
 138:main.c        ****     else if (counter < 20)
 118              		.loc 1 138 0
 119 0070 132B     		cmp	r3, #19
 120 0072 03D8     		bhi	.L12
 139:main.c        ****     {
 140:main.c        ****         Control_Reg_Write(YELLOW);
 121              		.loc 1 140 0
 122 0074 0220     		movs	r0, #2
 123 0076 FFF7FEFF 		bl	Control_Reg_Write
 124              	.LVL7:
 125 007a 38E0     		b	.L5
 126              	.L12:
 141:main.c        ****     }
 142:main.c        ****     else
 143:main.c        ****     {
 144:main.c        ****         Control_Reg_Write(NO_COLOR);
 127              		.loc 1 144 0
 128 007c 0020     		movs	r0, #0
 129 007e FFF7FEFF 		bl	Control_Reg_Write
 130              	.LVL8:
 131 0082 34E0     		b	.L5
 132              	.L3:
 133              	.LBE7:
 134              	.LBE6:
 135              	.LBB8:
 136              	.LBB9:
  70:main.c        ****     {
 137              		.loc 1 70 0
 138 0084 1E4B     		ldr	r3, .L21
 139 0086 1B78     		ldrb	r3, [r3]
 140 0088 072B     		cmp	r3, #7
ARM GAS  C:\Users\Admin\AppData\Local\Temp\ccS3cLOb.s 			page 6


 141 008a 03D8     		bhi	.L13
  72:main.c        ****     }
 142              		.loc 1 72 0
 143 008c 0120     		movs	r0, #1
 144 008e FFF7FEFF 		bl	Control_Reg_Write
 145              	.LVL9:
 146 0092 2CE0     		b	.L5
 147              	.L13:
  74:main.c        ****     {
 148              		.loc 1 74 0
 149 0094 092B     		cmp	r3, #9
 150 0096 03D8     		bhi	.L14
  76:main.c        ****     }
 151              		.loc 1 76 0
 152 0098 0220     		movs	r0, #2
 153 009a FFF7FEFF 		bl	Control_Reg_Write
 154              	.LVL10:
 155 009e 26E0     		b	.L5
 156              	.L14:
  78:main.c        ****     {
 157              		.loc 1 78 0
 158 00a0 0D2B     		cmp	r3, #13
 159 00a2 03D8     		bhi	.L15
  80:main.c        ****     }
 160              		.loc 1 80 0
 161 00a4 0420     		movs	r0, #4
 162 00a6 FFF7FEFF 		bl	Control_Reg_Write
 163              	.LVL11:
 164 00aa 20E0     		b	.L5
 165              	.L15:
  82:main.c        ****     {
 166              		.loc 1 82 0
 167 00ac 0E2B     		cmp	r3, #14
 168 00ae 03D8     		bhi	.L16
  84:main.c        ****     }
 169              		.loc 1 84 0
 170 00b0 0020     		movs	r0, #0
 171 00b2 FFF7FEFF 		bl	Control_Reg_Write
 172              	.LVL12:
 173 00b6 1AE0     		b	.L5
 174              	.L16:
  86:main.c        ****     {
 175              		.loc 1 86 0
 176 00b8 0F2B     		cmp	r3, #15
 177 00ba 03D8     		bhi	.L17
  88:main.c        ****     }
 178              		.loc 1 88 0
 179 00bc 0420     		movs	r0, #4
 180 00be FFF7FEFF 		bl	Control_Reg_Write
 181              	.LVL13:
 182 00c2 14E0     		b	.L5
 183              	.L17:
  90:main.c        ****     {
 184              		.loc 1 90 0
 185 00c4 102B     		cmp	r3, #16
 186 00c6 03D8     		bhi	.L18
  92:main.c        ****     }
ARM GAS  C:\Users\Admin\AppData\Local\Temp\ccS3cLOb.s 			page 7


 187              		.loc 1 92 0
 188 00c8 0020     		movs	r0, #0
 189 00ca FFF7FEFF 		bl	Control_Reg_Write
 190              	.LVL14:
 191 00ce 0EE0     		b	.L5
 192              	.L18:
  94:main.c        ****     {
 193              		.loc 1 94 0
 194 00d0 112B     		cmp	r3, #17
 195 00d2 03D8     		bhi	.L19
  96:main.c        ****     }
 196              		.loc 1 96 0
 197 00d4 0420     		movs	r0, #4
 198 00d6 FFF7FEFF 		bl	Control_Reg_Write
 199              	.LVL15:
 200 00da 08E0     		b	.L5
 201              	.L19:
  98:main.c        ****     {
 202              		.loc 1 98 0
 203 00dc 132B     		cmp	r3, #19
 204 00de 03D8     		bhi	.L20
 100:main.c        ****     }
 205              		.loc 1 100 0
 206 00e0 0220     		movs	r0, #2
 207 00e2 FFF7FEFF 		bl	Control_Reg_Write
 208              	.LVL16:
 209 00e6 02E0     		b	.L5
 210              	.L20:
 104:main.c        ****     }
 211              		.loc 1 104 0
 212 00e8 0020     		movs	r0, #0
 213 00ea FFF7FEFF 		bl	Control_Reg_Write
 214              	.LVL17:
 215              	.L5:
 216              	.LBE9:
 217              	.LBE8:
  43:main.c        ****     Timer_Counter_ClearInterrupt(Timer_Counter_INTR_MASK_TC);
 218              		.loc 1 43 0
 219 00ee 044A     		ldr	r2, .L21
 220 00f0 1378     		ldrb	r3, [r2]
 221 00f2 0133     		adds	r3, r3, #1
 222 00f4 1370     		strb	r3, [r2]
  44:main.c        **** }
 223              		.loc 1 44 0
 224 00f6 0120     		movs	r0, #1
 225 00f8 FFF7FEFF 		bl	Timer_Counter_ClearInterrupt
 226              	.LVL18:
  45:main.c        **** 
 227              		.loc 1 45 0
 228              		@ sp needed
 229 00fc 10BD     		pop	{r4, pc}
 230              	.L22:
 231 00fe C046     		.align	2
 232              	.L21:
 233 0100 00000000 		.word	.LANCHOR0
 234              		.cfi_endproc
 235              	.LFE34:
ARM GAS  C:\Users\Admin\AppData\Local\Temp\ccS3cLOb.s 			page 8


 236              		.size	timer_isr_interrupt, .-timer_isr_interrupt
 237              		.section	.text.button_isr_interrupt,"ax",%progbits
 238              		.align	2
 239              		.global	button_isr_interrupt
 240              		.code	16
 241              		.thumb_func
 242              		.type	button_isr_interrupt, %function
 243              	button_isr_interrupt:
 244              	.LFB35:
  48:main.c        ****     algorithm = algorithm ? 0 : 1;
 245              		.loc 1 48 0
 246              		.cfi_startproc
 247              		@ args = 0, pretend = 0, frame = 0
 248              		@ frame_needed = 0, uses_anonymous_args = 0
 249 0000 10B5     		push	{r4, lr}
 250              		.cfi_def_cfa_offset 8
 251              		.cfi_offset 4, -8
 252              		.cfi_offset 14, -4
  49:main.c        ****     
 253              		.loc 1 49 0
 254 0002 044A     		ldr	r2, .L24
 255 0004 5378     		ldrb	r3, [r2, #1]
 256 0006 5942     		rsbs	r1, r3, #0
 257 0008 4B41     		adcs	r3, r3, r1
 258 000a 5370     		strb	r3, [r2, #1]
  51:main.c        **** }
 259              		.loc 1 51 0
 260 000c FFF7FEFF 		bl	Button_ClearInterrupt
 261              	.LVL19:
  52:main.c        **** 
 262              		.loc 1 52 0
 263              		@ sp needed
 264 0010 10BD     		pop	{r4, pc}
 265              	.L25:
 266 0012 C046     		.align	2
 267              	.L24:
 268 0014 00000000 		.word	.LANCHOR0
 269              		.cfi_endproc
 270              	.LFE35:
 271              		.size	button_isr_interrupt, .-button_isr_interrupt
 272              		.section	.text.main,"ax",%progbits
 273              		.align	2
 274              		.global	main
 275              		.code	16
 276              		.thumb_func
 277              		.type	main, %function
 278              	main:
 279              	.LFB36:
  55:main.c        ****     CyGlobalIntEnable; /* Enable global interrupts. */
 280              		.loc 1 55 0
 281              		.cfi_startproc
 282              		@ Volatile: function does not return.
 283              		@ args = 0, pretend = 0, frame = 0
 284              		@ frame_needed = 0, uses_anonymous_args = 0
 285 0000 10B5     		push	{r4, lr}
 286              		.cfi_def_cfa_offset 8
 287              		.cfi_offset 4, -8
ARM GAS  C:\Users\Admin\AppData\Local\Temp\ccS3cLOb.s 			page 9


 288              		.cfi_offset 14, -4
  56:main.c        ****     
 289              		.loc 1 56 0
 290              		.syntax divided
 291              	@ 56 "main.c" 1
 292 0002 62B6     		CPSIE   i
 293              	@ 0 "" 2
  58:main.c        ****     timer_isr_StartEx(timer_isr_interrupt);
 294              		.loc 1 58 0
 295              		.thumb
 296              		.syntax unified
 297 0004 FFF7FEFF 		bl	Timer_Counter_Start
 298              	.LVL20:
  59:main.c        ****     button_isr_StartEx(button_isr_interrupt);
 299              		.loc 1 59 0
 300 0008 0348     		ldr	r0, .L28
 301 000a FFF7FEFF 		bl	timer_isr_StartEx
 302              	.LVL21:
  60:main.c        **** 
 303              		.loc 1 60 0
 304 000e 0348     		ldr	r0, .L28+4
 305 0010 FFF7FEFF 		bl	button_isr_StartEx
 306              	.LVL22:
 307              	.L27:
 308 0014 FEE7     		b	.L27
 309              	.L29:
 310 0016 C046     		.align	2
 311              	.L28:
 312 0018 00000000 		.word	timer_isr_interrupt
 313 001c 00000000 		.word	button_isr_interrupt
 314              		.cfi_endproc
 315              	.LFE36:
 316              		.size	main, .-main
 317              		.global	algorithm
 318              		.global	counter
 319              		.bss
 320              		.set	.LANCHOR0,. + 0
 321              		.type	counter, %object
 322              		.size	counter, 1
 323              	counter:
 324 0000 00       		.space	1
 325              		.type	algorithm, %object
 326              		.size	algorithm, 1
 327              	algorithm:
 328 0001 00       		.space	1
 329              		.text
 330              	.Letext0:
 331              		.file 2 "Generated_Source\\PSoC4/cytypes.h"
 332              		.file 3 "Generated_Source\\PSoC4/Control_Reg.h"
 333              		.file 4 "Generated_Source\\PSoC4/Timer_Counter.h"
 334              		.file 5 "Generated_Source\\PSoC4/Button.h"
 335              		.file 6 "Generated_Source\\PSoC4/timer_isr.h"
 336              		.file 7 "Generated_Source\\PSoC4/button_isr.h"
 337              		.section	.debug_info,"",%progbits
 338              	.Ldebug_info0:
 339 0000 20030000 		.4byte	0x320
 340 0004 0400     		.2byte	0x4
ARM GAS  C:\Users\Admin\AppData\Local\Temp\ccS3cLOb.s 			page 10


 341 0006 00000000 		.4byte	.Ldebug_abbrev0
 342 000a 04       		.byte	0x4
 343 000b 01       		.uleb128 0x1
 344 000c 43010000 		.4byte	.LASF28
 345 0010 0C       		.byte	0xc
 346 0011 08020000 		.4byte	.LASF29
 347 0015 A6000000 		.4byte	.LASF30
 348 0019 00000000 		.4byte	.Ldebug_ranges0+0
 349 001d 00000000 		.4byte	0
 350 0021 00000000 		.4byte	.Ldebug_line0
 351 0025 02       		.uleb128 0x2
 352 0026 01       		.byte	0x1
 353 0027 06       		.byte	0x6
 354 0028 5C020000 		.4byte	.LASF0
 355 002c 02       		.uleb128 0x2
 356 002d 01       		.byte	0x1
 357 002e 08       		.byte	0x8
 358 002f 5A000000 		.4byte	.LASF1
 359 0033 02       		.uleb128 0x2
 360 0034 02       		.byte	0x2
 361 0035 05       		.byte	0x5
 362 0036 29020000 		.4byte	.LASF2
 363 003a 02       		.uleb128 0x2
 364 003b 02       		.byte	0x2
 365 003c 07       		.byte	0x7
 366 003d 0A000000 		.4byte	.LASF3
 367 0041 02       		.uleb128 0x2
 368 0042 04       		.byte	0x4
 369 0043 05       		.byte	0x5
 370 0044 33020000 		.4byte	.LASF4
 371 0048 02       		.uleb128 0x2
 372 0049 04       		.byte	0x4
 373 004a 07       		.byte	0x7
 374 004b 68000000 		.4byte	.LASF5
 375 004f 02       		.uleb128 0x2
 376 0050 08       		.byte	0x8
 377 0051 05       		.byte	0x5
 378 0052 E6010000 		.4byte	.LASF6
 379 0056 02       		.uleb128 0x2
 380 0057 08       		.byte	0x8
 381 0058 07       		.byte	0x7
 382 0059 16010000 		.4byte	.LASF7
 383 005d 03       		.uleb128 0x3
 384 005e 04       		.byte	0x4
 385 005f 05       		.byte	0x5
 386 0060 696E7400 		.ascii	"int\000"
 387 0064 02       		.uleb128 0x2
 388 0065 04       		.byte	0x4
 389 0066 07       		.byte	0x7
 390 0067 1D000000 		.4byte	.LASF8
 391 006b 04       		.uleb128 0x4
 392 006c 7A000000 		.4byte	.LASF9
 393 0070 02       		.byte	0x2
 394 0071 F701     		.2byte	0x1f7
 395 0073 2C000000 		.4byte	0x2c
 396 0077 04       		.uleb128 0x4
 397 0078 9F000000 		.4byte	.LASF10
ARM GAS  C:\Users\Admin\AppData\Local\Temp\ccS3cLOb.s 			page 11


 398 007c 02       		.byte	0x2
 399 007d F901     		.2byte	0x1f9
 400 007f 48000000 		.4byte	0x48
 401 0083 02       		.uleb128 0x2
 402 0084 04       		.byte	0x4
 403 0085 04       		.byte	0x4
 404 0086 4C000000 		.4byte	.LASF11
 405 008a 02       		.uleb128 0x2
 406 008b 08       		.byte	0x8
 407 008c 04       		.byte	0x4
 408 008d 93000000 		.4byte	.LASF12
 409 0091 02       		.uleb128 0x2
 410 0092 01       		.byte	0x1
 411 0093 08       		.byte	0x8
 412 0094 0F020000 		.4byte	.LASF13
 413 0098 02       		.uleb128 0x2
 414 0099 08       		.byte	0x8
 415 009a 04       		.byte	0x4
 416 009b D1010000 		.4byte	.LASF14
 417 009f 02       		.uleb128 0x2
 418 00a0 04       		.byte	0x4
 419 00a1 07       		.byte	0x7
 420 00a2 DD010000 		.4byte	.LASF15
 421 00a6 05       		.uleb128 0x5
 422 00a7 2A000000 		.4byte	.LASF16
 423 00ab 01       		.byte	0x1
 424 00ac 6C       		.byte	0x6c
 425 00ad 03       		.byte	0x3
 426 00ae 05       		.uleb128 0x5
 427 00af 4E020000 		.4byte	.LASF17
 428 00b3 01       		.byte	0x1
 429 00b4 44       		.byte	0x44
 430 00b5 03       		.byte	0x3
 431 00b6 06       		.uleb128 0x6
 432 00b7 38000000 		.4byte	.LASF18
 433 00bb 01       		.byte	0x1
 434 00bc 1B       		.byte	0x1b
 435 00bd 00000000 		.4byte	.LFB34
 436 00c1 04010000 		.4byte	.LFE34-.LFB34
 437 00c5 01       		.uleb128 0x1
 438 00c6 9C       		.byte	0x9c
 439 00c7 51020000 		.4byte	0x251
 440 00cb 07       		.uleb128 0x7
 441 00cc A6000000 		.4byte	0xa6
 442 00d0 18000000 		.4byte	.LBB6
 443 00d4 6C000000 		.4byte	.LBE6-.LBB6
 444 00d8 01       		.byte	0x1
 445 00d9 24       		.byte	0x24
 446 00da 86010000 		.4byte	0x186
 447 00de 08       		.uleb128 0x8
 448 00df 26000000 		.4byte	.LVL0
 449 00e3 DF020000 		.4byte	0x2df
 450 00e7 F1000000 		.4byte	0xf1
 451 00eb 09       		.uleb128 0x9
 452 00ec 01       		.uleb128 0x1
 453 00ed 50       		.byte	0x50
 454 00ee 01       		.uleb128 0x1
ARM GAS  C:\Users\Admin\AppData\Local\Temp\ccS3cLOb.s 			page 12


 455 00ef 34       		.byte	0x34
 456 00f0 00       		.byte	0
 457 00f1 08       		.uleb128 0x8
 458 00f2 32000000 		.4byte	.LVL1
 459 00f6 DF020000 		.4byte	0x2df
 460 00fa 04010000 		.4byte	0x104
 461 00fe 09       		.uleb128 0x9
 462 00ff 01       		.uleb128 0x1
 463 0100 50       		.byte	0x50
 464 0101 01       		.uleb128 0x1
 465 0102 30       		.byte	0x30
 466 0103 00       		.byte	0
 467 0104 08       		.uleb128 0x8
 468 0105 3E000000 		.4byte	.LVL2
 469 0109 DF020000 		.4byte	0x2df
 470 010d 17010000 		.4byte	0x117
 471 0111 09       		.uleb128 0x9
 472 0112 01       		.uleb128 0x1
 473 0113 50       		.byte	0x50
 474 0114 01       		.uleb128 0x1
 475 0115 34       		.byte	0x34
 476 0116 00       		.byte	0
 477 0117 08       		.uleb128 0x8
 478 0118 4A000000 		.4byte	.LVL3
 479 011c DF020000 		.4byte	0x2df
 480 0120 2A010000 		.4byte	0x12a
 481 0124 09       		.uleb128 0x9
 482 0125 01       		.uleb128 0x1
 483 0126 50       		.byte	0x50
 484 0127 01       		.uleb128 0x1
 485 0128 30       		.byte	0x30
 486 0129 00       		.byte	0
 487 012a 08       		.uleb128 0x8
 488 012b 56000000 		.4byte	.LVL4
 489 012f DF020000 		.4byte	0x2df
 490 0133 3D010000 		.4byte	0x13d
 491 0137 09       		.uleb128 0x9
 492 0138 01       		.uleb128 0x1
 493 0139 50       		.byte	0x50
 494 013a 01       		.uleb128 0x1
 495 013b 34       		.byte	0x34
 496 013c 00       		.byte	0
 497 013d 08       		.uleb128 0x8
 498 013e 62000000 		.4byte	.LVL5
 499 0142 DF020000 		.4byte	0x2df
 500 0146 50010000 		.4byte	0x150
 501 014a 09       		.uleb128 0x9
 502 014b 01       		.uleb128 0x1
 503 014c 50       		.byte	0x50
 504 014d 01       		.uleb128 0x1
 505 014e 32       		.byte	0x32
 506 014f 00       		.byte	0
 507 0150 08       		.uleb128 0x8
 508 0151 6E000000 		.4byte	.LVL6
 509 0155 DF020000 		.4byte	0x2df
 510 0159 63010000 		.4byte	0x163
 511 015d 09       		.uleb128 0x9
ARM GAS  C:\Users\Admin\AppData\Local\Temp\ccS3cLOb.s 			page 13


 512 015e 01       		.uleb128 0x1
 513 015f 50       		.byte	0x50
 514 0160 01       		.uleb128 0x1
 515 0161 31       		.byte	0x31
 516 0162 00       		.byte	0
 517 0163 08       		.uleb128 0x8
 518 0164 7A000000 		.4byte	.LVL7
 519 0168 DF020000 		.4byte	0x2df
 520 016c 76010000 		.4byte	0x176
 521 0170 09       		.uleb128 0x9
 522 0171 01       		.uleb128 0x1
 523 0172 50       		.byte	0x50
 524 0173 01       		.uleb128 0x1
 525 0174 32       		.byte	0x32
 526 0175 00       		.byte	0
 527 0176 0A       		.uleb128 0xa
 528 0177 82000000 		.4byte	.LVL8
 529 017b DF020000 		.4byte	0x2df
 530 017f 09       		.uleb128 0x9
 531 0180 01       		.uleb128 0x1
 532 0181 50       		.byte	0x50
 533 0182 01       		.uleb128 0x1
 534 0183 30       		.byte	0x30
 535 0184 00       		.byte	0
 536 0185 00       		.byte	0
 537 0186 07       		.uleb128 0x7
 538 0187 AE000000 		.4byte	0xae
 539 018b 84000000 		.4byte	.LBB8
 540 018f 6A000000 		.4byte	.LBE8-.LBB8
 541 0193 01       		.byte	0x1
 542 0194 28       		.byte	0x28
 543 0195 41020000 		.4byte	0x241
 544 0199 08       		.uleb128 0x8
 545 019a 92000000 		.4byte	.LVL9
 546 019e DF020000 		.4byte	0x2df
 547 01a2 AC010000 		.4byte	0x1ac
 548 01a6 09       		.uleb128 0x9
 549 01a7 01       		.uleb128 0x1
 550 01a8 50       		.byte	0x50
 551 01a9 01       		.uleb128 0x1
 552 01aa 31       		.byte	0x31
 553 01ab 00       		.byte	0
 554 01ac 08       		.uleb128 0x8
 555 01ad 9E000000 		.4byte	.LVL10
 556 01b1 DF020000 		.4byte	0x2df
 557 01b5 BF010000 		.4byte	0x1bf
 558 01b9 09       		.uleb128 0x9
 559 01ba 01       		.uleb128 0x1
 560 01bb 50       		.byte	0x50
 561 01bc 01       		.uleb128 0x1
 562 01bd 32       		.byte	0x32
 563 01be 00       		.byte	0
 564 01bf 08       		.uleb128 0x8
 565 01c0 AA000000 		.4byte	.LVL11
 566 01c4 DF020000 		.4byte	0x2df
 567 01c8 D2010000 		.4byte	0x1d2
 568 01cc 09       		.uleb128 0x9
ARM GAS  C:\Users\Admin\AppData\Local\Temp\ccS3cLOb.s 			page 14


 569 01cd 01       		.uleb128 0x1
 570 01ce 50       		.byte	0x50
 571 01cf 01       		.uleb128 0x1
 572 01d0 34       		.byte	0x34
 573 01d1 00       		.byte	0
 574 01d2 08       		.uleb128 0x8
 575 01d3 B6000000 		.4byte	.LVL12
 576 01d7 DF020000 		.4byte	0x2df
 577 01db E5010000 		.4byte	0x1e5
 578 01df 09       		.uleb128 0x9
 579 01e0 01       		.uleb128 0x1
 580 01e1 50       		.byte	0x50
 581 01e2 01       		.uleb128 0x1
 582 01e3 30       		.byte	0x30
 583 01e4 00       		.byte	0
 584 01e5 08       		.uleb128 0x8
 585 01e6 C2000000 		.4byte	.LVL13
 586 01ea DF020000 		.4byte	0x2df
 587 01ee F8010000 		.4byte	0x1f8
 588 01f2 09       		.uleb128 0x9
 589 01f3 01       		.uleb128 0x1
 590 01f4 50       		.byte	0x50
 591 01f5 01       		.uleb128 0x1
 592 01f6 34       		.byte	0x34
 593 01f7 00       		.byte	0
 594 01f8 08       		.uleb128 0x8
 595 01f9 CE000000 		.4byte	.LVL14
 596 01fd DF020000 		.4byte	0x2df
 597 0201 0B020000 		.4byte	0x20b
 598 0205 09       		.uleb128 0x9
 599 0206 01       		.uleb128 0x1
 600 0207 50       		.byte	0x50
 601 0208 01       		.uleb128 0x1
 602 0209 30       		.byte	0x30
 603 020a 00       		.byte	0
 604 020b 08       		.uleb128 0x8
 605 020c DA000000 		.4byte	.LVL15
 606 0210 DF020000 		.4byte	0x2df
 607 0214 1E020000 		.4byte	0x21e
 608 0218 09       		.uleb128 0x9
 609 0219 01       		.uleb128 0x1
 610 021a 50       		.byte	0x50
 611 021b 01       		.uleb128 0x1
 612 021c 34       		.byte	0x34
 613 021d 00       		.byte	0
 614 021e 08       		.uleb128 0x8
 615 021f E6000000 		.4byte	.LVL16
 616 0223 DF020000 		.4byte	0x2df
 617 0227 31020000 		.4byte	0x231
 618 022b 09       		.uleb128 0x9
 619 022c 01       		.uleb128 0x1
 620 022d 50       		.byte	0x50
 621 022e 01       		.uleb128 0x1
 622 022f 32       		.byte	0x32
 623 0230 00       		.byte	0
 624 0231 0A       		.uleb128 0xa
 625 0232 EE000000 		.4byte	.LVL17
ARM GAS  C:\Users\Admin\AppData\Local\Temp\ccS3cLOb.s 			page 15


 626 0236 DF020000 		.4byte	0x2df
 627 023a 09       		.uleb128 0x9
 628 023b 01       		.uleb128 0x1
 629 023c 50       		.byte	0x50
 630 023d 01       		.uleb128 0x1
 631 023e 30       		.byte	0x30
 632 023f 00       		.byte	0
 633 0240 00       		.byte	0
 634 0241 0A       		.uleb128 0xa
 635 0242 FC000000 		.4byte	.LVL18
 636 0246 EA020000 		.4byte	0x2ea
 637 024a 09       		.uleb128 0x9
 638 024b 01       		.uleb128 0x1
 639 024c 50       		.byte	0x50
 640 024d 01       		.uleb128 0x1
 641 024e 31       		.byte	0x31
 642 024f 00       		.byte	0
 643 0250 00       		.byte	0
 644 0251 06       		.uleb128 0x6
 645 0252 14020000 		.4byte	.LASF19
 646 0256 01       		.byte	0x1
 647 0257 2F       		.byte	0x2f
 648 0258 00000000 		.4byte	.LFB35
 649 025c 18000000 		.4byte	.LFE35-.LFB35
 650 0260 01       		.uleb128 0x1
 651 0261 9C       		.byte	0x9c
 652 0262 70020000 		.4byte	0x270
 653 0266 0B       		.uleb128 0xb
 654 0267 10000000 		.4byte	.LVL19
 655 026b F6020000 		.4byte	0x2f6
 656 026f 00       		.byte	0
 657 0270 0C       		.uleb128 0xc
 658 0271 9A000000 		.4byte	.LASF31
 659 0275 01       		.byte	0x1
 660 0276 36       		.byte	0x36
 661 0277 5D000000 		.4byte	0x5d
 662 027b 00000000 		.4byte	.LFB36
 663 027f 20000000 		.4byte	.LFE36-.LFB36
 664 0283 01       		.uleb128 0x1
 665 0284 9C       		.byte	0x9c
 666 0285 BD020000 		.4byte	0x2bd
 667 0289 0B       		.uleb128 0xb
 668 028a 08000000 		.4byte	.LVL20
 669 028e 01030000 		.4byte	0x301
 670 0292 08       		.uleb128 0x8
 671 0293 0E000000 		.4byte	.LVL21
 672 0297 0D030000 		.4byte	0x30d
 673 029b A9020000 		.4byte	0x2a9
 674 029f 09       		.uleb128 0x9
 675 02a0 01       		.uleb128 0x1
 676 02a1 50       		.byte	0x50
 677 02a2 05       		.uleb128 0x5
 678 02a3 03       		.byte	0x3
 679 02a4 00000000 		.4byte	timer_isr_interrupt
 680 02a8 00       		.byte	0
 681 02a9 0A       		.uleb128 0xa
 682 02aa 14000000 		.4byte	.LVL22
ARM GAS  C:\Users\Admin\AppData\Local\Temp\ccS3cLOb.s 			page 16


 683 02ae 18030000 		.4byte	0x318
 684 02b2 09       		.uleb128 0x9
 685 02b3 01       		.uleb128 0x1
 686 02b4 50       		.byte	0x50
 687 02b5 05       		.uleb128 0x5
 688 02b6 03       		.byte	0x3
 689 02b7 00000000 		.4byte	button_isr_interrupt
 690 02bb 00       		.byte	0
 691 02bc 00       		.byte	0
 692 02bd 0D       		.uleb128 0xd
 693 02be 52000000 		.4byte	.LASF20
 694 02c2 01       		.byte	0x1
 695 02c3 15       		.byte	0x15
 696 02c4 6B000000 		.4byte	0x6b
 697 02c8 05       		.uleb128 0x5
 698 02c9 03       		.byte	0x3
 699 02ca 00000000 		.4byte	counter
 700 02ce 0D       		.uleb128 0xd
 701 02cf 00000000 		.4byte	.LASF21
 702 02d3 01       		.byte	0x1
 703 02d4 16       		.byte	0x16
 704 02d5 6B000000 		.4byte	0x6b
 705 02d9 05       		.uleb128 0x5
 706 02da 03       		.byte	0x3
 707 02db 00000000 		.4byte	algorithm
 708 02df 0E       		.uleb128 0xe
 709 02e0 68020000 		.4byte	.LASF22
 710 02e4 68020000 		.4byte	.LASF22
 711 02e8 03       		.byte	0x3
 712 02e9 2F       		.byte	0x2f
 713 02ea 0F       		.uleb128 0xf
 714 02eb F9000000 		.4byte	.LASF23
 715 02ef F9000000 		.4byte	.LASF23
 716 02f3 04       		.byte	0x4
 717 02f4 4701     		.2byte	0x147
 718 02f6 0E       		.uleb128 0xe
 719 02f7 2D010000 		.4byte	.LASF24
 720 02fb 2D010000 		.4byte	.LASF24
 721 02ff 05       		.byte	0x5
 722 0300 39       		.byte	0x39
 723 0301 0F       		.uleb128 0xf
 724 0302 F4010000 		.4byte	.LASF25
 725 0306 F4010000 		.4byte	.LASF25
 726 030a 04       		.byte	0x4
 727 030b 3201     		.2byte	0x132
 728 030d 0E       		.uleb128 0xe
 729 030e 3C020000 		.4byte	.LASF26
 730 0312 3C020000 		.4byte	.LASF26
 731 0316 06       		.byte	0x6
 732 0317 18       		.byte	0x18
 733 0318 0E       		.uleb128 0xe
 734 0319 80000000 		.4byte	.LASF27
 735 031d 80000000 		.4byte	.LASF27
 736 0321 07       		.byte	0x7
 737 0322 18       		.byte	0x18
 738 0323 00       		.byte	0
 739              		.section	.debug_abbrev,"",%progbits
ARM GAS  C:\Users\Admin\AppData\Local\Temp\ccS3cLOb.s 			page 17


 740              	.Ldebug_abbrev0:
 741 0000 01       		.uleb128 0x1
 742 0001 11       		.uleb128 0x11
 743 0002 01       		.byte	0x1
 744 0003 25       		.uleb128 0x25
 745 0004 0E       		.uleb128 0xe
 746 0005 13       		.uleb128 0x13
 747 0006 0B       		.uleb128 0xb
 748 0007 03       		.uleb128 0x3
 749 0008 0E       		.uleb128 0xe
 750 0009 1B       		.uleb128 0x1b
 751 000a 0E       		.uleb128 0xe
 752 000b 55       		.uleb128 0x55
 753 000c 17       		.uleb128 0x17
 754 000d 11       		.uleb128 0x11
 755 000e 01       		.uleb128 0x1
 756 000f 10       		.uleb128 0x10
 757 0010 17       		.uleb128 0x17
 758 0011 00       		.byte	0
 759 0012 00       		.byte	0
 760 0013 02       		.uleb128 0x2
 761 0014 24       		.uleb128 0x24
 762 0015 00       		.byte	0
 763 0016 0B       		.uleb128 0xb
 764 0017 0B       		.uleb128 0xb
 765 0018 3E       		.uleb128 0x3e
 766 0019 0B       		.uleb128 0xb
 767 001a 03       		.uleb128 0x3
 768 001b 0E       		.uleb128 0xe
 769 001c 00       		.byte	0
 770 001d 00       		.byte	0
 771 001e 03       		.uleb128 0x3
 772 001f 24       		.uleb128 0x24
 773 0020 00       		.byte	0
 774 0021 0B       		.uleb128 0xb
 775 0022 0B       		.uleb128 0xb
 776 0023 3E       		.uleb128 0x3e
 777 0024 0B       		.uleb128 0xb
 778 0025 03       		.uleb128 0x3
 779 0026 08       		.uleb128 0x8
 780 0027 00       		.byte	0
 781 0028 00       		.byte	0
 782 0029 04       		.uleb128 0x4
 783 002a 16       		.uleb128 0x16
 784 002b 00       		.byte	0
 785 002c 03       		.uleb128 0x3
 786 002d 0E       		.uleb128 0xe
 787 002e 3A       		.uleb128 0x3a
 788 002f 0B       		.uleb128 0xb
 789 0030 3B       		.uleb128 0x3b
 790 0031 05       		.uleb128 0x5
 791 0032 49       		.uleb128 0x49
 792 0033 13       		.uleb128 0x13
 793 0034 00       		.byte	0
 794 0035 00       		.byte	0
 795 0036 05       		.uleb128 0x5
 796 0037 2E       		.uleb128 0x2e
ARM GAS  C:\Users\Admin\AppData\Local\Temp\ccS3cLOb.s 			page 18


 797 0038 00       		.byte	0
 798 0039 3F       		.uleb128 0x3f
 799 003a 19       		.uleb128 0x19
 800 003b 03       		.uleb128 0x3
 801 003c 0E       		.uleb128 0xe
 802 003d 3A       		.uleb128 0x3a
 803 003e 0B       		.uleb128 0xb
 804 003f 3B       		.uleb128 0x3b
 805 0040 0B       		.uleb128 0xb
 806 0041 20       		.uleb128 0x20
 807 0042 0B       		.uleb128 0xb
 808 0043 00       		.byte	0
 809 0044 00       		.byte	0
 810 0045 06       		.uleb128 0x6
 811 0046 2E       		.uleb128 0x2e
 812 0047 01       		.byte	0x1
 813 0048 3F       		.uleb128 0x3f
 814 0049 19       		.uleb128 0x19
 815 004a 03       		.uleb128 0x3
 816 004b 0E       		.uleb128 0xe
 817 004c 3A       		.uleb128 0x3a
 818 004d 0B       		.uleb128 0xb
 819 004e 3B       		.uleb128 0x3b
 820 004f 0B       		.uleb128 0xb
 821 0050 27       		.uleb128 0x27
 822 0051 19       		.uleb128 0x19
 823 0052 11       		.uleb128 0x11
 824 0053 01       		.uleb128 0x1
 825 0054 12       		.uleb128 0x12
 826 0055 06       		.uleb128 0x6
 827 0056 40       		.uleb128 0x40
 828 0057 18       		.uleb128 0x18
 829 0058 9742     		.uleb128 0x2117
 830 005a 19       		.uleb128 0x19
 831 005b 01       		.uleb128 0x1
 832 005c 13       		.uleb128 0x13
 833 005d 00       		.byte	0
 834 005e 00       		.byte	0
 835 005f 07       		.uleb128 0x7
 836 0060 1D       		.uleb128 0x1d
 837 0061 01       		.byte	0x1
 838 0062 31       		.uleb128 0x31
 839 0063 13       		.uleb128 0x13
 840 0064 11       		.uleb128 0x11
 841 0065 01       		.uleb128 0x1
 842 0066 12       		.uleb128 0x12
 843 0067 06       		.uleb128 0x6
 844 0068 58       		.uleb128 0x58
 845 0069 0B       		.uleb128 0xb
 846 006a 59       		.uleb128 0x59
 847 006b 0B       		.uleb128 0xb
 848 006c 01       		.uleb128 0x1
 849 006d 13       		.uleb128 0x13
 850 006e 00       		.byte	0
 851 006f 00       		.byte	0
 852 0070 08       		.uleb128 0x8
 853 0071 898201   		.uleb128 0x4109
ARM GAS  C:\Users\Admin\AppData\Local\Temp\ccS3cLOb.s 			page 19


 854 0074 01       		.byte	0x1
 855 0075 11       		.uleb128 0x11
 856 0076 01       		.uleb128 0x1
 857 0077 31       		.uleb128 0x31
 858 0078 13       		.uleb128 0x13
 859 0079 01       		.uleb128 0x1
 860 007a 13       		.uleb128 0x13
 861 007b 00       		.byte	0
 862 007c 00       		.byte	0
 863 007d 09       		.uleb128 0x9
 864 007e 8A8201   		.uleb128 0x410a
 865 0081 00       		.byte	0
 866 0082 02       		.uleb128 0x2
 867 0083 18       		.uleb128 0x18
 868 0084 9142     		.uleb128 0x2111
 869 0086 18       		.uleb128 0x18
 870 0087 00       		.byte	0
 871 0088 00       		.byte	0
 872 0089 0A       		.uleb128 0xa
 873 008a 898201   		.uleb128 0x4109
 874 008d 01       		.byte	0x1
 875 008e 11       		.uleb128 0x11
 876 008f 01       		.uleb128 0x1
 877 0090 31       		.uleb128 0x31
 878 0091 13       		.uleb128 0x13
 879 0092 00       		.byte	0
 880 0093 00       		.byte	0
 881 0094 0B       		.uleb128 0xb
 882 0095 898201   		.uleb128 0x4109
 883 0098 00       		.byte	0
 884 0099 11       		.uleb128 0x11
 885 009a 01       		.uleb128 0x1
 886 009b 31       		.uleb128 0x31
 887 009c 13       		.uleb128 0x13
 888 009d 00       		.byte	0
 889 009e 00       		.byte	0
 890 009f 0C       		.uleb128 0xc
 891 00a0 2E       		.uleb128 0x2e
 892 00a1 01       		.byte	0x1
 893 00a2 3F       		.uleb128 0x3f
 894 00a3 19       		.uleb128 0x19
 895 00a4 03       		.uleb128 0x3
 896 00a5 0E       		.uleb128 0xe
 897 00a6 3A       		.uleb128 0x3a
 898 00a7 0B       		.uleb128 0xb
 899 00a8 3B       		.uleb128 0x3b
 900 00a9 0B       		.uleb128 0xb
 901 00aa 27       		.uleb128 0x27
 902 00ab 19       		.uleb128 0x19
 903 00ac 49       		.uleb128 0x49
 904 00ad 13       		.uleb128 0x13
 905 00ae 8701     		.uleb128 0x87
 906 00b0 19       		.uleb128 0x19
 907 00b1 11       		.uleb128 0x11
 908 00b2 01       		.uleb128 0x1
 909 00b3 12       		.uleb128 0x12
 910 00b4 06       		.uleb128 0x6
ARM GAS  C:\Users\Admin\AppData\Local\Temp\ccS3cLOb.s 			page 20


 911 00b5 40       		.uleb128 0x40
 912 00b6 18       		.uleb128 0x18
 913 00b7 9742     		.uleb128 0x2117
 914 00b9 19       		.uleb128 0x19
 915 00ba 01       		.uleb128 0x1
 916 00bb 13       		.uleb128 0x13
 917 00bc 00       		.byte	0
 918 00bd 00       		.byte	0
 919 00be 0D       		.uleb128 0xd
 920 00bf 34       		.uleb128 0x34
 921 00c0 00       		.byte	0
 922 00c1 03       		.uleb128 0x3
 923 00c2 0E       		.uleb128 0xe
 924 00c3 3A       		.uleb128 0x3a
 925 00c4 0B       		.uleb128 0xb
 926 00c5 3B       		.uleb128 0x3b
 927 00c6 0B       		.uleb128 0xb
 928 00c7 49       		.uleb128 0x49
 929 00c8 13       		.uleb128 0x13
 930 00c9 3F       		.uleb128 0x3f
 931 00ca 19       		.uleb128 0x19
 932 00cb 02       		.uleb128 0x2
 933 00cc 18       		.uleb128 0x18
 934 00cd 00       		.byte	0
 935 00ce 00       		.byte	0
 936 00cf 0E       		.uleb128 0xe
 937 00d0 2E       		.uleb128 0x2e
 938 00d1 00       		.byte	0
 939 00d2 3F       		.uleb128 0x3f
 940 00d3 19       		.uleb128 0x19
 941 00d4 3C       		.uleb128 0x3c
 942 00d5 19       		.uleb128 0x19
 943 00d6 6E       		.uleb128 0x6e
 944 00d7 0E       		.uleb128 0xe
 945 00d8 03       		.uleb128 0x3
 946 00d9 0E       		.uleb128 0xe
 947 00da 3A       		.uleb128 0x3a
 948 00db 0B       		.uleb128 0xb
 949 00dc 3B       		.uleb128 0x3b
 950 00dd 0B       		.uleb128 0xb
 951 00de 00       		.byte	0
 952 00df 00       		.byte	0
 953 00e0 0F       		.uleb128 0xf
 954 00e1 2E       		.uleb128 0x2e
 955 00e2 00       		.byte	0
 956 00e3 3F       		.uleb128 0x3f
 957 00e4 19       		.uleb128 0x19
 958 00e5 3C       		.uleb128 0x3c
 959 00e6 19       		.uleb128 0x19
 960 00e7 6E       		.uleb128 0x6e
 961 00e8 0E       		.uleb128 0xe
 962 00e9 03       		.uleb128 0x3
 963 00ea 0E       		.uleb128 0xe
 964 00eb 3A       		.uleb128 0x3a
 965 00ec 0B       		.uleb128 0xb
 966 00ed 3B       		.uleb128 0x3b
 967 00ee 05       		.uleb128 0x5
ARM GAS  C:\Users\Admin\AppData\Local\Temp\ccS3cLOb.s 			page 21


 968 00ef 00       		.byte	0
 969 00f0 00       		.byte	0
 970 00f1 00       		.byte	0
 971              		.section	.debug_aranges,"",%progbits
 972 0000 2C000000 		.4byte	0x2c
 973 0004 0200     		.2byte	0x2
 974 0006 00000000 		.4byte	.Ldebug_info0
 975 000a 04       		.byte	0x4
 976 000b 00       		.byte	0
 977 000c 0000     		.2byte	0
 978 000e 0000     		.2byte	0
 979 0010 00000000 		.4byte	.LFB34
 980 0014 04010000 		.4byte	.LFE34-.LFB34
 981 0018 00000000 		.4byte	.LFB35
 982 001c 18000000 		.4byte	.LFE35-.LFB35
 983 0020 00000000 		.4byte	.LFB36
 984 0024 20000000 		.4byte	.LFE36-.LFB36
 985 0028 00000000 		.4byte	0
 986 002c 00000000 		.4byte	0
 987              		.section	.debug_ranges,"",%progbits
 988              	.Ldebug_ranges0:
 989 0000 00000000 		.4byte	.LFB34
 990 0004 04010000 		.4byte	.LFE34
 991 0008 00000000 		.4byte	.LFB35
 992 000c 18000000 		.4byte	.LFE35
 993 0010 00000000 		.4byte	.LFB36
 994 0014 20000000 		.4byte	.LFE36
 995 0018 00000000 		.4byte	0
 996 001c 00000000 		.4byte	0
 997              		.section	.debug_line,"",%progbits
 998              	.Ldebug_line0:
 999 0000 FA000000 		.section	.debug_str,"MS",%progbits,1
 999      02009000 
 999      00000201 
 999      FB0E0D00 
 999      01010101 
 1000              	.LASF21:
 1001 0000 616C676F 		.ascii	"algorithm\000"
 1001      72697468 
 1001      6D00
 1002              	.LASF3:
 1003 000a 73686F72 		.ascii	"short unsigned int\000"
 1003      7420756E 
 1003      7369676E 
 1003      65642069 
 1003      6E7400
 1004              	.LASF8:
 1005 001d 756E7369 		.ascii	"unsigned int\000"
 1005      676E6564 
 1005      20696E74 
 1005      00
 1006              	.LASF16:
 1007 002a 72756E41 		.ascii	"runAlgorithm2\000"
 1007      6C676F72 
 1007      6974686D 
 1007      3200
 1008              	.LASF18:
ARM GAS  C:\Users\Admin\AppData\Local\Temp\ccS3cLOb.s 			page 22


 1009 0038 74696D65 		.ascii	"timer_isr_interrupt\000"
 1009      725F6973 
 1009      725F696E 
 1009      74657272 
 1009      75707400 
 1010              	.LASF11:
 1011 004c 666C6F61 		.ascii	"float\000"
 1011      7400
 1012              	.LASF20:
 1013 0052 636F756E 		.ascii	"counter\000"
 1013      74657200 
 1014              	.LASF1:
 1015 005a 756E7369 		.ascii	"unsigned char\000"
 1015      676E6564 
 1015      20636861 
 1015      7200
 1016              	.LASF5:
 1017 0068 6C6F6E67 		.ascii	"long unsigned int\000"
 1017      20756E73 
 1017      69676E65 
 1017      6420696E 
 1017      7400
 1018              	.LASF9:
 1019 007a 75696E74 		.ascii	"uint8\000"
 1019      3800
 1020              	.LASF27:
 1021 0080 62757474 		.ascii	"button_isr_StartEx\000"
 1021      6F6E5F69 
 1021      73725F53 
 1021      74617274 
 1021      457800
 1022              	.LASF12:
 1023 0093 646F7562 		.ascii	"double\000"
 1023      6C6500
 1024              	.LASF31:
 1025 009a 6D61696E 		.ascii	"main\000"
 1025      00
 1026              	.LASF10:
 1027 009f 75696E74 		.ascii	"uint32\000"
 1027      333200
 1028              	.LASF30:
 1029 00a6 443A5C65 		.ascii	"D:\\e d u c a t i o n\\m i c r o c o n t r o l l e "
 1029      20642075 
 1029      20632061 
 1029      20742069 
 1029      206F206E 
 1030 00d7 72207320 		.ascii	"r s   2\\WorkspaceLabs\\lab-2.cydsn\000"
 1030      2020325C 
 1030      576F726B 
 1030      73706163 
 1030      654C6162 
 1031              	.LASF23:
 1032 00f9 54696D65 		.ascii	"Timer_Counter_ClearInterrupt\000"
 1032      725F436F 
 1032      756E7465 
 1032      725F436C 
 1032      65617249 
ARM GAS  C:\Users\Admin\AppData\Local\Temp\ccS3cLOb.s 			page 23


 1033              	.LASF7:
 1034 0116 6C6F6E67 		.ascii	"long long unsigned int\000"
 1034      206C6F6E 
 1034      6720756E 
 1034      7369676E 
 1034      65642069 
 1035              	.LASF24:
 1036 012d 42757474 		.ascii	"Button_ClearInterrupt\000"
 1036      6F6E5F43 
 1036      6C656172 
 1036      496E7465 
 1036      72727570 
 1037              	.LASF28:
 1038 0143 474E5520 		.ascii	"GNU C11 5.4.1 20160609 (release) [ARM/embedded-5-br"
 1038      43313120 
 1038      352E342E 
 1038      31203230 
 1038      31363036 
 1039 0176 616E6368 		.ascii	"anch revision 237715] -mcpu=cortex-m0 -mthumb -g -O"
 1039      20726576 
 1039      6973696F 
 1039      6E203233 
 1039      37373135 
 1040 01a9 67202D66 		.ascii	"g -ffunction-sections -ffat-lto-objects\000"
 1040      66756E63 
 1040      74696F6E 
 1040      2D736563 
 1040      74696F6E 
 1041              	.LASF14:
 1042 01d1 6C6F6E67 		.ascii	"long double\000"
 1042      20646F75 
 1042      626C6500 
 1043              	.LASF15:
 1044 01dd 73697A65 		.ascii	"sizetype\000"
 1044      74797065 
 1044      00
 1045              	.LASF6:
 1046 01e6 6C6F6E67 		.ascii	"long long int\000"
 1046      206C6F6E 
 1046      6720696E 
 1046      7400
 1047              	.LASF25:
 1048 01f4 54696D65 		.ascii	"Timer_Counter_Start\000"
 1048      725F436F 
 1048      756E7465 
 1048      725F5374 
 1048      61727400 
 1049              	.LASF29:
 1050 0208 6D61696E 		.ascii	"main.c\000"
 1050      2E6300
 1051              	.LASF13:
 1052 020f 63686172 		.ascii	"char\000"
 1052      00
 1053              	.LASF19:
 1054 0214 62757474 		.ascii	"button_isr_interrupt\000"
 1054      6F6E5F69 
 1054      73725F69 
ARM GAS  C:\Users\Admin\AppData\Local\Temp\ccS3cLOb.s 			page 24


 1054      6E746572 
 1054      72757074 
 1055              	.LASF2:
 1056 0229 73686F72 		.ascii	"short int\000"
 1056      7420696E 
 1056      7400
 1057              	.LASF4:
 1058 0233 6C6F6E67 		.ascii	"long int\000"
 1058      20696E74 
 1058      00
 1059              	.LASF26:
 1060 023c 74696D65 		.ascii	"timer_isr_StartEx\000"
 1060      725F6973 
 1060      725F5374 
 1060      61727445 
 1060      7800
 1061              	.LASF17:
 1062 024e 72756E41 		.ascii	"runAlgorithm1\000"
 1062      6C676F72 
 1062      6974686D 
 1062      3100
 1063              	.LASF0:
 1064 025c 7369676E 		.ascii	"signed char\000"
 1064      65642063 
 1064      68617200 
 1065              	.LASF22:
 1066 0268 436F6E74 		.ascii	"Control_Reg_Write\000"
 1066      726F6C5F 
 1066      5265675F 
 1066      57726974 
 1066      6500
 1067              		.ident	"GCC: (GNU Tools for ARM Embedded Processors) 5.4.1 20160609 (release) [ARM/embedded-5-bran
