ARM GAS  C:\Users\VIKTOR~1\AppData\Local\Temp\ccHYAeOw.s 			page 1


   1              		.syntax unified
   2              		.cpu cortex-m0
   3              		.fpu softvfp
   4              		.eabi_attribute 20, 1
   5              		.eabi_attribute 21, 1
   6              		.eabi_attribute 23, 3
   7              		.eabi_attribute 24, 1
   8              		.eabi_attribute 25, 1
   9              		.eabi_attribute 26, 1
  10              		.eabi_attribute 30, 1
  11              		.eabi_attribute 34, 0
  12              		.eabi_attribute 18, 4
  13              		.thumb
  14              		.syntax unified
  15              		.file	"QuadDec.c"
  16              		.text
  17              	.Ltext0:
  18              		.cfi_sections	.debug_frame
  19              		.section	.text.QuadDec_Init,"ax",%progbits
  20              		.align	2
  21              		.global	QuadDec_Init
  22              		.code	16
  23              		.thumb_func
  24              		.type	QuadDec_Init, %function
  25              	QuadDec_Init:
  26              	.LFB1:
  27              		.file 1 "Generated_Source\\PSoC4\\QuadDec.c"
   1:Generated_Source\PSoC4/QuadDec.c **** /*******************************************************************************
   2:Generated_Source\PSoC4/QuadDec.c **** * File Name: QuadDec.c  
   3:Generated_Source\PSoC4/QuadDec.c **** * Version 3.0
   4:Generated_Source\PSoC4/QuadDec.c **** *
   5:Generated_Source\PSoC4/QuadDec.c **** * Description:
   6:Generated_Source\PSoC4/QuadDec.c **** *  This file provides the source code to the API for the Quadrature Decoder
   7:Generated_Source\PSoC4/QuadDec.c **** *  component.
   8:Generated_Source\PSoC4/QuadDec.c **** *
   9:Generated_Source\PSoC4/QuadDec.c **** * Note:
  10:Generated_Source\PSoC4/QuadDec.c **** *  None.
  11:Generated_Source\PSoC4/QuadDec.c **** *   
  12:Generated_Source\PSoC4/QuadDec.c **** ********************************************************************************
  13:Generated_Source\PSoC4/QuadDec.c **** * Copyright 2008-2014, Cypress Semiconductor Corporation.  All rights reserved.
  14:Generated_Source\PSoC4/QuadDec.c **** * You may use this file only in accordance with the license, terms, conditions, 
  15:Generated_Source\PSoC4/QuadDec.c **** * disclaimers, and limitations in the end user license agreement accompanying 
  16:Generated_Source\PSoC4/QuadDec.c **** * the software package with which this file was provided.
  17:Generated_Source\PSoC4/QuadDec.c **** *******************************************************************************/
  18:Generated_Source\PSoC4/QuadDec.c **** 
  19:Generated_Source\PSoC4/QuadDec.c **** #include "QuadDec.h"
  20:Generated_Source\PSoC4/QuadDec.c **** 
  21:Generated_Source\PSoC4/QuadDec.c **** #if (QuadDec_COUNTER_SIZE == QuadDec_COUNTER_SIZE_32_BIT)
  22:Generated_Source\PSoC4/QuadDec.c ****     #include "QuadDec_PVT.h"
  23:Generated_Source\PSoC4/QuadDec.c **** #endif /* QuadDec_COUNTER_SIZE == QuadDec_COUNTER_SIZE_32_BIT */
  24:Generated_Source\PSoC4/QuadDec.c **** 
  25:Generated_Source\PSoC4/QuadDec.c **** uint8 QuadDec_initVar = 0u;
  26:Generated_Source\PSoC4/QuadDec.c **** 
  27:Generated_Source\PSoC4/QuadDec.c **** 
  28:Generated_Source\PSoC4/QuadDec.c **** /*******************************************************************************
  29:Generated_Source\PSoC4/QuadDec.c **** * Function Name: QuadDec_Init
  30:Generated_Source\PSoC4/QuadDec.c **** ********************************************************************************
ARM GAS  C:\Users\VIKTOR~1\AppData\Local\Temp\ccHYAeOw.s 			page 2


  31:Generated_Source\PSoC4/QuadDec.c **** *
  32:Generated_Source\PSoC4/QuadDec.c **** * Summary:
  33:Generated_Source\PSoC4/QuadDec.c **** *  Inits/Restores default QuadDec configuration provided with customizer.
  34:Generated_Source\PSoC4/QuadDec.c **** *
  35:Generated_Source\PSoC4/QuadDec.c **** * Parameters:
  36:Generated_Source\PSoC4/QuadDec.c **** *  None.
  37:Generated_Source\PSoC4/QuadDec.c **** *
  38:Generated_Source\PSoC4/QuadDec.c **** * Return:
  39:Generated_Source\PSoC4/QuadDec.c **** *  None.
  40:Generated_Source\PSoC4/QuadDec.c **** *
  41:Generated_Source\PSoC4/QuadDec.c **** *******************************************************************************/
  42:Generated_Source\PSoC4/QuadDec.c **** void QuadDec_Init(void) 
  43:Generated_Source\PSoC4/QuadDec.c **** {
  28              		.loc 1 43 0
  29              		.cfi_startproc
  30              		@ args = 0, pretend = 0, frame = 0
  31              		@ frame_needed = 0, uses_anonymous_args = 0
  32              		@ link register save eliminated.
  44:Generated_Source\PSoC4/QuadDec.c ****     #if (QuadDec_COUNTER_SIZE == QuadDec_COUNTER_SIZE_32_BIT)
  45:Generated_Source\PSoC4/QuadDec.c ****         /* Disable Interrupt. */
  46:Generated_Source\PSoC4/QuadDec.c ****         CyIntDisable(QuadDec_ISR_NUMBER);
  47:Generated_Source\PSoC4/QuadDec.c ****         /* Set the ISR to point to the QuadDec_isr Interrupt. */
  48:Generated_Source\PSoC4/QuadDec.c ****         (void) CyIntSetVector(QuadDec_ISR_NUMBER, & QuadDec_ISR);
  49:Generated_Source\PSoC4/QuadDec.c ****         /* Set the priority. */
  50:Generated_Source\PSoC4/QuadDec.c ****         CyIntSetPriority(QuadDec_ISR_NUMBER, QuadDec_ISR_PRIORITY);
  51:Generated_Source\PSoC4/QuadDec.c ****     #endif /* QuadDec_COUNTER_SIZE == QuadDec_COUNTER_SIZE_32_BIT */
  52:Generated_Source\PSoC4/QuadDec.c **** }
  33              		.loc 1 52 0
  34              		@ sp needed
  35 0000 7047     		bx	lr
  36              		.cfi_endproc
  37              	.LFE1:
  38              		.size	QuadDec_Init, .-QuadDec_Init
  39 0002 C046     		.section	.text.QuadDec_Stop,"ax",%progbits
  40              		.align	2
  41              		.global	QuadDec_Stop
  42              		.code	16
  43              		.thumb_func
  44              		.type	QuadDec_Stop, %function
  45              	QuadDec_Stop:
  46              	.LFB4:
  53:Generated_Source\PSoC4/QuadDec.c **** 
  54:Generated_Source\PSoC4/QuadDec.c **** 
  55:Generated_Source\PSoC4/QuadDec.c **** /*******************************************************************************
  56:Generated_Source\PSoC4/QuadDec.c **** * Function Name: QuadDec_Enable
  57:Generated_Source\PSoC4/QuadDec.c **** ********************************************************************************
  58:Generated_Source\PSoC4/QuadDec.c **** *
  59:Generated_Source\PSoC4/QuadDec.c **** * Summary:
  60:Generated_Source\PSoC4/QuadDec.c **** *  This function enable interrupts from Component and also enable Component's
  61:Generated_Source\PSoC4/QuadDec.c **** *  ISR in case of 32-bit counter.
  62:Generated_Source\PSoC4/QuadDec.c **** *
  63:Generated_Source\PSoC4/QuadDec.c **** * Parameters:
  64:Generated_Source\PSoC4/QuadDec.c **** *  None.
  65:Generated_Source\PSoC4/QuadDec.c **** *
  66:Generated_Source\PSoC4/QuadDec.c **** * Return:
  67:Generated_Source\PSoC4/QuadDec.c **** *  None.
  68:Generated_Source\PSoC4/QuadDec.c **** *
ARM GAS  C:\Users\VIKTOR~1\AppData\Local\Temp\ccHYAeOw.s 			page 3


  69:Generated_Source\PSoC4/QuadDec.c **** *******************************************************************************/
  70:Generated_Source\PSoC4/QuadDec.c **** void QuadDec_Enable(void) 
  71:Generated_Source\PSoC4/QuadDec.c **** {
  72:Generated_Source\PSoC4/QuadDec.c ****     uint8 enableInterrupts;
  73:Generated_Source\PSoC4/QuadDec.c **** 
  74:Generated_Source\PSoC4/QuadDec.c ****     QuadDec_SetInterruptMask(QuadDec_INIT_INT_MASK);
  75:Generated_Source\PSoC4/QuadDec.c **** 
  76:Generated_Source\PSoC4/QuadDec.c ****     /* Clear pending interrupts. */
  77:Generated_Source\PSoC4/QuadDec.c ****     (void) QuadDec_GetEvents();
  78:Generated_Source\PSoC4/QuadDec.c ****     
  79:Generated_Source\PSoC4/QuadDec.c ****     enableInterrupts = CyEnterCriticalSection();
  80:Generated_Source\PSoC4/QuadDec.c **** 
  81:Generated_Source\PSoC4/QuadDec.c ****     /* Enable interrupts from Statusi register */
  82:Generated_Source\PSoC4/QuadDec.c ****     QuadDec_SR_AUX_CONTROL |= QuadDec_INTERRUPTS_ENABLE;
  83:Generated_Source\PSoC4/QuadDec.c **** 
  84:Generated_Source\PSoC4/QuadDec.c ****     CyExitCriticalSection(enableInterrupts);        
  85:Generated_Source\PSoC4/QuadDec.c **** 
  86:Generated_Source\PSoC4/QuadDec.c ****     #if (QuadDec_COUNTER_SIZE == QuadDec_COUNTER_SIZE_32_BIT)
  87:Generated_Source\PSoC4/QuadDec.c ****         /* Enable Component interrupts */
  88:Generated_Source\PSoC4/QuadDec.c ****         CyIntEnable(QuadDec_ISR_NUMBER);
  89:Generated_Source\PSoC4/QuadDec.c ****     #endif /* QuadDec_COUNTER_SIZE == QuadDec_COUNTER_SIZE_32_BIT */
  90:Generated_Source\PSoC4/QuadDec.c **** }
  91:Generated_Source\PSoC4/QuadDec.c **** 
  92:Generated_Source\PSoC4/QuadDec.c **** 
  93:Generated_Source\PSoC4/QuadDec.c **** /*******************************************************************************
  94:Generated_Source\PSoC4/QuadDec.c **** * Function Name: QuadDec_Start
  95:Generated_Source\PSoC4/QuadDec.c **** ********************************************************************************
  96:Generated_Source\PSoC4/QuadDec.c **** *
  97:Generated_Source\PSoC4/QuadDec.c **** * Summary:
  98:Generated_Source\PSoC4/QuadDec.c **** *  Initializes UDBs and other relevant hardware.
  99:Generated_Source\PSoC4/QuadDec.c **** *  Resets counter, enables or disables all relevant interrupts.
 100:Generated_Source\PSoC4/QuadDec.c **** *  Starts monitoring the inputs and counting.
 101:Generated_Source\PSoC4/QuadDec.c **** *
 102:Generated_Source\PSoC4/QuadDec.c **** * Parameters:
 103:Generated_Source\PSoC4/QuadDec.c **** *  None.
 104:Generated_Source\PSoC4/QuadDec.c **** *
 105:Generated_Source\PSoC4/QuadDec.c **** * Return:
 106:Generated_Source\PSoC4/QuadDec.c **** *  None.
 107:Generated_Source\PSoC4/QuadDec.c **** *
 108:Generated_Source\PSoC4/QuadDec.c **** * Global variables:
 109:Generated_Source\PSoC4/QuadDec.c **** *  QuadDec_initVar - used to check initial configuration, modified on
 110:Generated_Source\PSoC4/QuadDec.c **** *  first function call.
 111:Generated_Source\PSoC4/QuadDec.c **** *
 112:Generated_Source\PSoC4/QuadDec.c **** * Reentrant:
 113:Generated_Source\PSoC4/QuadDec.c **** *  No.
 114:Generated_Source\PSoC4/QuadDec.c **** *
 115:Generated_Source\PSoC4/QuadDec.c **** *******************************************************************************/
 116:Generated_Source\PSoC4/QuadDec.c **** void QuadDec_Start(void) 
 117:Generated_Source\PSoC4/QuadDec.c **** {
 118:Generated_Source\PSoC4/QuadDec.c ****     #if (QuadDec_COUNTER_SIZE == QuadDec_COUNTER_SIZE_8_BIT)
 119:Generated_Source\PSoC4/QuadDec.c ****         QuadDec_Cnt8_Start();
 120:Generated_Source\PSoC4/QuadDec.c ****         QuadDec_Cnt8_WriteCounter(QuadDec_COUNTER_INIT_VALUE);
 121:Generated_Source\PSoC4/QuadDec.c ****     #else
 122:Generated_Source\PSoC4/QuadDec.c ****         /* (QuadDec_COUNTER_SIZE == QuadDec_COUNTER_SIZE_16_BIT) || 
 123:Generated_Source\PSoC4/QuadDec.c ****         *  (QuadDec_COUNTER_SIZE == QuadDec_COUNTER_SIZE_32_BIT) 
 124:Generated_Source\PSoC4/QuadDec.c ****         */
 125:Generated_Source\PSoC4/QuadDec.c ****         QuadDec_Cnt16_Start();
ARM GAS  C:\Users\VIKTOR~1\AppData\Local\Temp\ccHYAeOw.s 			page 4


 126:Generated_Source\PSoC4/QuadDec.c ****         QuadDec_Cnt16_WriteCounter(QuadDec_COUNTER_INIT_VALUE);
 127:Generated_Source\PSoC4/QuadDec.c ****     #endif /* QuadDec_COUNTER_SIZE == QuadDec_COUNTER_SIZE_8_BIT */
 128:Generated_Source\PSoC4/QuadDec.c ****     
 129:Generated_Source\PSoC4/QuadDec.c ****     #if (QuadDec_COUNTER_SIZE == QuadDec_COUNTER_SIZE_32_BIT)        
 130:Generated_Source\PSoC4/QuadDec.c ****        QuadDec_count32SoftPart = 0;
 131:Generated_Source\PSoC4/QuadDec.c ****     #endif /* QuadDec_COUNTER_SIZE == QuadDec_COUNTER_SIZE_32_BIT */
 132:Generated_Source\PSoC4/QuadDec.c **** 
 133:Generated_Source\PSoC4/QuadDec.c ****     if (QuadDec_initVar == 0u)
 134:Generated_Source\PSoC4/QuadDec.c ****     {
 135:Generated_Source\PSoC4/QuadDec.c ****         QuadDec_Init();
 136:Generated_Source\PSoC4/QuadDec.c ****         QuadDec_initVar = 1u;
 137:Generated_Source\PSoC4/QuadDec.c ****     }
 138:Generated_Source\PSoC4/QuadDec.c **** 
 139:Generated_Source\PSoC4/QuadDec.c ****     QuadDec_Enable();
 140:Generated_Source\PSoC4/QuadDec.c **** }
 141:Generated_Source\PSoC4/QuadDec.c **** 
 142:Generated_Source\PSoC4/QuadDec.c **** 
 143:Generated_Source\PSoC4/QuadDec.c **** /*******************************************************************************
 144:Generated_Source\PSoC4/QuadDec.c **** * Function Name: QuadDec_Stop
 145:Generated_Source\PSoC4/QuadDec.c **** ********************************************************************************
 146:Generated_Source\PSoC4/QuadDec.c **** *
 147:Generated_Source\PSoC4/QuadDec.c **** * Summary:
 148:Generated_Source\PSoC4/QuadDec.c **** *  Turns off UDBs and other relevant hardware.
 149:Generated_Source\PSoC4/QuadDec.c **** *
 150:Generated_Source\PSoC4/QuadDec.c **** * Parameters:
 151:Generated_Source\PSoC4/QuadDec.c **** *  None.
 152:Generated_Source\PSoC4/QuadDec.c **** *
 153:Generated_Source\PSoC4/QuadDec.c **** * Return:
 154:Generated_Source\PSoC4/QuadDec.c **** *  None.
 155:Generated_Source\PSoC4/QuadDec.c **** *
 156:Generated_Source\PSoC4/QuadDec.c **** *******************************************************************************/
 157:Generated_Source\PSoC4/QuadDec.c **** void QuadDec_Stop(void) 
 158:Generated_Source\PSoC4/QuadDec.c **** {
  47              		.loc 1 158 0
  48              		.cfi_startproc
  49              		@ args = 0, pretend = 0, frame = 0
  50              		@ frame_needed = 0, uses_anonymous_args = 0
  51 0000 10B5     		push	{r4, lr}
  52              		.cfi_def_cfa_offset 8
  53              		.cfi_offset 4, -8
  54              		.cfi_offset 14, -4
 159:Generated_Source\PSoC4/QuadDec.c ****     uint8 enableInterrupts;
 160:Generated_Source\PSoC4/QuadDec.c **** 
 161:Generated_Source\PSoC4/QuadDec.c ****     #if (QuadDec_COUNTER_SIZE == QuadDec_COUNTER_SIZE_8_BIT)
 162:Generated_Source\PSoC4/QuadDec.c ****         QuadDec_Cnt8_Stop();
  55              		.loc 1 162 0
  56 0002 FFF7FEFF 		bl	QuadDec_Cnt8_Stop
  57              	.LVL0:
 163:Generated_Source\PSoC4/QuadDec.c ****     #else 
 164:Generated_Source\PSoC4/QuadDec.c ****         /* (QuadDec_COUNTER_SIZE == QuadDec_COUNTER_SIZE_16_BIT) ||
 165:Generated_Source\PSoC4/QuadDec.c ****         *  (QuadDec_COUNTER_SIZE == QuadDec_COUNTER_SIZE_32_BIT)
 166:Generated_Source\PSoC4/QuadDec.c ****         */
 167:Generated_Source\PSoC4/QuadDec.c ****         QuadDec_Cnt16_Stop();    /* counter disable */
 168:Generated_Source\PSoC4/QuadDec.c ****     #endif /* (QuadDec_COUNTER_SIZE == QuadDec_COUNTER_SIZE_8_BIT) */
 169:Generated_Source\PSoC4/QuadDec.c ****  
 170:Generated_Source\PSoC4/QuadDec.c ****     enableInterrupts = CyEnterCriticalSection();
  58              		.loc 1 170 0
ARM GAS  C:\Users\VIKTOR~1\AppData\Local\Temp\ccHYAeOw.s 			page 5


  59 0006 FFF7FEFF 		bl	CyEnterCriticalSection
  60              	.LVL1:
 171:Generated_Source\PSoC4/QuadDec.c **** 
 172:Generated_Source\PSoC4/QuadDec.c ****     /* Disable interrupts interrupts from Statusi register */
 173:Generated_Source\PSoC4/QuadDec.c ****     QuadDec_SR_AUX_CONTROL &= (uint8) (~QuadDec_INTERRUPTS_ENABLE);
  61              		.loc 1 173 0
  62 000a 044A     		ldr	r2, .L3
  63 000c 1378     		ldrb	r3, [r2]
  64 000e 1021     		movs	r1, #16
  65 0010 8B43     		bics	r3, r1
  66 0012 1370     		strb	r3, [r2]
 174:Generated_Source\PSoC4/QuadDec.c **** 
 175:Generated_Source\PSoC4/QuadDec.c ****     CyExitCriticalSection(enableInterrupts);
  67              		.loc 1 175 0
  68 0014 FFF7FEFF 		bl	CyExitCriticalSection
  69              	.LVL2:
 176:Generated_Source\PSoC4/QuadDec.c **** 
 177:Generated_Source\PSoC4/QuadDec.c ****     #if (QuadDec_COUNTER_SIZE == QuadDec_COUNTER_SIZE_32_BIT)
 178:Generated_Source\PSoC4/QuadDec.c ****         CyIntDisable(QuadDec_ISR_NUMBER);    /* interrupt disable */
 179:Generated_Source\PSoC4/QuadDec.c ****     #endif /* QuadDec_COUNTER_SIZE == QuadDec_COUNTER_SIZE_32_BIT */
 180:Generated_Source\PSoC4/QuadDec.c **** }
  70              		.loc 1 180 0
  71              		@ sp needed
  72 0018 10BD     		pop	{r4, pc}
  73              	.L4:
  74 001a C046     		.align	2
  75              	.L3:
  76 001c 93000F40 		.word	1074725011
  77              		.cfi_endproc
  78              	.LFE4:
  79              		.size	QuadDec_Stop, .-QuadDec_Stop
  80              		.section	.text.QuadDec_GetCounter,"ax",%progbits
  81              		.align	2
  82              		.global	QuadDec_GetCounter
  83              		.code	16
  84              		.thumb_func
  85              		.type	QuadDec_GetCounter, %function
  86              	QuadDec_GetCounter:
  87              	.LFB5:
 181:Generated_Source\PSoC4/QuadDec.c **** 
 182:Generated_Source\PSoC4/QuadDec.c **** 
 183:Generated_Source\PSoC4/QuadDec.c **** /*******************************************************************************
 184:Generated_Source\PSoC4/QuadDec.c **** * Function Name: QuadDec_GetCounter
 185:Generated_Source\PSoC4/QuadDec.c **** ********************************************************************************
 186:Generated_Source\PSoC4/QuadDec.c **** *
 187:Generated_Source\PSoC4/QuadDec.c **** * Summary:
 188:Generated_Source\PSoC4/QuadDec.c **** *  Reports the current value of the counter.
 189:Generated_Source\PSoC4/QuadDec.c **** *
 190:Generated_Source\PSoC4/QuadDec.c **** * Parameters:
 191:Generated_Source\PSoC4/QuadDec.c **** *  None.
 192:Generated_Source\PSoC4/QuadDec.c **** *
 193:Generated_Source\PSoC4/QuadDec.c **** * Return:
 194:Generated_Source\PSoC4/QuadDec.c **** *  The counter value. Return type is signed and per the counter size setting.
 195:Generated_Source\PSoC4/QuadDec.c **** *  A positive value indicates clockwise movement (B before A).
 196:Generated_Source\PSoC4/QuadDec.c **** *
 197:Generated_Source\PSoC4/QuadDec.c **** * Global variables:
 198:Generated_Source\PSoC4/QuadDec.c **** *  QuadDec_count32SoftPart - used to get hi 16 bit for current value
ARM GAS  C:\Users\VIKTOR~1\AppData\Local\Temp\ccHYAeOw.s 			page 6


 199:Generated_Source\PSoC4/QuadDec.c **** *  of the 32-bit counter, when Counter size equal 32-bit.
 200:Generated_Source\PSoC4/QuadDec.c **** *
 201:Generated_Source\PSoC4/QuadDec.c **** *******************************************************************************/
 202:Generated_Source\PSoC4/QuadDec.c **** int8 QuadDec_GetCounter(void) 
 203:Generated_Source\PSoC4/QuadDec.c **** {
  88              		.loc 1 203 0
  89              		.cfi_startproc
  90              		@ args = 0, pretend = 0, frame = 0
  91              		@ frame_needed = 0, uses_anonymous_args = 0
  92 0000 10B5     		push	{r4, lr}
  93              		.cfi_def_cfa_offset 8
  94              		.cfi_offset 4, -8
  95              		.cfi_offset 14, -4
 204:Generated_Source\PSoC4/QuadDec.c ****     int8 count;
 205:Generated_Source\PSoC4/QuadDec.c ****     uint8 tmpCnt;
 206:Generated_Source\PSoC4/QuadDec.c **** 
 207:Generated_Source\PSoC4/QuadDec.c ****     #if (QuadDec_COUNTER_SIZE == QuadDec_COUNTER_SIZE_32_BIT)
 208:Generated_Source\PSoC4/QuadDec.c ****         int16 hwCount;
 209:Generated_Source\PSoC4/QuadDec.c **** 
 210:Generated_Source\PSoC4/QuadDec.c ****         CyIntDisable(QuadDec_ISR_NUMBER);
 211:Generated_Source\PSoC4/QuadDec.c **** 
 212:Generated_Source\PSoC4/QuadDec.c ****         tmpCnt = QuadDec_Cnt16_ReadCounter();
 213:Generated_Source\PSoC4/QuadDec.c ****         hwCount = (int16) ((int32) tmpCnt - (int32) QuadDec_COUNTER_INIT_VALUE);
 214:Generated_Source\PSoC4/QuadDec.c ****         count = QuadDec_count32SoftPart + hwCount;
 215:Generated_Source\PSoC4/QuadDec.c **** 
 216:Generated_Source\PSoC4/QuadDec.c ****         CyIntEnable(QuadDec_ISR_NUMBER);
 217:Generated_Source\PSoC4/QuadDec.c ****     #else 
 218:Generated_Source\PSoC4/QuadDec.c ****         /* (QuadDec_COUNTER_SIZE == QuadDec_COUNTER_SIZE_8_BIT) || 
 219:Generated_Source\PSoC4/QuadDec.c ****         *  (QuadDec_COUNTER_SIZE == QuadDec_COUNTER_SIZE_16_BIT)
 220:Generated_Source\PSoC4/QuadDec.c ****         */
 221:Generated_Source\PSoC4/QuadDec.c ****         #if (QuadDec_COUNTER_SIZE == QuadDec_COUNTER_SIZE_8_BIT)
 222:Generated_Source\PSoC4/QuadDec.c ****             tmpCnt = QuadDec_Cnt8_ReadCounter();
  96              		.loc 1 222 0
  97 0002 FFF7FEFF 		bl	QuadDec_Cnt8_ReadCounter
  98              	.LVL3:
 223:Generated_Source\PSoC4/QuadDec.c ****         #else /* (QuadDec_COUNTER_SIZE == QuadDec_COUNTER_SIZE_16_BIT) */
 224:Generated_Source\PSoC4/QuadDec.c ****             tmpCnt = QuadDec_Cnt16_ReadCounter();
 225:Generated_Source\PSoC4/QuadDec.c ****         #endif  /* QuadDec_COUNTER_SIZE == QuadDec_COUNTER_SIZE_8_BIT */
 226:Generated_Source\PSoC4/QuadDec.c **** 
 227:Generated_Source\PSoC4/QuadDec.c ****         count = (int8) ((int16) tmpCnt -
  99              		.loc 1 227 0
 100 0006 8038     		subs	r0, r0, #128
 101              	.LVL4:
 102 0008 40B2     		sxtb	r0, r0
 103              	.LVL5:
 228:Generated_Source\PSoC4/QuadDec.c ****                 (int16) QuadDec_COUNTER_INIT_VALUE);
 229:Generated_Source\PSoC4/QuadDec.c **** 
 230:Generated_Source\PSoC4/QuadDec.c ****     #endif /* QuadDec_COUNTER_SIZE == QuadDec_COUNTER_SIZE_32_BIT */ 
 231:Generated_Source\PSoC4/QuadDec.c **** 
 232:Generated_Source\PSoC4/QuadDec.c ****     return (count);
 233:Generated_Source\PSoC4/QuadDec.c **** }
 104              		.loc 1 233 0
 105              		@ sp needed
 106 000a 10BD     		pop	{r4, pc}
 107              		.cfi_endproc
 108              	.LFE5:
 109              		.size	QuadDec_GetCounter, .-QuadDec_GetCounter
ARM GAS  C:\Users\VIKTOR~1\AppData\Local\Temp\ccHYAeOw.s 			page 7


 110              		.section	.text.QuadDec_SetCounter,"ax",%progbits
 111              		.align	2
 112              		.global	QuadDec_SetCounter
 113              		.code	16
 114              		.thumb_func
 115              		.type	QuadDec_SetCounter, %function
 116              	QuadDec_SetCounter:
 117              	.LFB6:
 234:Generated_Source\PSoC4/QuadDec.c **** 
 235:Generated_Source\PSoC4/QuadDec.c **** 
 236:Generated_Source\PSoC4/QuadDec.c **** /*******************************************************************************
 237:Generated_Source\PSoC4/QuadDec.c **** * Function Name: QuadDec_SetCounter
 238:Generated_Source\PSoC4/QuadDec.c **** ********************************************************************************
 239:Generated_Source\PSoC4/QuadDec.c **** *
 240:Generated_Source\PSoC4/QuadDec.c **** * Summary:
 241:Generated_Source\PSoC4/QuadDec.c **** *  Sets the current value of the counter.
 242:Generated_Source\PSoC4/QuadDec.c **** *
 243:Generated_Source\PSoC4/QuadDec.c **** * Parameters:
 244:Generated_Source\PSoC4/QuadDec.c **** *  value:  The new value. Parameter type is signed and per the counter size
 245:Generated_Source\PSoC4/QuadDec.c **** *  setting.
 246:Generated_Source\PSoC4/QuadDec.c **** *
 247:Generated_Source\PSoC4/QuadDec.c **** * Return:
 248:Generated_Source\PSoC4/QuadDec.c **** *  None.
 249:Generated_Source\PSoC4/QuadDec.c **** *
 250:Generated_Source\PSoC4/QuadDec.c **** * Global variables:
 251:Generated_Source\PSoC4/QuadDec.c **** *  QuadDec_count32SoftPart - modified to set hi 16 bit for current
 252:Generated_Source\PSoC4/QuadDec.c **** *  value of the 32-bit counter, when Counter size equal 32-bit.
 253:Generated_Source\PSoC4/QuadDec.c **** *
 254:Generated_Source\PSoC4/QuadDec.c **** * Reentrant:
 255:Generated_Source\PSoC4/QuadDec.c **** *  No.
 256:Generated_Source\PSoC4/QuadDec.c **** *
 257:Generated_Source\PSoC4/QuadDec.c **** *******************************************************************************/
 258:Generated_Source\PSoC4/QuadDec.c **** void QuadDec_SetCounter(int8 value) 
 259:Generated_Source\PSoC4/QuadDec.c **** {
 118              		.loc 1 259 0
 119              		.cfi_startproc
 120              		@ args = 0, pretend = 0, frame = 0
 121              		@ frame_needed = 0, uses_anonymous_args = 0
 122              	.LVL6:
 123 0000 10B5     		push	{r4, lr}
 124              		.cfi_def_cfa_offset 8
 125              		.cfi_offset 4, -8
 126              		.cfi_offset 14, -4
 260:Generated_Source\PSoC4/QuadDec.c ****     #if ((QuadDec_COUNTER_SIZE == QuadDec_COUNTER_SIZE_8_BIT) || \
 261:Generated_Source\PSoC4/QuadDec.c ****          (QuadDec_COUNTER_SIZE == QuadDec_COUNTER_SIZE_16_BIT))
 262:Generated_Source\PSoC4/QuadDec.c ****         uint8 count;
 263:Generated_Source\PSoC4/QuadDec.c ****         
 264:Generated_Source\PSoC4/QuadDec.c ****         if (value >= 0)
 127              		.loc 1 264 0
 128 0002 0028     		cmp	r0, #0
 129 0004 03DB     		blt	.L7
 265:Generated_Source\PSoC4/QuadDec.c ****         {
 266:Generated_Source\PSoC4/QuadDec.c ****             count = (uint8) value + QuadDec_COUNTER_INIT_VALUE;
 130              		.loc 1 266 0
 131 0006 C0B2     		uxtb	r0, r0
 132 0008 8038     		subs	r0, r0, #128
 133              	.LVL7:
ARM GAS  C:\Users\VIKTOR~1\AppData\Local\Temp\ccHYAeOw.s 			page 8


 134 000a C0B2     		uxtb	r0, r0
 135              	.LVL8:
 136 000c 01E0     		b	.L8
 137              	.LVL9:
 138              	.L7:
 267:Generated_Source\PSoC4/QuadDec.c ****         }
 268:Generated_Source\PSoC4/QuadDec.c ****         else
 269:Generated_Source\PSoC4/QuadDec.c ****         {
 270:Generated_Source\PSoC4/QuadDec.c ****             count = QuadDec_COUNTER_INIT_VALUE - (uint8)(-value);
 139              		.loc 1 270 0
 140 000e 8038     		subs	r0, r0, #128
 141              	.LVL10:
 142 0010 C0B2     		uxtb	r0, r0
 143              	.LVL11:
 144              	.L8:
 271:Generated_Source\PSoC4/QuadDec.c ****         }
 272:Generated_Source\PSoC4/QuadDec.c ****         #if (QuadDec_COUNTER_SIZE == QuadDec_COUNTER_SIZE_8_BIT)
 273:Generated_Source\PSoC4/QuadDec.c ****             QuadDec_Cnt8_WriteCounter(count);
 145              		.loc 1 273 0
 146 0012 FFF7FEFF 		bl	QuadDec_Cnt8_WriteCounter
 147              	.LVL12:
 274:Generated_Source\PSoC4/QuadDec.c ****         #else /* (QuadDec_COUNTER_SIZE == QuadDec_COUNTER_SIZE_16_BIT) */
 275:Generated_Source\PSoC4/QuadDec.c ****             QuadDec_Cnt16_WriteCounter(count);
 276:Generated_Source\PSoC4/QuadDec.c ****         #endif  /* QuadDec_COUNTER_SIZE == QuadDec_COUNTER_SIZE_8_BIT */
 277:Generated_Source\PSoC4/QuadDec.c ****     #else /* (QuadDec_COUNTER_SIZE == QuadDec_COUNTER_SIZE_32_BIT) */
 278:Generated_Source\PSoC4/QuadDec.c ****         CyIntDisable(QuadDec_ISR_NUMBER);
 279:Generated_Source\PSoC4/QuadDec.c **** 
 280:Generated_Source\PSoC4/QuadDec.c ****         QuadDec_Cnt16_WriteCounter(QuadDec_COUNTER_INIT_VALUE);
 281:Generated_Source\PSoC4/QuadDec.c ****         QuadDec_count32SoftPart = value;
 282:Generated_Source\PSoC4/QuadDec.c **** 
 283:Generated_Source\PSoC4/QuadDec.c ****         CyIntEnable(QuadDec_ISR_NUMBER);
 284:Generated_Source\PSoC4/QuadDec.c ****     #endif  /* (QuadDec_COUNTER_SIZE == QuadDec_COUNTER_SIZE_8_BIT) ||
 285:Generated_Source\PSoC4/QuadDec.c ****              * (QuadDec_COUNTER_SIZE == QuadDec_COUNTER_SIZE_16_BIT)
 286:Generated_Source\PSoC4/QuadDec.c ****              */
 287:Generated_Source\PSoC4/QuadDec.c **** }
 148              		.loc 1 287 0
 149              		@ sp needed
 150 0016 10BD     		pop	{r4, pc}
 151              		.cfi_endproc
 152              	.LFE6:
 153              		.size	QuadDec_SetCounter, .-QuadDec_SetCounter
 154              		.section	.text.QuadDec_GetEvents,"ax",%progbits
 155              		.align	2
 156              		.global	QuadDec_GetEvents
 157              		.code	16
 158              		.thumb_func
 159              		.type	QuadDec_GetEvents, %function
 160              	QuadDec_GetEvents:
 161              	.LFB7:
 288:Generated_Source\PSoC4/QuadDec.c **** 
 289:Generated_Source\PSoC4/QuadDec.c **** 
 290:Generated_Source\PSoC4/QuadDec.c **** /*******************************************************************************
 291:Generated_Source\PSoC4/QuadDec.c **** * Function Name: QuadDec_GetEvents
 292:Generated_Source\PSoC4/QuadDec.c **** ********************************************************************************
 293:Generated_Source\PSoC4/QuadDec.c **** * 
 294:Generated_Source\PSoC4/QuadDec.c **** * Summary:
 295:Generated_Source\PSoC4/QuadDec.c **** *   Reports the current status of events. This function clears the bits of the 
ARM GAS  C:\Users\VIKTOR~1\AppData\Local\Temp\ccHYAeOw.s 			page 9


 296:Generated_Source\PSoC4/QuadDec.c **** *   status register.
 297:Generated_Source\PSoC4/QuadDec.c **** *
 298:Generated_Source\PSoC4/QuadDec.c **** * Parameters:
 299:Generated_Source\PSoC4/QuadDec.c **** *  None.
 300:Generated_Source\PSoC4/QuadDec.c **** *
 301:Generated_Source\PSoC4/QuadDec.c **** * Return:
 302:Generated_Source\PSoC4/QuadDec.c **** *  The events, as bits in an unsigned 8-bit value:
 303:Generated_Source\PSoC4/QuadDec.c **** *    Bit      Description
 304:Generated_Source\PSoC4/QuadDec.c **** *     0        Counter overflow.
 305:Generated_Source\PSoC4/QuadDec.c **** *     1        Counter underflow.
 306:Generated_Source\PSoC4/QuadDec.c **** *     2        Counter reset due to index, if index input is used.
 307:Generated_Source\PSoC4/QuadDec.c **** *     3        Invalid A, B inputs state transition.
 308:Generated_Source\PSoC4/QuadDec.c **** *
 309:Generated_Source\PSoC4/QuadDec.c **** *******************************************************************************/
 310:Generated_Source\PSoC4/QuadDec.c **** uint8 QuadDec_GetEvents(void) 
 311:Generated_Source\PSoC4/QuadDec.c **** {
 162              		.loc 1 311 0
 163              		.cfi_startproc
 164              		@ args = 0, pretend = 0, frame = 0
 165              		@ frame_needed = 0, uses_anonymous_args = 0
 166              		@ link register save eliminated.
 312:Generated_Source\PSoC4/QuadDec.c ****     return (QuadDec_STATUS_REG & QuadDec_INIT_INT_MASK);
 167              		.loc 1 312 0
 168 0000 024B     		ldr	r3, .L10
 169 0002 1878     		ldrb	r0, [r3]
 170 0004 0F23     		movs	r3, #15
 171 0006 1840     		ands	r0, r3
 313:Generated_Source\PSoC4/QuadDec.c **** }
 172              		.loc 1 313 0
 173              		@ sp needed
 174 0008 7047     		bx	lr
 175              	.L11:
 176 000a C046     		.align	2
 177              	.L10:
 178 000c 63000F40 		.word	1074724963
 179              		.cfi_endproc
 180              	.LFE7:
 181              		.size	QuadDec_GetEvents, .-QuadDec_GetEvents
 182              		.section	.text.QuadDec_SetInterruptMask,"ax",%progbits
 183              		.align	2
 184              		.global	QuadDec_SetInterruptMask
 185              		.code	16
 186              		.thumb_func
 187              		.type	QuadDec_SetInterruptMask, %function
 188              	QuadDec_SetInterruptMask:
 189              	.LFB8:
 314:Generated_Source\PSoC4/QuadDec.c **** 
 315:Generated_Source\PSoC4/QuadDec.c **** 
 316:Generated_Source\PSoC4/QuadDec.c **** /*******************************************************************************
 317:Generated_Source\PSoC4/QuadDec.c **** * Function Name: QuadDec_SetInterruptMask
 318:Generated_Source\PSoC4/QuadDec.c **** ********************************************************************************
 319:Generated_Source\PSoC4/QuadDec.c **** *
 320:Generated_Source\PSoC4/QuadDec.c **** * Summary:
 321:Generated_Source\PSoC4/QuadDec.c **** *  Enables / disables interrupts due to the events.
 322:Generated_Source\PSoC4/QuadDec.c **** *  For the 32-bit counter, the overflow, underflow and reset interrupts cannot
 323:Generated_Source\PSoC4/QuadDec.c **** *  be disabled, these bits are ignored.
 324:Generated_Source\PSoC4/QuadDec.c **** *
ARM GAS  C:\Users\VIKTOR~1\AppData\Local\Temp\ccHYAeOw.s 			page 10


 325:Generated_Source\PSoC4/QuadDec.c **** * Parameters:
 326:Generated_Source\PSoC4/QuadDec.c **** *  mask: Enable / disable bits in an 8-bit value, where 1 enables the interrupt.
 327:Generated_Source\PSoC4/QuadDec.c **** *
 328:Generated_Source\PSoC4/QuadDec.c **** * Return:
 329:Generated_Source\PSoC4/QuadDec.c **** *  None.
 330:Generated_Source\PSoC4/QuadDec.c **** *
 331:Generated_Source\PSoC4/QuadDec.c **** *******************************************************************************/
 332:Generated_Source\PSoC4/QuadDec.c **** void QuadDec_SetInterruptMask(uint8 mask) 
 333:Generated_Source\PSoC4/QuadDec.c **** {
 190              		.loc 1 333 0
 191              		.cfi_startproc
 192              		@ args = 0, pretend = 0, frame = 0
 193              		@ frame_needed = 0, uses_anonymous_args = 0
 194              		@ link register save eliminated.
 195              	.LVL13:
 334:Generated_Source\PSoC4/QuadDec.c ****     #if (QuadDec_COUNTER_SIZE == QuadDec_COUNTER_SIZE_32_BIT)
 335:Generated_Source\PSoC4/QuadDec.c ****         /* Underflow, Overflow and Reset interrupts for 32-bit Counter are always enable */
 336:Generated_Source\PSoC4/QuadDec.c ****         mask |= (QuadDec_COUNTER_OVERFLOW | QuadDec_COUNTER_UNDERFLOW |
 337:Generated_Source\PSoC4/QuadDec.c ****                  QuadDec_COUNTER_RESET);
 338:Generated_Source\PSoC4/QuadDec.c ****     #endif /* QuadDec_COUNTER_SIZE == QuadDec_COUNTER_SIZE_32_BIT */
 339:Generated_Source\PSoC4/QuadDec.c **** 
 340:Generated_Source\PSoC4/QuadDec.c ****     QuadDec_STATUS_MASK = mask;
 196              		.loc 1 340 0
 197 0000 014B     		ldr	r3, .L13
 198 0002 1870     		strb	r0, [r3]
 341:Generated_Source\PSoC4/QuadDec.c **** }
 199              		.loc 1 341 0
 200              		@ sp needed
 201 0004 7047     		bx	lr
 202              	.L14:
 203 0006 C046     		.align	2
 204              	.L13:
 205 0008 83000F40 		.word	1074724995
 206              		.cfi_endproc
 207              	.LFE8:
 208              		.size	QuadDec_SetInterruptMask, .-QuadDec_SetInterruptMask
 209              		.section	.text.QuadDec_Enable,"ax",%progbits
 210              		.align	2
 211              		.global	QuadDec_Enable
 212              		.code	16
 213              		.thumb_func
 214              		.type	QuadDec_Enable, %function
 215              	QuadDec_Enable:
 216              	.LFB2:
  71:Generated_Source\PSoC4/QuadDec.c ****     uint8 enableInterrupts;
 217              		.loc 1 71 0
 218              		.cfi_startproc
 219              		@ args = 0, pretend = 0, frame = 0
 220              		@ frame_needed = 0, uses_anonymous_args = 0
 221 0000 10B5     		push	{r4, lr}
 222              		.cfi_def_cfa_offset 8
 223              		.cfi_offset 4, -8
 224              		.cfi_offset 14, -4
  74:Generated_Source\PSoC4/QuadDec.c **** 
 225              		.loc 1 74 0
 226 0002 0F20     		movs	r0, #15
 227 0004 FFF7FEFF 		bl	QuadDec_SetInterruptMask
ARM GAS  C:\Users\VIKTOR~1\AppData\Local\Temp\ccHYAeOw.s 			page 11


 228              	.LVL14:
  77:Generated_Source\PSoC4/QuadDec.c ****     
 229              		.loc 1 77 0
 230 0008 FFF7FEFF 		bl	QuadDec_GetEvents
 231              	.LVL15:
  79:Generated_Source\PSoC4/QuadDec.c **** 
 232              		.loc 1 79 0
 233 000c FFF7FEFF 		bl	CyEnterCriticalSection
 234              	.LVL16:
  82:Generated_Source\PSoC4/QuadDec.c **** 
 235              		.loc 1 82 0
 236 0010 044A     		ldr	r2, .L16
 237 0012 1178     		ldrb	r1, [r2]
 238 0014 1023     		movs	r3, #16
 239 0016 0B43     		orrs	r3, r1
 240 0018 DBB2     		uxtb	r3, r3
 241 001a 1370     		strb	r3, [r2]
  84:Generated_Source\PSoC4/QuadDec.c **** 
 242              		.loc 1 84 0
 243 001c FFF7FEFF 		bl	CyExitCriticalSection
 244              	.LVL17:
  90:Generated_Source\PSoC4/QuadDec.c **** 
 245              		.loc 1 90 0
 246              		@ sp needed
 247 0020 10BD     		pop	{r4, pc}
 248              	.L17:
 249 0022 C046     		.align	2
 250              	.L16:
 251 0024 93000F40 		.word	1074725011
 252              		.cfi_endproc
 253              	.LFE2:
 254              		.size	QuadDec_Enable, .-QuadDec_Enable
 255              		.section	.text.QuadDec_Start,"ax",%progbits
 256              		.align	2
 257              		.global	QuadDec_Start
 258              		.code	16
 259              		.thumb_func
 260              		.type	QuadDec_Start, %function
 261              	QuadDec_Start:
 262              	.LFB3:
 117:Generated_Source\PSoC4/QuadDec.c ****     #if (QuadDec_COUNTER_SIZE == QuadDec_COUNTER_SIZE_8_BIT)
 263              		.loc 1 117 0
 264              		.cfi_startproc
 265              		@ args = 0, pretend = 0, frame = 0
 266              		@ frame_needed = 0, uses_anonymous_args = 0
 267 0000 10B5     		push	{r4, lr}
 268              		.cfi_def_cfa_offset 8
 269              		.cfi_offset 4, -8
 270              		.cfi_offset 14, -4
 119:Generated_Source\PSoC4/QuadDec.c ****         QuadDec_Cnt8_WriteCounter(QuadDec_COUNTER_INIT_VALUE);
 271              		.loc 1 119 0
 272 0002 FFF7FEFF 		bl	QuadDec_Cnt8_Start
 273              	.LVL18:
 120:Generated_Source\PSoC4/QuadDec.c ****     #else
 274              		.loc 1 120 0
 275 0006 8020     		movs	r0, #128
 276 0008 FFF7FEFF 		bl	QuadDec_Cnt8_WriteCounter
ARM GAS  C:\Users\VIKTOR~1\AppData\Local\Temp\ccHYAeOw.s 			page 12


 277              	.LVL19:
 133:Generated_Source\PSoC4/QuadDec.c ****     {
 278              		.loc 1 133 0
 279 000c 044B     		ldr	r3, .L20
 280 000e 1B78     		ldrb	r3, [r3]
 281 0010 002B     		cmp	r3, #0
 282 0012 02D1     		bne	.L19
 136:Generated_Source\PSoC4/QuadDec.c ****     }
 283              		.loc 1 136 0
 284 0014 0122     		movs	r2, #1
 285 0016 024B     		ldr	r3, .L20
 286 0018 1A70     		strb	r2, [r3]
 287              	.L19:
 139:Generated_Source\PSoC4/QuadDec.c **** }
 288              		.loc 1 139 0
 289 001a FFF7FEFF 		bl	QuadDec_Enable
 290              	.LVL20:
 140:Generated_Source\PSoC4/QuadDec.c **** 
 291              		.loc 1 140 0
 292              		@ sp needed
 293 001e 10BD     		pop	{r4, pc}
 294              	.L21:
 295              		.align	2
 296              	.L20:
 297 0020 00000000 		.word	.LANCHOR0
 298              		.cfi_endproc
 299              	.LFE3:
 300              		.size	QuadDec_Start, .-QuadDec_Start
 301              		.section	.text.QuadDec_GetInterruptMask,"ax",%progbits
 302              		.align	2
 303              		.global	QuadDec_GetInterruptMask
 304              		.code	16
 305              		.thumb_func
 306              		.type	QuadDec_GetInterruptMask, %function
 307              	QuadDec_GetInterruptMask:
 308              	.LFB9:
 342:Generated_Source\PSoC4/QuadDec.c **** 
 343:Generated_Source\PSoC4/QuadDec.c **** 
 344:Generated_Source\PSoC4/QuadDec.c **** /*******************************************************************************
 345:Generated_Source\PSoC4/QuadDec.c **** * Function Name: QuadDec_GetInterruptMask
 346:Generated_Source\PSoC4/QuadDec.c **** ********************************************************************************
 347:Generated_Source\PSoC4/QuadDec.c **** *
 348:Generated_Source\PSoC4/QuadDec.c **** * Summary:
 349:Generated_Source\PSoC4/QuadDec.c **** *  Reports the current interrupt mask settings.
 350:Generated_Source\PSoC4/QuadDec.c **** *
 351:Generated_Source\PSoC4/QuadDec.c **** * Parameters:
 352:Generated_Source\PSoC4/QuadDec.c **** *  None.
 353:Generated_Source\PSoC4/QuadDec.c **** *
 354:Generated_Source\PSoC4/QuadDec.c **** * Return:
 355:Generated_Source\PSoC4/QuadDec.c **** *  Enable / disable bits in an 8-bit value, where 1 enables the interrupt.
 356:Generated_Source\PSoC4/QuadDec.c **** *  For the 32-bit counter, the overflow, underflow and reset enable bits are
 357:Generated_Source\PSoC4/QuadDec.c **** *  always set.
 358:Generated_Source\PSoC4/QuadDec.c **** *
 359:Generated_Source\PSoC4/QuadDec.c **** *******************************************************************************/
 360:Generated_Source\PSoC4/QuadDec.c **** uint8 QuadDec_GetInterruptMask(void) 
 361:Generated_Source\PSoC4/QuadDec.c **** {
 309              		.loc 1 361 0
ARM GAS  C:\Users\VIKTOR~1\AppData\Local\Temp\ccHYAeOw.s 			page 13


 310              		.cfi_startproc
 311              		@ args = 0, pretend = 0, frame = 0
 312              		@ frame_needed = 0, uses_anonymous_args = 0
 313              		@ link register save eliminated.
 362:Generated_Source\PSoC4/QuadDec.c ****     return (QuadDec_STATUS_MASK & QuadDec_INIT_INT_MASK);
 314              		.loc 1 362 0
 315 0000 024B     		ldr	r3, .L23
 316 0002 1878     		ldrb	r0, [r3]
 317 0004 0F23     		movs	r3, #15
 318 0006 1840     		ands	r0, r3
 363:Generated_Source\PSoC4/QuadDec.c **** }
 319              		.loc 1 363 0
 320              		@ sp needed
 321 0008 7047     		bx	lr
 322              	.L24:
 323 000a C046     		.align	2
 324              	.L23:
 325 000c 83000F40 		.word	1074724995
 326              		.cfi_endproc
 327              	.LFE9:
 328              		.size	QuadDec_GetInterruptMask, .-QuadDec_GetInterruptMask
 329              		.global	QuadDec_initVar
 330              		.bss
 331              		.set	.LANCHOR0,. + 0
 332              		.type	QuadDec_initVar, %object
 333              		.size	QuadDec_initVar, 1
 334              	QuadDec_initVar:
 335 0000 00       		.space	1
 336              		.text
 337              	.Letext0:
 338              		.file 2 "Generated_Source\\PSoC4\\cytypes.h"
 339              		.file 3 "Generated_Source\\PSoC4\\QuadDec_Cnt8.h"
 340              		.file 4 "Generated_Source\\PSoC4\\CyLib.h"
 341              		.section	.debug_info,"",%progbits
 342              	.Ldebug_info0:
 343 0000 C3020000 		.4byte	0x2c3
 344 0004 0400     		.2byte	0x4
 345 0006 00000000 		.4byte	.Ldebug_abbrev0
 346 000a 04       		.byte	0x4
 347 000b 01       		.uleb128 0x1
 348 000c 9A010000 		.4byte	.LASF36
 349 0010 0C       		.byte	0xc
 350 0011 68000000 		.4byte	.LASF37
 351 0015 12010000 		.4byte	.LASF38
 352 0019 00000000 		.4byte	.Ldebug_ranges0+0
 353 001d 00000000 		.4byte	0
 354 0021 00000000 		.4byte	.Ldebug_line0
 355 0025 02       		.uleb128 0x2
 356 0026 01       		.byte	0x1
 357 0027 06       		.byte	0x6
 358 0028 B8020000 		.4byte	.LASF0
 359 002c 02       		.uleb128 0x2
 360 002d 01       		.byte	0x1
 361 002e 08       		.byte	0x8
 362 002f CF000000 		.4byte	.LASF1
 363 0033 02       		.uleb128 0x2
 364 0034 02       		.byte	0x2
ARM GAS  C:\Users\VIKTOR~1\AppData\Local\Temp\ccHYAeOw.s 			page 14


 365 0035 05       		.byte	0x5
 366 0036 81020000 		.4byte	.LASF2
 367 003a 02       		.uleb128 0x2
 368 003b 02       		.byte	0x2
 369 003c 07       		.byte	0x7
 370 003d 1E000000 		.4byte	.LASF3
 371 0041 02       		.uleb128 0x2
 372 0042 04       		.byte	0x4
 373 0043 05       		.byte	0x5
 374 0044 9E020000 		.4byte	.LASF4
 375 0048 02       		.uleb128 0x2
 376 0049 04       		.byte	0x4
 377 004a 07       		.byte	0x7
 378 004b E8000000 		.4byte	.LASF5
 379 004f 02       		.uleb128 0x2
 380 0050 08       		.byte	0x8
 381 0051 05       		.byte	0x5
 382 0052 42020000 		.4byte	.LASF6
 383 0056 02       		.uleb128 0x2
 384 0057 08       		.byte	0x8
 385 0058 07       		.byte	0x7
 386 0059 B8000000 		.4byte	.LASF7
 387 005d 03       		.uleb128 0x3
 388 005e 04       		.byte	0x4
 389 005f 05       		.byte	0x5
 390 0060 696E7400 		.ascii	"int\000"
 391 0064 02       		.uleb128 0x2
 392 0065 04       		.byte	0x4
 393 0066 07       		.byte	0x7
 394 0067 77010000 		.4byte	.LASF8
 395 006b 04       		.uleb128 0x4
 396 006c FA000000 		.4byte	.LASF9
 397 0070 02       		.byte	0x2
 398 0071 F701     		.2byte	0x1f7
 399 0073 2C000000 		.4byte	0x2c
 400 0077 04       		.uleb128 0x4
 401 0078 5B010000 		.4byte	.LASF10
 402 007c 02       		.byte	0x2
 403 007d FA01     		.2byte	0x1fa
 404 007f 25000000 		.4byte	0x25
 405 0083 04       		.uleb128 0x4
 406 0084 E2000000 		.4byte	.LASF11
 407 0088 02       		.byte	0x2
 408 0089 FB01     		.2byte	0x1fb
 409 008b 33000000 		.4byte	0x33
 410 008f 02       		.uleb128 0x2
 411 0090 04       		.byte	0x4
 412 0091 04       		.byte	0x4
 413 0092 B2000000 		.4byte	.LASF12
 414 0096 02       		.uleb128 0x2
 415 0097 08       		.byte	0x8
 416 0098 04       		.byte	0x4
 417 0099 41010000 		.4byte	.LASF13
 418 009d 02       		.uleb128 0x2
 419 009e 01       		.byte	0x1
 420 009f 08       		.byte	0x8
 421 00a0 A7020000 		.4byte	.LASF14
ARM GAS  C:\Users\VIKTOR~1\AppData\Local\Temp\ccHYAeOw.s 			page 15


 422 00a4 04       		.uleb128 0x4
 423 00a5 DD000000 		.4byte	.LASF15
 424 00a9 02       		.byte	0x2
 425 00aa A102     		.2byte	0x2a1
 426 00ac B0000000 		.4byte	0xb0
 427 00b0 05       		.uleb128 0x5
 428 00b1 6B000000 		.4byte	0x6b
 429 00b5 02       		.uleb128 0x2
 430 00b6 08       		.byte	0x8
 431 00b7 04       		.byte	0x4
 432 00b8 AC020000 		.4byte	.LASF16
 433 00bc 02       		.uleb128 0x2
 434 00bd 04       		.byte	0x4
 435 00be 07       		.byte	0x7
 436 00bf 28020000 		.4byte	.LASF17
 437 00c3 06       		.uleb128 0x6
 438 00c4 C4020000 		.4byte	.LASF39
 439 00c8 01       		.byte	0x1
 440 00c9 2A       		.byte	0x2a
 441 00ca 00000000 		.4byte	.LFB1
 442 00ce 02000000 		.4byte	.LFE1-.LFB1
 443 00d2 01       		.uleb128 0x1
 444 00d3 9C       		.byte	0x9c
 445 00d4 07       		.uleb128 0x7
 446 00d5 D1020000 		.4byte	.LASF21
 447 00d9 01       		.byte	0x1
 448 00da 9D       		.byte	0x9d
 449 00db 00000000 		.4byte	.LFB4
 450 00df 20000000 		.4byte	.LFE4-.LFB4
 451 00e3 01       		.uleb128 0x1
 452 00e4 9C       		.byte	0x9c
 453 00e5 14010000 		.4byte	0x114
 454 00e9 08       		.uleb128 0x8
 455 00ea 31020000 		.4byte	.LASF18
 456 00ee 01       		.byte	0x1
 457 00ef 9F       		.byte	0x9f
 458 00f0 6B000000 		.4byte	0x6b
 459 00f4 00000000 		.4byte	.LLST0
 460 00f8 09       		.uleb128 0x9
 461 00f9 06000000 		.4byte	.LVL0
 462 00fd 84020000 		.4byte	0x284
 463 0101 09       		.uleb128 0x9
 464 0102 0A000000 		.4byte	.LVL1
 465 0106 8F020000 		.4byte	0x28f
 466 010a 09       		.uleb128 0x9
 467 010b 18000000 		.4byte	.LVL2
 468 010f 9A020000 		.4byte	0x29a
 469 0113 00       		.byte	0
 470 0114 0A       		.uleb128 0xa
 471 0115 48010000 		.4byte	.LASF40
 472 0119 01       		.byte	0x1
 473 011a CA       		.byte	0xca
 474 011b 77000000 		.4byte	0x77
 475 011f 00000000 		.4byte	.LFB5
 476 0123 0C000000 		.4byte	.LFE5-.LFB5
 477 0127 01       		.uleb128 0x1
 478 0128 9C       		.byte	0x9c
ARM GAS  C:\Users\VIKTOR~1\AppData\Local\Temp\ccHYAeOw.s 			page 16


 479 0129 53010000 		.4byte	0x153
 480 012d 0B       		.uleb128 0xb
 481 012e 18000000 		.4byte	.LASF19
 482 0132 01       		.byte	0x1
 483 0133 CC       		.byte	0xcc
 484 0134 77000000 		.4byte	0x77
 485 0138 01       		.uleb128 0x1
 486 0139 50       		.byte	0x50
 487 013a 08       		.uleb128 0x8
 488 013b 3A010000 		.4byte	.LASF20
 489 013f 01       		.byte	0x1
 490 0140 CD       		.byte	0xcd
 491 0141 6B000000 		.4byte	0x6b
 492 0145 13000000 		.4byte	.LLST1
 493 0149 09       		.uleb128 0x9
 494 014a 06000000 		.4byte	.LVL3
 495 014e A5020000 		.4byte	0x2a5
 496 0152 00       		.byte	0
 497 0153 0C       		.uleb128 0xc
 498 0154 8B020000 		.4byte	.LASF22
 499 0158 01       		.byte	0x1
 500 0159 0201     		.2byte	0x102
 501 015b 00000000 		.4byte	.LFB6
 502 015f 18000000 		.4byte	.LFE6-.LFB6
 503 0163 01       		.uleb128 0x1
 504 0164 9C       		.byte	0x9c
 505 0165 93010000 		.4byte	0x193
 506 0169 0D       		.uleb128 0xd
 507 016a 12000000 		.4byte	.LASF24
 508 016e 01       		.byte	0x1
 509 016f 0201     		.2byte	0x102
 510 0171 77000000 		.4byte	0x77
 511 0175 26000000 		.4byte	.LLST2
 512 0179 0E       		.uleb128 0xe
 513 017a 18000000 		.4byte	.LASF19
 514 017e 01       		.byte	0x1
 515 017f 0601     		.2byte	0x106
 516 0181 6B000000 		.4byte	0x6b
 517 0185 6E000000 		.4byte	.LLST3
 518 0189 09       		.uleb128 0x9
 519 018a 16000000 		.4byte	.LVL12
 520 018e B0020000 		.4byte	0x2b0
 521 0192 00       		.byte	0
 522 0193 0F       		.uleb128 0xf
 523 0194 00010000 		.4byte	.LASF28
 524 0198 01       		.byte	0x1
 525 0199 3601     		.2byte	0x136
 526 019b 6B000000 		.4byte	0x6b
 527 019f 00000000 		.4byte	.LFB7
 528 01a3 10000000 		.4byte	.LFE7-.LFB7
 529 01a7 01       		.uleb128 0x1
 530 01a8 9C       		.byte	0x9c
 531 01a9 0C       		.uleb128 0xc
 532 01aa 50020000 		.4byte	.LASF23
 533 01ae 01       		.byte	0x1
 534 01af 4C01     		.2byte	0x14c
 535 01b1 00000000 		.4byte	.LFB8
ARM GAS  C:\Users\VIKTOR~1\AppData\Local\Temp\ccHYAeOw.s 			page 17


 536 01b5 0C000000 		.4byte	.LFE8-.LFB8
 537 01b9 01       		.uleb128 0x1
 538 01ba 9C       		.byte	0x9c
 539 01bb CE010000 		.4byte	0x1ce
 540 01bf 10       		.uleb128 0x10
 541 01c0 69020000 		.4byte	.LASF25
 542 01c4 01       		.byte	0x1
 543 01c5 4C01     		.2byte	0x14c
 544 01c7 6B000000 		.4byte	0x6b
 545 01cb 01       		.uleb128 0x1
 546 01cc 50       		.byte	0x50
 547 01cd 00       		.byte	0
 548 01ce 07       		.uleb128 0x7
 549 01cf A3000000 		.4byte	.LASF26
 550 01d3 01       		.byte	0x1
 551 01d4 46       		.byte	0x46
 552 01d5 00000000 		.4byte	.LFB2
 553 01d9 28000000 		.4byte	.LFE2-.LFB2
 554 01dd 01       		.uleb128 0x1
 555 01de 9C       		.byte	0x9c
 556 01df 21020000 		.4byte	0x221
 557 01e3 08       		.uleb128 0x8
 558 01e4 31020000 		.4byte	.LASF18
 559 01e8 01       		.byte	0x1
 560 01e9 48       		.byte	0x48
 561 01ea 6B000000 		.4byte	0x6b
 562 01ee 8C000000 		.4byte	.LLST4
 563 01f2 11       		.uleb128 0x11
 564 01f3 08000000 		.4byte	.LVL14
 565 01f7 A9010000 		.4byte	0x1a9
 566 01fb 05020000 		.4byte	0x205
 567 01ff 12       		.uleb128 0x12
 568 0200 01       		.uleb128 0x1
 569 0201 50       		.byte	0x50
 570 0202 01       		.uleb128 0x1
 571 0203 3F       		.byte	0x3f
 572 0204 00       		.byte	0
 573 0205 09       		.uleb128 0x9
 574 0206 0C000000 		.4byte	.LVL15
 575 020a 93010000 		.4byte	0x193
 576 020e 09       		.uleb128 0x9
 577 020f 10000000 		.4byte	.LVL16
 578 0213 8F020000 		.4byte	0x28f
 579 0217 09       		.uleb128 0x9
 580 0218 20000000 		.4byte	.LVL17
 581 021c 9A020000 		.4byte	0x29a
 582 0220 00       		.byte	0
 583 0221 07       		.uleb128 0x7
 584 0222 41000000 		.4byte	.LASF27
 585 0226 01       		.byte	0x1
 586 0227 74       		.byte	0x74
 587 0228 00000000 		.4byte	.LFB3
 588 022c 24000000 		.4byte	.LFE3-.LFB3
 589 0230 01       		.uleb128 0x1
 590 0231 9C       		.byte	0x9c
 591 0232 5D020000 		.4byte	0x25d
 592 0236 09       		.uleb128 0x9
ARM GAS  C:\Users\VIKTOR~1\AppData\Local\Temp\ccHYAeOw.s 			page 18


 593 0237 06000000 		.4byte	.LVL18
 594 023b BB020000 		.4byte	0x2bb
 595 023f 11       		.uleb128 0x11
 596 0240 0C000000 		.4byte	.LVL19
 597 0244 B0020000 		.4byte	0x2b0
 598 0248 53020000 		.4byte	0x253
 599 024c 12       		.uleb128 0x12
 600 024d 01       		.uleb128 0x1
 601 024e 50       		.byte	0x50
 602 024f 02       		.uleb128 0x2
 603 0250 09       		.byte	0x9
 604 0251 80       		.byte	0x80
 605 0252 00       		.byte	0
 606 0253 09       		.uleb128 0x9
 607 0254 1E000000 		.4byte	.LVL20
 608 0258 CE010000 		.4byte	0x1ce
 609 025c 00       		.byte	0
 610 025d 0F       		.uleb128 0xf
 611 025e DE020000 		.4byte	.LASF29
 612 0262 01       		.byte	0x1
 613 0263 6801     		.2byte	0x168
 614 0265 6B000000 		.4byte	0x6b
 615 0269 00000000 		.4byte	.LFB9
 616 026d 10000000 		.4byte	.LFE9-.LFB9
 617 0271 01       		.uleb128 0x1
 618 0272 9C       		.byte	0x9c
 619 0273 13       		.uleb128 0x13
 620 0274 31000000 		.4byte	.LASF41
 621 0278 01       		.byte	0x1
 622 0279 19       		.byte	0x19
 623 027a 6B000000 		.4byte	0x6b
 624 027e 05       		.uleb128 0x5
 625 027f 03       		.byte	0x3
 626 0280 00000000 		.4byte	QuadDec_initVar
 627 0284 14       		.uleb128 0x14
 628 0285 00000000 		.4byte	.LASF30
 629 0289 00000000 		.4byte	.LASF30
 630 028d 03       		.byte	0x3
 631 028e 50       		.byte	0x50
 632 028f 14       		.uleb128 0x14
 633 0290 60010000 		.4byte	.LASF31
 634 0294 60010000 		.4byte	.LASF31
 635 0298 04       		.byte	0x4
 636 0299 F8       		.byte	0xf8
 637 029a 14       		.uleb128 0x14
 638 029b 84010000 		.4byte	.LASF32
 639 029f 84010000 		.4byte	.LASF32
 640 02a3 04       		.byte	0x4
 641 02a4 F9       		.byte	0xf9
 642 02a5 14       		.uleb128 0x14
 643 02a6 4F000000 		.4byte	.LASF33
 644 02aa 4F000000 		.4byte	.LASF33
 645 02ae 03       		.byte	0x3
 646 02af 5D       		.byte	0x5d
 647 02b0 14       		.uleb128 0x14
 648 02b1 89000000 		.4byte	.LASF34
 649 02b5 89000000 		.4byte	.LASF34
ARM GAS  C:\Users\VIKTOR~1\AppData\Local\Temp\ccHYAeOw.s 			page 19


 650 02b9 03       		.byte	0x3
 651 02ba 5A       		.byte	0x5a
 652 02bb 14       		.uleb128 0x14
 653 02bc 6E020000 		.4byte	.LASF35
 654 02c0 6E020000 		.4byte	.LASF35
 655 02c4 03       		.byte	0x3
 656 02c5 4F       		.byte	0x4f
 657 02c6 00       		.byte	0
 658              		.section	.debug_abbrev,"",%progbits
 659              	.Ldebug_abbrev0:
 660 0000 01       		.uleb128 0x1
 661 0001 11       		.uleb128 0x11
 662 0002 01       		.byte	0x1
 663 0003 25       		.uleb128 0x25
 664 0004 0E       		.uleb128 0xe
 665 0005 13       		.uleb128 0x13
 666 0006 0B       		.uleb128 0xb
 667 0007 03       		.uleb128 0x3
 668 0008 0E       		.uleb128 0xe
 669 0009 1B       		.uleb128 0x1b
 670 000a 0E       		.uleb128 0xe
 671 000b 55       		.uleb128 0x55
 672 000c 17       		.uleb128 0x17
 673 000d 11       		.uleb128 0x11
 674 000e 01       		.uleb128 0x1
 675 000f 10       		.uleb128 0x10
 676 0010 17       		.uleb128 0x17
 677 0011 00       		.byte	0
 678 0012 00       		.byte	0
 679 0013 02       		.uleb128 0x2
 680 0014 24       		.uleb128 0x24
 681 0015 00       		.byte	0
 682 0016 0B       		.uleb128 0xb
 683 0017 0B       		.uleb128 0xb
 684 0018 3E       		.uleb128 0x3e
 685 0019 0B       		.uleb128 0xb
 686 001a 03       		.uleb128 0x3
 687 001b 0E       		.uleb128 0xe
 688 001c 00       		.byte	0
 689 001d 00       		.byte	0
 690 001e 03       		.uleb128 0x3
 691 001f 24       		.uleb128 0x24
 692 0020 00       		.byte	0
 693 0021 0B       		.uleb128 0xb
 694 0022 0B       		.uleb128 0xb
 695 0023 3E       		.uleb128 0x3e
 696 0024 0B       		.uleb128 0xb
 697 0025 03       		.uleb128 0x3
 698 0026 08       		.uleb128 0x8
 699 0027 00       		.byte	0
 700 0028 00       		.byte	0
 701 0029 04       		.uleb128 0x4
 702 002a 16       		.uleb128 0x16
 703 002b 00       		.byte	0
 704 002c 03       		.uleb128 0x3
 705 002d 0E       		.uleb128 0xe
 706 002e 3A       		.uleb128 0x3a
ARM GAS  C:\Users\VIKTOR~1\AppData\Local\Temp\ccHYAeOw.s 			page 20


 707 002f 0B       		.uleb128 0xb
 708 0030 3B       		.uleb128 0x3b
 709 0031 05       		.uleb128 0x5
 710 0032 49       		.uleb128 0x49
 711 0033 13       		.uleb128 0x13
 712 0034 00       		.byte	0
 713 0035 00       		.byte	0
 714 0036 05       		.uleb128 0x5
 715 0037 35       		.uleb128 0x35
 716 0038 00       		.byte	0
 717 0039 49       		.uleb128 0x49
 718 003a 13       		.uleb128 0x13
 719 003b 00       		.byte	0
 720 003c 00       		.byte	0
 721 003d 06       		.uleb128 0x6
 722 003e 2E       		.uleb128 0x2e
 723 003f 00       		.byte	0
 724 0040 3F       		.uleb128 0x3f
 725 0041 19       		.uleb128 0x19
 726 0042 03       		.uleb128 0x3
 727 0043 0E       		.uleb128 0xe
 728 0044 3A       		.uleb128 0x3a
 729 0045 0B       		.uleb128 0xb
 730 0046 3B       		.uleb128 0x3b
 731 0047 0B       		.uleb128 0xb
 732 0048 27       		.uleb128 0x27
 733 0049 19       		.uleb128 0x19
 734 004a 11       		.uleb128 0x11
 735 004b 01       		.uleb128 0x1
 736 004c 12       		.uleb128 0x12
 737 004d 06       		.uleb128 0x6
 738 004e 40       		.uleb128 0x40
 739 004f 18       		.uleb128 0x18
 740 0050 9742     		.uleb128 0x2117
 741 0052 19       		.uleb128 0x19
 742 0053 00       		.byte	0
 743 0054 00       		.byte	0
 744 0055 07       		.uleb128 0x7
 745 0056 2E       		.uleb128 0x2e
 746 0057 01       		.byte	0x1
 747 0058 3F       		.uleb128 0x3f
 748 0059 19       		.uleb128 0x19
 749 005a 03       		.uleb128 0x3
 750 005b 0E       		.uleb128 0xe
 751 005c 3A       		.uleb128 0x3a
 752 005d 0B       		.uleb128 0xb
 753 005e 3B       		.uleb128 0x3b
 754 005f 0B       		.uleb128 0xb
 755 0060 27       		.uleb128 0x27
 756 0061 19       		.uleb128 0x19
 757 0062 11       		.uleb128 0x11
 758 0063 01       		.uleb128 0x1
 759 0064 12       		.uleb128 0x12
 760 0065 06       		.uleb128 0x6
 761 0066 40       		.uleb128 0x40
 762 0067 18       		.uleb128 0x18
 763 0068 9742     		.uleb128 0x2117
ARM GAS  C:\Users\VIKTOR~1\AppData\Local\Temp\ccHYAeOw.s 			page 21


 764 006a 19       		.uleb128 0x19
 765 006b 01       		.uleb128 0x1
 766 006c 13       		.uleb128 0x13
 767 006d 00       		.byte	0
 768 006e 00       		.byte	0
 769 006f 08       		.uleb128 0x8
 770 0070 34       		.uleb128 0x34
 771 0071 00       		.byte	0
 772 0072 03       		.uleb128 0x3
 773 0073 0E       		.uleb128 0xe
 774 0074 3A       		.uleb128 0x3a
 775 0075 0B       		.uleb128 0xb
 776 0076 3B       		.uleb128 0x3b
 777 0077 0B       		.uleb128 0xb
 778 0078 49       		.uleb128 0x49
 779 0079 13       		.uleb128 0x13
 780 007a 02       		.uleb128 0x2
 781 007b 17       		.uleb128 0x17
 782 007c 00       		.byte	0
 783 007d 00       		.byte	0
 784 007e 09       		.uleb128 0x9
 785 007f 898201   		.uleb128 0x4109
 786 0082 00       		.byte	0
 787 0083 11       		.uleb128 0x11
 788 0084 01       		.uleb128 0x1
 789 0085 31       		.uleb128 0x31
 790 0086 13       		.uleb128 0x13
 791 0087 00       		.byte	0
 792 0088 00       		.byte	0
 793 0089 0A       		.uleb128 0xa
 794 008a 2E       		.uleb128 0x2e
 795 008b 01       		.byte	0x1
 796 008c 3F       		.uleb128 0x3f
 797 008d 19       		.uleb128 0x19
 798 008e 03       		.uleb128 0x3
 799 008f 0E       		.uleb128 0xe
 800 0090 3A       		.uleb128 0x3a
 801 0091 0B       		.uleb128 0xb
 802 0092 3B       		.uleb128 0x3b
 803 0093 0B       		.uleb128 0xb
 804 0094 27       		.uleb128 0x27
 805 0095 19       		.uleb128 0x19
 806 0096 49       		.uleb128 0x49
 807 0097 13       		.uleb128 0x13
 808 0098 11       		.uleb128 0x11
 809 0099 01       		.uleb128 0x1
 810 009a 12       		.uleb128 0x12
 811 009b 06       		.uleb128 0x6
 812 009c 40       		.uleb128 0x40
 813 009d 18       		.uleb128 0x18
 814 009e 9742     		.uleb128 0x2117
 815 00a0 19       		.uleb128 0x19
 816 00a1 01       		.uleb128 0x1
 817 00a2 13       		.uleb128 0x13
 818 00a3 00       		.byte	0
 819 00a4 00       		.byte	0
 820 00a5 0B       		.uleb128 0xb
ARM GAS  C:\Users\VIKTOR~1\AppData\Local\Temp\ccHYAeOw.s 			page 22


 821 00a6 34       		.uleb128 0x34
 822 00a7 00       		.byte	0
 823 00a8 03       		.uleb128 0x3
 824 00a9 0E       		.uleb128 0xe
 825 00aa 3A       		.uleb128 0x3a
 826 00ab 0B       		.uleb128 0xb
 827 00ac 3B       		.uleb128 0x3b
 828 00ad 0B       		.uleb128 0xb
 829 00ae 49       		.uleb128 0x49
 830 00af 13       		.uleb128 0x13
 831 00b0 02       		.uleb128 0x2
 832 00b1 18       		.uleb128 0x18
 833 00b2 00       		.byte	0
 834 00b3 00       		.byte	0
 835 00b4 0C       		.uleb128 0xc
 836 00b5 2E       		.uleb128 0x2e
 837 00b6 01       		.byte	0x1
 838 00b7 3F       		.uleb128 0x3f
 839 00b8 19       		.uleb128 0x19
 840 00b9 03       		.uleb128 0x3
 841 00ba 0E       		.uleb128 0xe
 842 00bb 3A       		.uleb128 0x3a
 843 00bc 0B       		.uleb128 0xb
 844 00bd 3B       		.uleb128 0x3b
 845 00be 05       		.uleb128 0x5
 846 00bf 27       		.uleb128 0x27
 847 00c0 19       		.uleb128 0x19
 848 00c1 11       		.uleb128 0x11
 849 00c2 01       		.uleb128 0x1
 850 00c3 12       		.uleb128 0x12
 851 00c4 06       		.uleb128 0x6
 852 00c5 40       		.uleb128 0x40
 853 00c6 18       		.uleb128 0x18
 854 00c7 9742     		.uleb128 0x2117
 855 00c9 19       		.uleb128 0x19
 856 00ca 01       		.uleb128 0x1
 857 00cb 13       		.uleb128 0x13
 858 00cc 00       		.byte	0
 859 00cd 00       		.byte	0
 860 00ce 0D       		.uleb128 0xd
 861 00cf 05       		.uleb128 0x5
 862 00d0 00       		.byte	0
 863 00d1 03       		.uleb128 0x3
 864 00d2 0E       		.uleb128 0xe
 865 00d3 3A       		.uleb128 0x3a
 866 00d4 0B       		.uleb128 0xb
 867 00d5 3B       		.uleb128 0x3b
 868 00d6 05       		.uleb128 0x5
 869 00d7 49       		.uleb128 0x49
 870 00d8 13       		.uleb128 0x13
 871 00d9 02       		.uleb128 0x2
 872 00da 17       		.uleb128 0x17
 873 00db 00       		.byte	0
 874 00dc 00       		.byte	0
 875 00dd 0E       		.uleb128 0xe
 876 00de 34       		.uleb128 0x34
 877 00df 00       		.byte	0
ARM GAS  C:\Users\VIKTOR~1\AppData\Local\Temp\ccHYAeOw.s 			page 23


 878 00e0 03       		.uleb128 0x3
 879 00e1 0E       		.uleb128 0xe
 880 00e2 3A       		.uleb128 0x3a
 881 00e3 0B       		.uleb128 0xb
 882 00e4 3B       		.uleb128 0x3b
 883 00e5 05       		.uleb128 0x5
 884 00e6 49       		.uleb128 0x49
 885 00e7 13       		.uleb128 0x13
 886 00e8 02       		.uleb128 0x2
 887 00e9 17       		.uleb128 0x17
 888 00ea 00       		.byte	0
 889 00eb 00       		.byte	0
 890 00ec 0F       		.uleb128 0xf
 891 00ed 2E       		.uleb128 0x2e
 892 00ee 00       		.byte	0
 893 00ef 3F       		.uleb128 0x3f
 894 00f0 19       		.uleb128 0x19
 895 00f1 03       		.uleb128 0x3
 896 00f2 0E       		.uleb128 0xe
 897 00f3 3A       		.uleb128 0x3a
 898 00f4 0B       		.uleb128 0xb
 899 00f5 3B       		.uleb128 0x3b
 900 00f6 05       		.uleb128 0x5
 901 00f7 27       		.uleb128 0x27
 902 00f8 19       		.uleb128 0x19
 903 00f9 49       		.uleb128 0x49
 904 00fa 13       		.uleb128 0x13
 905 00fb 11       		.uleb128 0x11
 906 00fc 01       		.uleb128 0x1
 907 00fd 12       		.uleb128 0x12
 908 00fe 06       		.uleb128 0x6
 909 00ff 40       		.uleb128 0x40
 910 0100 18       		.uleb128 0x18
 911 0101 9742     		.uleb128 0x2117
 912 0103 19       		.uleb128 0x19
 913 0104 00       		.byte	0
 914 0105 00       		.byte	0
 915 0106 10       		.uleb128 0x10
 916 0107 05       		.uleb128 0x5
 917 0108 00       		.byte	0
 918 0109 03       		.uleb128 0x3
 919 010a 0E       		.uleb128 0xe
 920 010b 3A       		.uleb128 0x3a
 921 010c 0B       		.uleb128 0xb
 922 010d 3B       		.uleb128 0x3b
 923 010e 05       		.uleb128 0x5
 924 010f 49       		.uleb128 0x49
 925 0110 13       		.uleb128 0x13
 926 0111 02       		.uleb128 0x2
 927 0112 18       		.uleb128 0x18
 928 0113 00       		.byte	0
 929 0114 00       		.byte	0
 930 0115 11       		.uleb128 0x11
 931 0116 898201   		.uleb128 0x4109
 932 0119 01       		.byte	0x1
 933 011a 11       		.uleb128 0x11
 934 011b 01       		.uleb128 0x1
ARM GAS  C:\Users\VIKTOR~1\AppData\Local\Temp\ccHYAeOw.s 			page 24


 935 011c 31       		.uleb128 0x31
 936 011d 13       		.uleb128 0x13
 937 011e 01       		.uleb128 0x1
 938 011f 13       		.uleb128 0x13
 939 0120 00       		.byte	0
 940 0121 00       		.byte	0
 941 0122 12       		.uleb128 0x12
 942 0123 8A8201   		.uleb128 0x410a
 943 0126 00       		.byte	0
 944 0127 02       		.uleb128 0x2
 945 0128 18       		.uleb128 0x18
 946 0129 9142     		.uleb128 0x2111
 947 012b 18       		.uleb128 0x18
 948 012c 00       		.byte	0
 949 012d 00       		.byte	0
 950 012e 13       		.uleb128 0x13
 951 012f 34       		.uleb128 0x34
 952 0130 00       		.byte	0
 953 0131 03       		.uleb128 0x3
 954 0132 0E       		.uleb128 0xe
 955 0133 3A       		.uleb128 0x3a
 956 0134 0B       		.uleb128 0xb
 957 0135 3B       		.uleb128 0x3b
 958 0136 0B       		.uleb128 0xb
 959 0137 49       		.uleb128 0x49
 960 0138 13       		.uleb128 0x13
 961 0139 3F       		.uleb128 0x3f
 962 013a 19       		.uleb128 0x19
 963 013b 02       		.uleb128 0x2
 964 013c 18       		.uleb128 0x18
 965 013d 00       		.byte	0
 966 013e 00       		.byte	0
 967 013f 14       		.uleb128 0x14
 968 0140 2E       		.uleb128 0x2e
 969 0141 00       		.byte	0
 970 0142 3F       		.uleb128 0x3f
 971 0143 19       		.uleb128 0x19
 972 0144 3C       		.uleb128 0x3c
 973 0145 19       		.uleb128 0x19
 974 0146 6E       		.uleb128 0x6e
 975 0147 0E       		.uleb128 0xe
 976 0148 03       		.uleb128 0x3
 977 0149 0E       		.uleb128 0xe
 978 014a 3A       		.uleb128 0x3a
 979 014b 0B       		.uleb128 0xb
 980 014c 3B       		.uleb128 0x3b
 981 014d 0B       		.uleb128 0xb
 982 014e 00       		.byte	0
 983 014f 00       		.byte	0
 984 0150 00       		.byte	0
 985              		.section	.debug_loc,"",%progbits
 986              	.Ldebug_loc0:
 987              	.LLST0:
 988 0000 0A000000 		.4byte	.LVL1
 989 0004 17000000 		.4byte	.LVL2-1
 990 0008 0100     		.2byte	0x1
 991 000a 50       		.byte	0x50
ARM GAS  C:\Users\VIKTOR~1\AppData\Local\Temp\ccHYAeOw.s 			page 25


 992 000b 00000000 		.4byte	0
 993 000f 00000000 		.4byte	0
 994              	.LLST1:
 995 0013 06000000 		.4byte	.LVL3
 996 0017 08000000 		.4byte	.LVL4
 997 001b 0100     		.2byte	0x1
 998 001d 50       		.byte	0x50
 999 001e 00000000 		.4byte	0
 1000 0022 00000000 		.4byte	0
 1001              	.LLST2:
 1002 0026 00000000 		.4byte	.LVL6
 1003 002a 0A000000 		.4byte	.LVL7
 1004 002e 0100     		.2byte	0x1
 1005 0030 50       		.byte	0x50
 1006 0031 0A000000 		.4byte	.LVL7
 1007 0035 0C000000 		.4byte	.LVL8
 1008 0039 0400     		.2byte	0x4
 1009 003b 70       		.byte	0x70
 1010 003c 8001     		.sleb128 128
 1011 003e 9F       		.byte	0x9f
 1012 003f 0C000000 		.4byte	.LVL8
 1013 0043 0E000000 		.4byte	.LVL9
 1014 0047 0400     		.2byte	0x4
 1015 0049 F3       		.byte	0xf3
 1016 004a 01       		.uleb128 0x1
 1017 004b 50       		.byte	0x50
 1018 004c 9F       		.byte	0x9f
 1019 004d 0E000000 		.4byte	.LVL9
 1020 0051 10000000 		.4byte	.LVL10
 1021 0055 0100     		.2byte	0x1
 1022 0057 50       		.byte	0x50
 1023 0058 10000000 		.4byte	.LVL10
 1024 005c 18000000 		.4byte	.LFE6
 1025 0060 0400     		.2byte	0x4
 1026 0062 F3       		.byte	0xf3
 1027 0063 01       		.uleb128 0x1
 1028 0064 50       		.byte	0x50
 1029 0065 9F       		.byte	0x9f
 1030 0066 00000000 		.4byte	0
 1031 006a 00000000 		.4byte	0
 1032              	.LLST3:
 1033 006e 0C000000 		.4byte	.LVL8
 1034 0072 0E000000 		.4byte	.LVL9
 1035 0076 0100     		.2byte	0x1
 1036 0078 50       		.byte	0x50
 1037 0079 12000000 		.4byte	.LVL11
 1038 007d 15000000 		.4byte	.LVL12-1
 1039 0081 0100     		.2byte	0x1
 1040 0083 50       		.byte	0x50
 1041 0084 00000000 		.4byte	0
 1042 0088 00000000 		.4byte	0
 1043              	.LLST4:
 1044 008c 10000000 		.4byte	.LVL16
 1045 0090 1F000000 		.4byte	.LVL17-1
 1046 0094 0100     		.2byte	0x1
 1047 0096 50       		.byte	0x50
 1048 0097 00000000 		.4byte	0
ARM GAS  C:\Users\VIKTOR~1\AppData\Local\Temp\ccHYAeOw.s 			page 26


 1049 009b 00000000 		.4byte	0
 1050              		.section	.debug_aranges,"",%progbits
 1051 0000 5C000000 		.4byte	0x5c
 1052 0004 0200     		.2byte	0x2
 1053 0006 00000000 		.4byte	.Ldebug_info0
 1054 000a 04       		.byte	0x4
 1055 000b 00       		.byte	0
 1056 000c 0000     		.2byte	0
 1057 000e 0000     		.2byte	0
 1058 0010 00000000 		.4byte	.LFB1
 1059 0014 02000000 		.4byte	.LFE1-.LFB1
 1060 0018 00000000 		.4byte	.LFB4
 1061 001c 20000000 		.4byte	.LFE4-.LFB4
 1062 0020 00000000 		.4byte	.LFB5
 1063 0024 0C000000 		.4byte	.LFE5-.LFB5
 1064 0028 00000000 		.4byte	.LFB6
 1065 002c 18000000 		.4byte	.LFE6-.LFB6
 1066 0030 00000000 		.4byte	.LFB7
 1067 0034 10000000 		.4byte	.LFE7-.LFB7
 1068 0038 00000000 		.4byte	.LFB8
 1069 003c 0C000000 		.4byte	.LFE8-.LFB8
 1070 0040 00000000 		.4byte	.LFB2
 1071 0044 28000000 		.4byte	.LFE2-.LFB2
 1072 0048 00000000 		.4byte	.LFB3
 1073 004c 24000000 		.4byte	.LFE3-.LFB3
 1074 0050 00000000 		.4byte	.LFB9
 1075 0054 10000000 		.4byte	.LFE9-.LFB9
 1076 0058 00000000 		.4byte	0
 1077 005c 00000000 		.4byte	0
 1078              		.section	.debug_ranges,"",%progbits
 1079              	.Ldebug_ranges0:
 1080 0000 00000000 		.4byte	.LFB1
 1081 0004 02000000 		.4byte	.LFE1
 1082 0008 00000000 		.4byte	.LFB4
 1083 000c 20000000 		.4byte	.LFE4
 1084 0010 00000000 		.4byte	.LFB5
 1085 0014 0C000000 		.4byte	.LFE5
 1086 0018 00000000 		.4byte	.LFB6
 1087 001c 18000000 		.4byte	.LFE6
 1088 0020 00000000 		.4byte	.LFB7
 1089 0024 10000000 		.4byte	.LFE7
 1090 0028 00000000 		.4byte	.LFB8
 1091 002c 0C000000 		.4byte	.LFE8
 1092 0030 00000000 		.4byte	.LFB2
 1093 0034 28000000 		.4byte	.LFE2
 1094 0038 00000000 		.4byte	.LFB3
 1095 003c 24000000 		.4byte	.LFE3
 1096 0040 00000000 		.4byte	.LFB9
 1097 0044 10000000 		.4byte	.LFE9
 1098 0048 00000000 		.4byte	0
 1099 004c 00000000 		.4byte	0
 1100              		.section	.debug_line,"",%progbits
 1101              	.Ldebug_line0:
 1102 0000 1E010000 		.section	.debug_str,"MS",%progbits,1
 1102      02006100 
 1102      00000201 
 1102      FB0E0D00 
ARM GAS  C:\Users\VIKTOR~1\AppData\Local\Temp\ccHYAeOw.s 			page 27


 1102      01010101 
 1103              	.LASF30:
 1104 0000 51756164 		.ascii	"QuadDec_Cnt8_Stop\000"
 1104      4465635F 
 1104      436E7438 
 1104      5F53746F 
 1104      7000
 1105              	.LASF24:
 1106 0012 76616C75 		.ascii	"value\000"
 1106      6500
 1107              	.LASF19:
 1108 0018 636F756E 		.ascii	"count\000"
 1108      7400
 1109              	.LASF3:
 1110 001e 73686F72 		.ascii	"short unsigned int\000"
 1110      7420756E 
 1110      7369676E 
 1110      65642069 
 1110      6E7400
 1111              	.LASF41:
 1112 0031 51756164 		.ascii	"QuadDec_initVar\000"
 1112      4465635F 
 1112      696E6974 
 1112      56617200 
 1113              	.LASF27:
 1114 0041 51756164 		.ascii	"QuadDec_Start\000"
 1114      4465635F 
 1114      53746172 
 1114      7400
 1115              	.LASF33:
 1116 004f 51756164 		.ascii	"QuadDec_Cnt8_ReadCounter\000"
 1116      4465635F 
 1116      436E7438 
 1116      5F526561 
 1116      64436F75 
 1117              	.LASF37:
 1118 0068 47656E65 		.ascii	"Generated_Source\\PSoC4\\QuadDec.c\000"
 1118      72617465 
 1118      645F536F 
 1118      75726365 
 1118      5C50536F 
 1119              	.LASF34:
 1120 0089 51756164 		.ascii	"QuadDec_Cnt8_WriteCounter\000"
 1120      4465635F 
 1120      436E7438 
 1120      5F577269 
 1120      7465436F 
 1121              	.LASF26:
 1122 00a3 51756164 		.ascii	"QuadDec_Enable\000"
 1122      4465635F 
 1122      456E6162 
 1122      6C6500
 1123              	.LASF12:
 1124 00b2 666C6F61 		.ascii	"float\000"
 1124      7400
 1125              	.LASF7:
 1126 00b8 6C6F6E67 		.ascii	"long long unsigned int\000"
ARM GAS  C:\Users\VIKTOR~1\AppData\Local\Temp\ccHYAeOw.s 			page 28


 1126      206C6F6E 
 1126      6720756E 
 1126      7369676E 
 1126      65642069 
 1127              	.LASF1:
 1128 00cf 756E7369 		.ascii	"unsigned char\000"
 1128      676E6564 
 1128      20636861 
 1128      7200
 1129              	.LASF15:
 1130 00dd 72656738 		.ascii	"reg8\000"
 1130      00
 1131              	.LASF11:
 1132 00e2 696E7431 		.ascii	"int16\000"
 1132      3600
 1133              	.LASF5:
 1134 00e8 6C6F6E67 		.ascii	"long unsigned int\000"
 1134      20756E73 
 1134      69676E65 
 1134      6420696E 
 1134      7400
 1135              	.LASF9:
 1136 00fa 75696E74 		.ascii	"uint8\000"
 1136      3800
 1137              	.LASF28:
 1138 0100 51756164 		.ascii	"QuadDec_GetEvents\000"
 1138      4465635F 
 1138      47657445 
 1138      76656E74 
 1138      7300
 1139              	.LASF38:
 1140 0112 443A5C70 		.ascii	"D:\\projects\\psoc\\Workspace01\\Lab3.cydsn\000"
 1140      726F6A65 
 1140      6374735C 
 1140      70736F63 
 1140      5C576F72 
 1141              	.LASF20:
 1142 013a 746D7043 		.ascii	"tmpCnt\000"
 1142      6E7400
 1143              	.LASF13:
 1144 0141 646F7562 		.ascii	"double\000"
 1144      6C6500
 1145              	.LASF40:
 1146 0148 51756164 		.ascii	"QuadDec_GetCounter\000"
 1146      4465635F 
 1146      47657443 
 1146      6F756E74 
 1146      657200
 1147              	.LASF10:
 1148 015b 696E7438 		.ascii	"int8\000"
 1148      00
 1149              	.LASF31:
 1150 0160 4379456E 		.ascii	"CyEnterCriticalSection\000"
 1150      74657243 
 1150      72697469 
 1150      63616C53 
 1150      65637469 
ARM GAS  C:\Users\VIKTOR~1\AppData\Local\Temp\ccHYAeOw.s 			page 29


 1151              	.LASF8:
 1152 0177 756E7369 		.ascii	"unsigned int\000"
 1152      676E6564 
 1152      20696E74 
 1152      00
 1153              	.LASF32:
 1154 0184 43794578 		.ascii	"CyExitCriticalSection\000"
 1154      69744372 
 1154      69746963 
 1154      616C5365 
 1154      6374696F 
 1155              	.LASF36:
 1156 019a 474E5520 		.ascii	"GNU C11 5.4.1 20160609 (release) [ARM/embedded-5-br"
 1156      43313120 
 1156      352E342E 
 1156      31203230 
 1156      31363036 
 1157 01cd 616E6368 		.ascii	"anch revision 237715] -mcpu=cortex-m0 -mthumb -g -O"
 1157      20726576 
 1157      6973696F 
 1157      6E203233 
 1157      37373135 
 1158 0200 67202D66 		.ascii	"g -ffunction-sections -ffat-lto-objects\000"
 1158      66756E63 
 1158      74696F6E 
 1158      2D736563 
 1158      74696F6E 
 1159              	.LASF17:
 1160 0228 73697A65 		.ascii	"sizetype\000"
 1160      74797065 
 1160      00
 1161              	.LASF18:
 1162 0231 656E6162 		.ascii	"enableInterrupts\000"
 1162      6C65496E 
 1162      74657272 
 1162      75707473 
 1162      00
 1163              	.LASF6:
 1164 0242 6C6F6E67 		.ascii	"long long int\000"
 1164      206C6F6E 
 1164      6720696E 
 1164      7400
 1165              	.LASF23:
 1166 0250 51756164 		.ascii	"QuadDec_SetInterruptMask\000"
 1166      4465635F 
 1166      53657449 
 1166      6E746572 
 1166      72757074 
 1167              	.LASF25:
 1168 0269 6D61736B 		.ascii	"mask\000"
 1168      00
 1169              	.LASF35:
 1170 026e 51756164 		.ascii	"QuadDec_Cnt8_Start\000"
 1170      4465635F 
 1170      436E7438 
 1170      5F537461 
 1170      727400
ARM GAS  C:\Users\VIKTOR~1\AppData\Local\Temp\ccHYAeOw.s 			page 30


 1171              	.LASF2:
 1172 0281 73686F72 		.ascii	"short int\000"
 1172      7420696E 
 1172      7400
 1173              	.LASF22:
 1174 028b 51756164 		.ascii	"QuadDec_SetCounter\000"
 1174      4465635F 
 1174      53657443 
 1174      6F756E74 
 1174      657200
 1175              	.LASF4:
 1176 029e 6C6F6E67 		.ascii	"long int\000"
 1176      20696E74 
 1176      00
 1177              	.LASF14:
 1178 02a7 63686172 		.ascii	"char\000"
 1178      00
 1179              	.LASF16:
 1180 02ac 6C6F6E67 		.ascii	"long double\000"
 1180      20646F75 
 1180      626C6500 
 1181              	.LASF0:
 1182 02b8 7369676E 		.ascii	"signed char\000"
 1182      65642063 
 1182      68617200 
 1183              	.LASF39:
 1184 02c4 51756164 		.ascii	"QuadDec_Init\000"
 1184      4465635F 
 1184      496E6974 
 1184      00
 1185              	.LASF21:
 1186 02d1 51756164 		.ascii	"QuadDec_Stop\000"
 1186      4465635F 
 1186      53746F70 
 1186      00
 1187              	.LASF29:
 1188 02de 51756164 		.ascii	"QuadDec_GetInterruptMask\000"
 1188      4465635F 
 1188      47657449 
 1188      6E746572 
 1188      72757074 
 1189              		.ident	"GCC: (GNU Tools for ARM Embedded Processors) 5.4.1 20160609 (release) [ARM/embedded-5-bran
